<?xml version="1.0" encoding="UTF-8" ?>
<testsuite tests="999" failures="0" name="testing.romano.testingnumromano.test.RomanoTesting" time="1.163" errors="0" skipped="0">
  <properties>
    <property name="java.runtime.name" value="Java(TM) SE Runtime Environment"/>
    <property name="sun.boot.library.path" value="/usr/java/jdk1.8.0_281-amd64/jre/lib/amd64"/>
    <property name="java.vm.version" value="25.281-b09"/>
    <property name="java.vm.vendor" value="Oracle Corporation"/>
    <property name="maven.multiModuleProjectDirectory" value="/home/cristo/NetBeansProjects/testingNumRomano"/>
    <property name="java.vendor.url" value="http://java.oracle.com/"/>
    <property name="path.separator" value=":"/>
    <property name="guice.disable.misplaced.annotation.check" value="true"/>
    <property name="java.vm.name" value="Java HotSpot(TM) 64-Bit Server VM"/>
    <property name="file.encoding.pkg" value="sun.io"/>
    <property name="user.country" value="CO"/>
    <property name="sun.java.launcher" value="SUN_STANDARD"/>
    <property name="sun.os.patch.level" value="unknown"/>
    <property name="test" value="testing.romano.testingnumromano.test.RomanoTesting"/>
    <property name="java.vm.specification.name" value="Java Virtual Machine Specification"/>
    <property name="user.dir" value="/home/cristo/NetBeansProjects/testingNumRomano"/>
    <property name="java.runtime.version" value="1.8.0_281-b09"/>
    <property name="java.awt.graphicsenv" value="sun.awt.X11GraphicsEnvironment"/>
    <property name="java.endorsed.dirs" value="/usr/java/jdk1.8.0_281-amd64/jre/lib/endorsed"/>
    <property name="os.arch" value="amd64"/>
    <property name="java.io.tmpdir" value="/tmp"/>
    <property name="line.separator" value="
"/>
    <property name="java.vm.specification.vendor" value="Oracle Corporation"/>
    <property name="os.name" value="Linux"/>
    <property name="maven.ext.class.path" value="/home/cristo/netbeans-12.0/netbeans/java/maven-nblib/netbeans-eventspy.jar"/>
    <property name="classworlds.conf" value="/home/cristo/netbeans-12.0/netbeans/java/maven/bin/m2.conf"/>
    <property name="sun.jnu.encoding" value="UTF-8"/>
    <property name="java.library.path" value="/usr/java/packages/lib/amd64:/usr/lib64:/lib64:/lib:/usr/lib"/>
    <property name="maven.conf" value="/home/cristo/netbeans-12.0/netbeans/java/maven/conf"/>
    <property name="java.specification.name" value="Java Platform API Specification"/>
    <property name="java.class.version" value="52.0"/>
    <property name="sun.management.compiler" value="HotSpot 64-Bit Tiered Compilers"/>
    <property name="os.version" value="5.11.18-300.fc34.x86_64"/>
    <property name="library.jansi.path" value="/home/cristo/netbeans-12.0/netbeans/java/maven/lib/jansi-native"/>
    <property name="user.home" value="/home/cristo"/>
    <property name="user.timezone" value="America/Bogota"/>
    <property name="java.awt.printerjob" value="sun.print.PSPrinterJob"/>
    <property name="java.specification.version" value="1.8"/>
    <property name="file.encoding" value="UTF-8"/>
    <property name="user.name" value="cristo"/>
    <property name="java.class.path" value="/home/cristo/netbeans-12.0/netbeans/java/maven/boot/plexus-classworlds-2.6.0.jar"/>
    <property name="java.vm.specification.version" value="1.8"/>
    <property name="sun.arch.data.model" value="64"/>
    <property name="java.home" value="/usr/java/jdk1.8.0_281-amd64/jre"/>
    <property name="sun.java.command" value="org.codehaus.plexus.classworlds.launcher.Launcher -Dtest=testing.romano.testingnumromano.test.RomanoTesting -Dmaven.ext.class.path=/home/cristo/netbeans-12.0/netbeans/java/maven-nblib/netbeans-eventspy.jar surefire:test"/>
    <property name="java.specification.vendor" value="Oracle Corporation"/>
    <property name="user.language" value="es"/>
    <property name="awt.toolkit" value="sun.awt.X11.XToolkit"/>
    <property name="java.vm.info" value="mixed mode"/>
    <property name="java.version" value="1.8.0_281"/>
    <property name="java.ext.dirs" value="/usr/java/jdk1.8.0_281-amd64/jre/lib/ext:/usr/java/packages/lib/ext"/>
    <property name="securerandom.source" value="file:/dev/./urandom"/>
    <property name="sun.boot.class.path" value="/usr/java/jdk1.8.0_281-amd64/jre/lib/resources.jar:/usr/java/jdk1.8.0_281-amd64/jre/lib/rt.jar:/usr/java/jdk1.8.0_281-amd64/jre/lib/sunrsasign.jar:/usr/java/jdk1.8.0_281-amd64/jre/lib/jsse.jar:/usr/java/jdk1.8.0_281-amd64/jre/lib/jce.jar:/usr/java/jdk1.8.0_281-amd64/jre/lib/charsets.jar:/usr/java/jdk1.8.0_281-amd64/jre/lib/jfr.jar:/usr/java/jdk1.8.0_281-amd64/jre/classes"/>
    <property name="java.vendor" value="Oracle Corporation"/>
    <property name="maven.home" value="/home/cristo/netbeans-12.0/netbeans/java/maven"/>
    <property name="file.separator" value="/"/>
    <property name="java.vendor.url.bug" value="http://bugreport.sun.com/bugreport/"/>
    <property name="sun.cpu.endian" value="little"/>
    <property name="sun.io.unicode.encoding" value="UnicodeLittle"/>
    <property name="sun.cpu.isalist" value=""/>
  </properties>
  <testcase classname="[1] numeroNatural=2, numeroRomano=II(testNumerosRomanos(int, String))" name="[1] numeroNatural=2, numeroRomano=II(testNumerosRomanos" time="0.097"/>
  <testcase classname="[2] numeroNatural=3, numeroRomano=III(testNumerosRomanos(int, String))" name="[2] numeroNatural=3, numeroRomano=III(testNumerosRomanos" time="0.003"/>
  <testcase classname="[3] numeroNatural=4, numeroRomano=IV(testNumerosRomanos(int, String))" name="[3] numeroNatural=4, numeroRomano=IV(testNumerosRomanos" time="0.003"/>
  <testcase classname="[4] numeroNatural=5, numeroRomano=V(testNumerosRomanos(int, String))" name="[4] numeroNatural=5, numeroRomano=V(testNumerosRomanos" time="0.003"/>
  <testcase classname="[5] numeroNatural=6, numeroRomano=VI(testNumerosRomanos(int, String))" name="[5] numeroNatural=6, numeroRomano=VI(testNumerosRomanos" time="0.003"/>
  <testcase classname="[6] numeroNatural=7, numeroRomano=VII(testNumerosRomanos(int, String))" name="[6] numeroNatural=7, numeroRomano=VII(testNumerosRomanos" time="0.002"/>
  <testcase classname="[7] numeroNatural=8, numeroRomano=VIII(testNumerosRomanos(int, String))" name="[7] numeroNatural=8, numeroRomano=VIII(testNumerosRomanos" time="0.004"/>
  <testcase classname="[8] numeroNatural=9, numeroRomano=IX(testNumerosRomanos(int, String))" name="[8] numeroNatural=9, numeroRomano=IX(testNumerosRomanos" time="0.002"/>
  <testcase classname="[9] numeroNatural=10, numeroRomano=X(testNumerosRomanos(int, String))" name="[9] numeroNatural=10, numeroRomano=X(testNumerosRomanos" time="0.005"/>
  <testcase classname="[10] numeroNatural=11, numeroRomano=XI(testNumerosRomanos(int, String))" name="[10] numeroNatural=11, numeroRomano=XI(testNumerosRomanos" time="0.001"/>
  <testcase classname="[11] numeroNatural=12, numeroRomano=XII(testNumerosRomanos(int, String))" name="[11] numeroNatural=12, numeroRomano=XII(testNumerosRomanos" time="0.002"/>
  <testcase classname="[12] numeroNatural=13, numeroRomano=XIII(testNumerosRomanos(int, String))" name="[12] numeroNatural=13, numeroRomano=XIII(testNumerosRomanos" time="0.002"/>
  <testcase classname="[13] numeroNatural=14, numeroRomano=XIV(testNumerosRomanos(int, String))" name="[13] numeroNatural=14, numeroRomano=XIV(testNumerosRomanos" time="0.003"/>
  <testcase classname="[14] numeroNatural=15, numeroRomano=XV(testNumerosRomanos(int, String))" name="[14] numeroNatural=15, numeroRomano=XV(testNumerosRomanos" time="0.003"/>
  <testcase classname="[15] numeroNatural=16, numeroRomano=XVI(testNumerosRomanos(int, String))" name="[15] numeroNatural=16, numeroRomano=XVI(testNumerosRomanos" time="0.002"/>
  <testcase classname="[16] numeroNatural=17, numeroRomano=XVII(testNumerosRomanos(int, String))" name="[16] numeroNatural=17, numeroRomano=XVII(testNumerosRomanos" time="0.004"/>
  <testcase classname="[17] numeroNatural=18, numeroRomano=XVIII(testNumerosRomanos(int, String))" name="[17] numeroNatural=18, numeroRomano=XVIII(testNumerosRomanos" time="0"/>
  <testcase classname="[18] numeroNatural=19, numeroRomano=XIX(testNumerosRomanos(int, String))" name="[18] numeroNatural=19, numeroRomano=XIX(testNumerosRomanos" time="0.002"/>
  <testcase classname="[19] numeroNatural=20, numeroRomano=XX(testNumerosRomanos(int, String))" name="[19] numeroNatural=20, numeroRomano=XX(testNumerosRomanos" time="0.002"/>
  <testcase classname="[20] numeroNatural=21, numeroRomano=XXI(testNumerosRomanos(int, String))" name="[20] numeroNatural=21, numeroRomano=XXI(testNumerosRomanos" time="0.002"/>
  <testcase classname="[21] numeroNatural=22, numeroRomano=XXII(testNumerosRomanos(int, String))" name="[21] numeroNatural=22, numeroRomano=XXII(testNumerosRomanos" time="0.002"/>
  <testcase classname="[22] numeroNatural=23, numeroRomano=XXIII(testNumerosRomanos(int, String))" name="[22] numeroNatural=23, numeroRomano=XXIII(testNumerosRomanos" time="0.002"/>
  <testcase classname="[23] numeroNatural=24, numeroRomano=XXIV(testNumerosRomanos(int, String))" name="[23] numeroNatural=24, numeroRomano=XXIV(testNumerosRomanos" time="0"/>
  <testcase classname="[24] numeroNatural=25, numeroRomano=XXV(testNumerosRomanos(int, String))" name="[24] numeroNatural=25, numeroRomano=XXV(testNumerosRomanos" time="0.002"/>
  <testcase classname="[25] numeroNatural=26, numeroRomano=XXVI(testNumerosRomanos(int, String))" name="[25] numeroNatural=26, numeroRomano=XXVI(testNumerosRomanos" time="0.002"/>
  <testcase classname="[26] numeroNatural=27, numeroRomano=XXVII(testNumerosRomanos(int, String))" name="[26] numeroNatural=27, numeroRomano=XXVII(testNumerosRomanos" time="0.002"/>
  <testcase classname="[27] numeroNatural=28, numeroRomano=XXVIII(testNumerosRomanos(int, String))" name="[27] numeroNatural=28, numeroRomano=XXVIII(testNumerosRomanos" time="0.002"/>
  <testcase classname="[28] numeroNatural=29, numeroRomano=XXIX(testNumerosRomanos(int, String))" name="[28] numeroNatural=29, numeroRomano=XXIX(testNumerosRomanos" time="0.002"/>
  <testcase classname="[29] numeroNatural=30, numeroRomano=XXX(testNumerosRomanos(int, String))" name="[29] numeroNatural=30, numeroRomano=XXX(testNumerosRomanos" time="0.001"/>
  <testcase classname="[30] numeroNatural=31, numeroRomano=XXXI(testNumerosRomanos(int, String))" name="[30] numeroNatural=31, numeroRomano=XXXI(testNumerosRomanos" time="0.002"/>
  <testcase classname="[31] numeroNatural=32, numeroRomano=XXXII(testNumerosRomanos(int, String))" name="[31] numeroNatural=32, numeroRomano=XXXII(testNumerosRomanos" time="0.003"/>
  <testcase classname="[32] numeroNatural=33, numeroRomano=XXXIII(testNumerosRomanos(int, String))" name="[32] numeroNatural=33, numeroRomano=XXXIII(testNumerosRomanos" time="0.001"/>
  <testcase classname="[33] numeroNatural=34, numeroRomano=XXXIV(testNumerosRomanos(int, String))" name="[33] numeroNatural=34, numeroRomano=XXXIV(testNumerosRomanos" time="0.001"/>
  <testcase classname="[34] numeroNatural=35, numeroRomano=XXXV(testNumerosRomanos(int, String))" name="[34] numeroNatural=35, numeroRomano=XXXV(testNumerosRomanos" time="0.001"/>
  <testcase classname="[35] numeroNatural=36, numeroRomano=XXXVI(testNumerosRomanos(int, String))" name="[35] numeroNatural=36, numeroRomano=XXXVI(testNumerosRomanos" time="0.002"/>
  <testcase classname="[36] numeroNatural=37, numeroRomano=XXXVII(testNumerosRomanos(int, String))" name="[36] numeroNatural=37, numeroRomano=XXXVII(testNumerosRomanos" time="0.002"/>
  <testcase classname="[37] numeroNatural=38, numeroRomano=XXXVIII(testNumerosRomanos(int, String))" name="[37] numeroNatural=38, numeroRomano=XXXVIII(testNumerosRomanos" time="0.002"/>
  <testcase classname="[38] numeroNatural=39, numeroRomano=XXXIX(testNumerosRomanos(int, String))" name="[38] numeroNatural=39, numeroRomano=XXXIX(testNumerosRomanos" time="0.003"/>
  <testcase classname="[39] numeroNatural=40, numeroRomano=XL(testNumerosRomanos(int, String))" name="[39] numeroNatural=40, numeroRomano=XL(testNumerosRomanos" time="0.002"/>
  <testcase classname="[40] numeroNatural=41, numeroRomano=XLI(testNumerosRomanos(int, String))" name="[40] numeroNatural=41, numeroRomano=XLI(testNumerosRomanos" time="0.002"/>
  <testcase classname="[41] numeroNatural=42, numeroRomano=XLII(testNumerosRomanos(int, String))" name="[41] numeroNatural=42, numeroRomano=XLII(testNumerosRomanos" time="0.001"/>
  <testcase classname="[42] numeroNatural=43, numeroRomano=XLIII(testNumerosRomanos(int, String))" name="[42] numeroNatural=43, numeroRomano=XLIII(testNumerosRomanos" time="0.002"/>
  <testcase classname="[43] numeroNatural=44, numeroRomano=XLIV(testNumerosRomanos(int, String))" name="[43] numeroNatural=44, numeroRomano=XLIV(testNumerosRomanos" time="0.002"/>
  <testcase classname="[44] numeroNatural=45, numeroRomano=XLV(testNumerosRomanos(int, String))" name="[44] numeroNatural=45, numeroRomano=XLV(testNumerosRomanos" time="0.001"/>
  <testcase classname="[45] numeroNatural=46, numeroRomano=XLVI(testNumerosRomanos(int, String))" name="[45] numeroNatural=46, numeroRomano=XLVI(testNumerosRomanos" time="0.002"/>
  <testcase classname="[46] numeroNatural=47, numeroRomano=XLVII(testNumerosRomanos(int, String))" name="[46] numeroNatural=47, numeroRomano=XLVII(testNumerosRomanos" time="0.001"/>
  <testcase classname="[47] numeroNatural=48, numeroRomano=XLVIII(testNumerosRomanos(int, String))" name="[47] numeroNatural=48, numeroRomano=XLVIII(testNumerosRomanos" time="0.001"/>
  <testcase classname="[48] numeroNatural=49, numeroRomano=XLIX(testNumerosRomanos(int, String))" name="[48] numeroNatural=49, numeroRomano=XLIX(testNumerosRomanos" time="0.001"/>
  <testcase classname="[49] numeroNatural=50, numeroRomano=L(testNumerosRomanos(int, String))" name="[49] numeroNatural=50, numeroRomano=L(testNumerosRomanos" time="0.002"/>
  <testcase classname="[50] numeroNatural=51, numeroRomano=LI(testNumerosRomanos(int, String))" name="[50] numeroNatural=51, numeroRomano=LI(testNumerosRomanos" time="0.001"/>
  <testcase classname="[51] numeroNatural=52, numeroRomano=LII(testNumerosRomanos(int, String))" name="[51] numeroNatural=52, numeroRomano=LII(testNumerosRomanos" time="0.001"/>
  <testcase classname="[52] numeroNatural=53, numeroRomano=LIII(testNumerosRomanos(int, String))" name="[52] numeroNatural=53, numeroRomano=LIII(testNumerosRomanos" time="0.001"/>
  <testcase classname="[53] numeroNatural=54, numeroRomano=LIV(testNumerosRomanos(int, String))" name="[53] numeroNatural=54, numeroRomano=LIV(testNumerosRomanos" time="0.002"/>
  <testcase classname="[54] numeroNatural=55, numeroRomano=LV(testNumerosRomanos(int, String))" name="[54] numeroNatural=55, numeroRomano=LV(testNumerosRomanos" time="0.002"/>
  <testcase classname="[55] numeroNatural=56, numeroRomano=LVI(testNumerosRomanos(int, String))" name="[55] numeroNatural=56, numeroRomano=LVI(testNumerosRomanos" time="0.001"/>
  <testcase classname="[56] numeroNatural=57, numeroRomano=LVII(testNumerosRomanos(int, String))" name="[56] numeroNatural=57, numeroRomano=LVII(testNumerosRomanos" time="0.001"/>
  <testcase classname="[57] numeroNatural=58, numeroRomano=LVIII(testNumerosRomanos(int, String))" name="[57] numeroNatural=58, numeroRomano=LVIII(testNumerosRomanos" time="0.003"/>
  <testcase classname="[58] numeroNatural=59, numeroRomano=LIX(testNumerosRomanos(int, String))" name="[58] numeroNatural=59, numeroRomano=LIX(testNumerosRomanos" time="0.003"/>
  <testcase classname="[59] numeroNatural=60, numeroRomano=LX(testNumerosRomanos(int, String))" name="[59] numeroNatural=60, numeroRomano=LX(testNumerosRomanos" time="0.004"/>
  <testcase classname="[60] numeroNatural=61, numeroRomano=LXI(testNumerosRomanos(int, String))" name="[60] numeroNatural=61, numeroRomano=LXI(testNumerosRomanos" time="0.001"/>
  <testcase classname="[61] numeroNatural=62, numeroRomano=LXII(testNumerosRomanos(int, String))" name="[61] numeroNatural=62, numeroRomano=LXII(testNumerosRomanos" time="0.001"/>
  <testcase classname="[62] numeroNatural=63, numeroRomano=LXIII(testNumerosRomanos(int, String))" name="[62] numeroNatural=63, numeroRomano=LXIII(testNumerosRomanos" time="0.003"/>
  <testcase classname="[63] numeroNatural=64, numeroRomano=LXIV(testNumerosRomanos(int, String))" name="[63] numeroNatural=64, numeroRomano=LXIV(testNumerosRomanos" time="0.002"/>
  <testcase classname="[64] numeroNatural=65, numeroRomano=LXV(testNumerosRomanos(int, String))" name="[64] numeroNatural=65, numeroRomano=LXV(testNumerosRomanos" time="0.001"/>
  <testcase classname="[65] numeroNatural=66, numeroRomano=LXVI(testNumerosRomanos(int, String))" name="[65] numeroNatural=66, numeroRomano=LXVI(testNumerosRomanos" time="0.001"/>
  <testcase classname="[66] numeroNatural=67, numeroRomano=LXVII(testNumerosRomanos(int, String))" name="[66] numeroNatural=67, numeroRomano=LXVII(testNumerosRomanos" time="0.001"/>
  <testcase classname="[67] numeroNatural=68, numeroRomano=LXVIII(testNumerosRomanos(int, String))" name="[67] numeroNatural=68, numeroRomano=LXVIII(testNumerosRomanos" time="0.002"/>
  <testcase classname="[68] numeroNatural=69, numeroRomano=LXIX(testNumerosRomanos(int, String))" name="[68] numeroNatural=69, numeroRomano=LXIX(testNumerosRomanos" time="0.001"/>
  <testcase classname="[69] numeroNatural=70, numeroRomano=LXX(testNumerosRomanos(int, String))" name="[69] numeroNatural=70, numeroRomano=LXX(testNumerosRomanos" time="0.002"/>
  <testcase classname="[70] numeroNatural=71, numeroRomano=LXXI(testNumerosRomanos(int, String))" name="[70] numeroNatural=71, numeroRomano=LXXI(testNumerosRomanos" time="0.001"/>
  <testcase classname="[71] numeroNatural=72, numeroRomano=LXXII(testNumerosRomanos(int, String))" name="[71] numeroNatural=72, numeroRomano=LXXII(testNumerosRomanos" time="0.002"/>
  <testcase classname="[72] numeroNatural=73, numeroRomano=LXXIII(testNumerosRomanos(int, String))" name="[72] numeroNatural=73, numeroRomano=LXXIII(testNumerosRomanos" time="0.001"/>
  <testcase classname="[73] numeroNatural=74, numeroRomano=LXXIV(testNumerosRomanos(int, String))" name="[73] numeroNatural=74, numeroRomano=LXXIV(testNumerosRomanos" time="0.001"/>
  <testcase classname="[74] numeroNatural=75, numeroRomano=LXXV(testNumerosRomanos(int, String))" name="[74] numeroNatural=75, numeroRomano=LXXV(testNumerosRomanos" time="0.001"/>
  <testcase classname="[75] numeroNatural=76, numeroRomano=LXXVI(testNumerosRomanos(int, String))" name="[75] numeroNatural=76, numeroRomano=LXXVI(testNumerosRomanos" time="0.002"/>
  <testcase classname="[76] numeroNatural=77, numeroRomano=LXXVII(testNumerosRomanos(int, String))" name="[76] numeroNatural=77, numeroRomano=LXXVII(testNumerosRomanos" time="0.002"/>
  <testcase classname="[77] numeroNatural=78, numeroRomano=LXXVIII(testNumerosRomanos(int, String))" name="[77] numeroNatural=78, numeroRomano=LXXVIII(testNumerosRomanos" time="0.001"/>
  <testcase classname="[78] numeroNatural=79, numeroRomano=LXXIX(testNumerosRomanos(int, String))" name="[78] numeroNatural=79, numeroRomano=LXXIX(testNumerosRomanos" time="0.002"/>
  <testcase classname="[79] numeroNatural=80, numeroRomano=LXXX(testNumerosRomanos(int, String))" name="[79] numeroNatural=80, numeroRomano=LXXX(testNumerosRomanos" time="0.002"/>
  <testcase classname="[80] numeroNatural=81, numeroRomano=LXXXI(testNumerosRomanos(int, String))" name="[80] numeroNatural=81, numeroRomano=LXXXI(testNumerosRomanos" time="0.002"/>
  <testcase classname="[81] numeroNatural=82, numeroRomano=LXXXII(testNumerosRomanos(int, String))" name="[81] numeroNatural=82, numeroRomano=LXXXII(testNumerosRomanos" time="0.002"/>
  <testcase classname="[82] numeroNatural=83, numeroRomano=LXXXIII(testNumerosRomanos(int, String))" name="[82] numeroNatural=83, numeroRomano=LXXXIII(testNumerosRomanos" time="0.003"/>
  <testcase classname="[83] numeroNatural=84, numeroRomano=LXXXIV(testNumerosRomanos(int, String))" name="[83] numeroNatural=84, numeroRomano=LXXXIV(testNumerosRomanos" time="0.002"/>
  <testcase classname="[84] numeroNatural=85, numeroRomano=LXXXV(testNumerosRomanos(int, String))" name="[84] numeroNatural=85, numeroRomano=LXXXV(testNumerosRomanos" time="0.002"/>
  <testcase classname="[85] numeroNatural=86, numeroRomano=LXXXVI(testNumerosRomanos(int, String))" name="[85] numeroNatural=86, numeroRomano=LXXXVI(testNumerosRomanos" time="0.001"/>
  <testcase classname="[86] numeroNatural=87, numeroRomano=LXXXVII(testNumerosRomanos(int, String))" name="[86] numeroNatural=87, numeroRomano=LXXXVII(testNumerosRomanos" time="0.001"/>
  <testcase classname="[87] numeroNatural=88, numeroRomano=LXXXVIII(testNumerosRomanos(int, String))" name="[87] numeroNatural=88, numeroRomano=LXXXVIII(testNumerosRomanos" time="0"/>
  <testcase classname="[88] numeroNatural=89, numeroRomano=LXXXIX(testNumerosRomanos(int, String))" name="[88] numeroNatural=89, numeroRomano=LXXXIX(testNumerosRomanos" time="0.002"/>
  <testcase classname="[89] numeroNatural=90, numeroRomano=XC(testNumerosRomanos(int, String))" name="[89] numeroNatural=90, numeroRomano=XC(testNumerosRomanos" time="0.002"/>
  <testcase classname="[90] numeroNatural=91, numeroRomano=XCI(testNumerosRomanos(int, String))" name="[90] numeroNatural=91, numeroRomano=XCI(testNumerosRomanos" time="0.002"/>
  <testcase classname="[91] numeroNatural=92, numeroRomano=XCII(testNumerosRomanos(int, String))" name="[91] numeroNatural=92, numeroRomano=XCII(testNumerosRomanos" time="0.002"/>
  <testcase classname="[92] numeroNatural=93, numeroRomano=XCIII(testNumerosRomanos(int, String))" name="[92] numeroNatural=93, numeroRomano=XCIII(testNumerosRomanos" time="0.001"/>
  <testcase classname="[93] numeroNatural=94, numeroRomano=XCIV(testNumerosRomanos(int, String))" name="[93] numeroNatural=94, numeroRomano=XCIV(testNumerosRomanos" time="0.002"/>
  <testcase classname="[94] numeroNatural=95, numeroRomano=XCV(testNumerosRomanos(int, String))" name="[94] numeroNatural=95, numeroRomano=XCV(testNumerosRomanos" time="0.002"/>
  <testcase classname="[95] numeroNatural=96, numeroRomano=XCVI(testNumerosRomanos(int, String))" name="[95] numeroNatural=96, numeroRomano=XCVI(testNumerosRomanos" time="0.001"/>
  <testcase classname="[96] numeroNatural=97, numeroRomano=XCVII(testNumerosRomanos(int, String))" name="[96] numeroNatural=97, numeroRomano=XCVII(testNumerosRomanos" time="0.001"/>
  <testcase classname="[97] numeroNatural=98, numeroRomano=XCVIII(testNumerosRomanos(int, String))" name="[97] numeroNatural=98, numeroRomano=XCVIII(testNumerosRomanos" time="0.002"/>
  <testcase classname="[98] numeroNatural=99, numeroRomano=XCIX(testNumerosRomanos(int, String))" name="[98] numeroNatural=99, numeroRomano=XCIX(testNumerosRomanos" time="0.002"/>
  <testcase classname="[99] numeroNatural=100, numeroRomano=C(testNumerosRomanos(int, String))" name="[99] numeroNatural=100, numeroRomano=C(testNumerosRomanos" time="0.001"/>
  <testcase classname="[100] numeroNatural=101, numeroRomano=CI(testNumerosRomanos(int, String))" name="[100] numeroNatural=101, numeroRomano=CI(testNumerosRomanos" time="0.002"/>
  <testcase classname="[101] numeroNatural=102, numeroRomano=CII(testNumerosRomanos(int, String))" name="[101] numeroNatural=102, numeroRomano=CII(testNumerosRomanos" time="0.001"/>
  <testcase classname="[102] numeroNatural=103, numeroRomano=CIII(testNumerosRomanos(int, String))" name="[102] numeroNatural=103, numeroRomano=CIII(testNumerosRomanos" time="0"/>
  <testcase classname="[103] numeroNatural=104, numeroRomano=CIV(testNumerosRomanos(int, String))" name="[103] numeroNatural=104, numeroRomano=CIV(testNumerosRomanos" time="0.002"/>
  <testcase classname="[104] numeroNatural=105, numeroRomano=CV(testNumerosRomanos(int, String))" name="[104] numeroNatural=105, numeroRomano=CV(testNumerosRomanos" time="0.002"/>
  <testcase classname="[105] numeroNatural=106, numeroRomano=CVI(testNumerosRomanos(int, String))" name="[105] numeroNatural=106, numeroRomano=CVI(testNumerosRomanos" time="0.001"/>
  <testcase classname="[106] numeroNatural=107, numeroRomano=CVII(testNumerosRomanos(int, String))" name="[106] numeroNatural=107, numeroRomano=CVII(testNumerosRomanos" time="0.001"/>
  <testcase classname="[107] numeroNatural=108, numeroRomano=CVIII(testNumerosRomanos(int, String))" name="[107] numeroNatural=108, numeroRomano=CVIII(testNumerosRomanos" time="0"/>
  <testcase classname="[108] numeroNatural=109, numeroRomano=CIX(testNumerosRomanos(int, String))" name="[108] numeroNatural=109, numeroRomano=CIX(testNumerosRomanos" time="0.002"/>
  <testcase classname="[109] numeroNatural=110, numeroRomano=CX(testNumerosRomanos(int, String))" name="[109] numeroNatural=110, numeroRomano=CX(testNumerosRomanos" time="0.001"/>
  <testcase classname="[110] numeroNatural=111, numeroRomano=CXI(testNumerosRomanos(int, String))" name="[110] numeroNatural=111, numeroRomano=CXI(testNumerosRomanos" time="0.022"/>
  <testcase classname="[111] numeroNatural=112, numeroRomano=CXII(testNumerosRomanos(int, String))" name="[111] numeroNatural=112, numeroRomano=CXII(testNumerosRomanos" time="0.001"/>
  <testcase classname="[112] numeroNatural=113, numeroRomano=CXIII(testNumerosRomanos(int, String))" name="[112] numeroNatural=113, numeroRomano=CXIII(testNumerosRomanos" time="0.002"/>
  <testcase classname="[113] numeroNatural=114, numeroRomano=CXIV(testNumerosRomanos(int, String))" name="[113] numeroNatural=114, numeroRomano=CXIV(testNumerosRomanos" time="0"/>
  <testcase classname="[114] numeroNatural=115, numeroRomano=CXV(testNumerosRomanos(int, String))" name="[114] numeroNatural=115, numeroRomano=CXV(testNumerosRomanos" time="0.001"/>
  <testcase classname="[115] numeroNatural=116, numeroRomano=CXVI(testNumerosRomanos(int, String))" name="[115] numeroNatural=116, numeroRomano=CXVI(testNumerosRomanos" time="0.002"/>
  <testcase classname="[116] numeroNatural=117, numeroRomano=CXVII(testNumerosRomanos(int, String))" name="[116] numeroNatural=117, numeroRomano=CXVII(testNumerosRomanos" time="0.001"/>
  <testcase classname="[117] numeroNatural=118, numeroRomano=CXVIII(testNumerosRomanos(int, String))" name="[117] numeroNatural=118, numeroRomano=CXVIII(testNumerosRomanos" time="0.002"/>
  <testcase classname="[118] numeroNatural=119, numeroRomano=CXIX(testNumerosRomanos(int, String))" name="[118] numeroNatural=119, numeroRomano=CXIX(testNumerosRomanos" time="0.001"/>
  <testcase classname="[119] numeroNatural=120, numeroRomano=CXX(testNumerosRomanos(int, String))" name="[119] numeroNatural=120, numeroRomano=CXX(testNumerosRomanos" time="0.001"/>
  <testcase classname="[120] numeroNatural=121, numeroRomano=CXXI(testNumerosRomanos(int, String))" name="[120] numeroNatural=121, numeroRomano=CXXI(testNumerosRomanos" time="0.002"/>
  <testcase classname="[121] numeroNatural=122, numeroRomano=CXXII(testNumerosRomanos(int, String))" name="[121] numeroNatural=122, numeroRomano=CXXII(testNumerosRomanos" time="0"/>
  <testcase classname="[122] numeroNatural=123, numeroRomano=CXXIII(testNumerosRomanos(int, String))" name="[122] numeroNatural=123, numeroRomano=CXXIII(testNumerosRomanos" time="0.001"/>
  <testcase classname="[123] numeroNatural=124, numeroRomano=CXXIV(testNumerosRomanos(int, String))" name="[123] numeroNatural=124, numeroRomano=CXXIV(testNumerosRomanos" time="0.005"/>
  <testcase classname="[124] numeroNatural=125, numeroRomano=CXXV(testNumerosRomanos(int, String))" name="[124] numeroNatural=125, numeroRomano=CXXV(testNumerosRomanos" time="0.005"/>
  <testcase classname="[125] numeroNatural=126, numeroRomano=CXXVI(testNumerosRomanos(int, String))" name="[125] numeroNatural=126, numeroRomano=CXXVI(testNumerosRomanos" time="0.001"/>
  <testcase classname="[126] numeroNatural=127, numeroRomano=CXXVII(testNumerosRomanos(int, String))" name="[126] numeroNatural=127, numeroRomano=CXXVII(testNumerosRomanos" time="0.002"/>
  <testcase classname="[127] numeroNatural=128, numeroRomano=CXXVIII(testNumerosRomanos(int, String))" name="[127] numeroNatural=128, numeroRomano=CXXVIII(testNumerosRomanos" time="0.002"/>
  <testcase classname="[128] numeroNatural=129, numeroRomano=CXXIX(testNumerosRomanos(int, String))" name="[128] numeroNatural=129, numeroRomano=CXXIX(testNumerosRomanos" time="0.002"/>
  <testcase classname="[129] numeroNatural=130, numeroRomano=CXXX(testNumerosRomanos(int, String))" name="[129] numeroNatural=130, numeroRomano=CXXX(testNumerosRomanos" time="0.001"/>
  <testcase classname="[130] numeroNatural=131, numeroRomano=CXXXI(testNumerosRomanos(int, String))" name="[130] numeroNatural=131, numeroRomano=CXXXI(testNumerosRomanos" time="0.001"/>
  <testcase classname="[131] numeroNatural=132, numeroRomano=CXXXII(testNumerosRomanos(int, String))" name="[131] numeroNatural=132, numeroRomano=CXXXII(testNumerosRomanos" time="0.002"/>
  <testcase classname="[132] numeroNatural=133, numeroRomano=CXXXIII(testNumerosRomanos(int, String))" name="[132] numeroNatural=133, numeroRomano=CXXXIII(testNumerosRomanos" time="0.001"/>
  <testcase classname="[133] numeroNatural=134, numeroRomano=CXXXIV(testNumerosRomanos(int, String))" name="[133] numeroNatural=134, numeroRomano=CXXXIV(testNumerosRomanos" time="0.002"/>
  <testcase classname="[134] numeroNatural=135, numeroRomano=CXXXV(testNumerosRomanos(int, String))" name="[134] numeroNatural=135, numeroRomano=CXXXV(testNumerosRomanos" time="0.001"/>
  <testcase classname="[135] numeroNatural=136, numeroRomano=CXXXVI(testNumerosRomanos(int, String))" name="[135] numeroNatural=136, numeroRomano=CXXXVI(testNumerosRomanos" time="0.002"/>
  <testcase classname="[136] numeroNatural=137, numeroRomano=CXXXVII(testNumerosRomanos(int, String))" name="[136] numeroNatural=137, numeroRomano=CXXXVII(testNumerosRomanos" time="0.001"/>
  <testcase classname="[137] numeroNatural=138, numeroRomano=CXXXVIII(testNumerosRomanos(int, String))" name="[137] numeroNatural=138, numeroRomano=CXXXVIII(testNumerosRomanos" time="0.002"/>
  <testcase classname="[138] numeroNatural=139, numeroRomano=CXXXIX(testNumerosRomanos(int, String))" name="[138] numeroNatural=139, numeroRomano=CXXXIX(testNumerosRomanos" time="0.001"/>
  <testcase classname="[139] numeroNatural=140, numeroRomano=CXL(testNumerosRomanos(int, String))" name="[139] numeroNatural=140, numeroRomano=CXL(testNumerosRomanos" time="0.003"/>
  <testcase classname="[140] numeroNatural=141, numeroRomano=CXLI(testNumerosRomanos(int, String))" name="[140] numeroNatural=141, numeroRomano=CXLI(testNumerosRomanos" time="0.001"/>
  <testcase classname="[141] numeroNatural=142, numeroRomano=CXLII(testNumerosRomanos(int, String))" name="[141] numeroNatural=142, numeroRomano=CXLII(testNumerosRomanos" time="0.001"/>
  <testcase classname="[142] numeroNatural=143, numeroRomano=CXLIII(testNumerosRomanos(int, String))" name="[142] numeroNatural=143, numeroRomano=CXLIII(testNumerosRomanos" time="0.002"/>
  <testcase classname="[143] numeroNatural=144, numeroRomano=CXLIV(testNumerosRomanos(int, String))" name="[143] numeroNatural=144, numeroRomano=CXLIV(testNumerosRomanos" time="0.005"/>
  <testcase classname="[144] numeroNatural=145, numeroRomano=CXLV(testNumerosRomanos(int, String))" name="[144] numeroNatural=145, numeroRomano=CXLV(testNumerosRomanos" time="0.002"/>
  <testcase classname="[145] numeroNatural=146, numeroRomano=CXLVI(testNumerosRomanos(int, String))" name="[145] numeroNatural=146, numeroRomano=CXLVI(testNumerosRomanos" time="0.001"/>
  <testcase classname="[146] numeroNatural=147, numeroRomano=CXLVII(testNumerosRomanos(int, String))" name="[146] numeroNatural=147, numeroRomano=CXLVII(testNumerosRomanos" time="0.001"/>
  <testcase classname="[147] numeroNatural=148, numeroRomano=CXLVIII(testNumerosRomanos(int, String))" name="[147] numeroNatural=148, numeroRomano=CXLVIII(testNumerosRomanos" time="0"/>
  <testcase classname="[148] numeroNatural=149, numeroRomano=CXLIX(testNumerosRomanos(int, String))" name="[148] numeroNatural=149, numeroRomano=CXLIX(testNumerosRomanos" time="0.005"/>
  <testcase classname="[149] numeroNatural=150, numeroRomano=CL(testNumerosRomanos(int, String))" name="[149] numeroNatural=150, numeroRomano=CL(testNumerosRomanos" time="0.012"/>
  <testcase classname="[150] numeroNatural=151, numeroRomano=CLI(testNumerosRomanos(int, String))" name="[150] numeroNatural=151, numeroRomano=CLI(testNumerosRomanos" time="0.002"/>
  <testcase classname="[151] numeroNatural=152, numeroRomano=CLII(testNumerosRomanos(int, String))" name="[151] numeroNatural=152, numeroRomano=CLII(testNumerosRomanos" time="0.001"/>
  <testcase classname="[152] numeroNatural=153, numeroRomano=CLIII(testNumerosRomanos(int, String))" name="[152] numeroNatural=153, numeroRomano=CLIII(testNumerosRomanos" time="0.002"/>
  <testcase classname="[153] numeroNatural=154, numeroRomano=CLIV(testNumerosRomanos(int, String))" name="[153] numeroNatural=154, numeroRomano=CLIV(testNumerosRomanos" time="0.001"/>
  <testcase classname="[154] numeroNatural=155, numeroRomano=CLV(testNumerosRomanos(int, String))" name="[154] numeroNatural=155, numeroRomano=CLV(testNumerosRomanos" time="0.002"/>
  <testcase classname="[155] numeroNatural=156, numeroRomano=CLVI(testNumerosRomanos(int, String))" name="[155] numeroNatural=156, numeroRomano=CLVI(testNumerosRomanos" time="0.001"/>
  <testcase classname="[156] numeroNatural=157, numeroRomano=CLVII(testNumerosRomanos(int, String))" name="[156] numeroNatural=157, numeroRomano=CLVII(testNumerosRomanos" time="0.002"/>
  <testcase classname="[157] numeroNatural=158, numeroRomano=CLVIII(testNumerosRomanos(int, String))" name="[157] numeroNatural=158, numeroRomano=CLVIII(testNumerosRomanos" time="0.001"/>
  <testcase classname="[158] numeroNatural=159, numeroRomano=CLIX(testNumerosRomanos(int, String))" name="[158] numeroNatural=159, numeroRomano=CLIX(testNumerosRomanos" time="0.001"/>
  <testcase classname="[159] numeroNatural=160, numeroRomano=CLX(testNumerosRomanos(int, String))" name="[159] numeroNatural=160, numeroRomano=CLX(testNumerosRomanos" time="0.005"/>
  <testcase classname="[160] numeroNatural=161, numeroRomano=CLXI(testNumerosRomanos(int, String))" name="[160] numeroNatural=161, numeroRomano=CLXI(testNumerosRomanos" time="0.001"/>
  <testcase classname="[161] numeroNatural=162, numeroRomano=CLXII(testNumerosRomanos(int, String))" name="[161] numeroNatural=162, numeroRomano=CLXII(testNumerosRomanos" time="0.002"/>
  <testcase classname="[162] numeroNatural=163, numeroRomano=CLXIII(testNumerosRomanos(int, String))" name="[162] numeroNatural=163, numeroRomano=CLXIII(testNumerosRomanos" time="0.001"/>
  <testcase classname="[163] numeroNatural=164, numeroRomano=CLXIV(testNumerosRomanos(int, String))" name="[163] numeroNatural=164, numeroRomano=CLXIV(testNumerosRomanos" time="0.004"/>
  <testcase classname="[164] numeroNatural=165, numeroRomano=CLXV(testNumerosRomanos(int, String))" name="[164] numeroNatural=165, numeroRomano=CLXV(testNumerosRomanos" time="0.001"/>
  <testcase classname="[165] numeroNatural=166, numeroRomano=CLXVI(testNumerosRomanos(int, String))" name="[165] numeroNatural=166, numeroRomano=CLXVI(testNumerosRomanos" time="0.001"/>
  <testcase classname="[166] numeroNatural=167, numeroRomano=CLXVII(testNumerosRomanos(int, String))" name="[166] numeroNatural=167, numeroRomano=CLXVII(testNumerosRomanos" time="0.001"/>
  <testcase classname="[167] numeroNatural=168, numeroRomano=CLXVIII(testNumerosRomanos(int, String))" name="[167] numeroNatural=168, numeroRomano=CLXVIII(testNumerosRomanos" time="0.001"/>
  <testcase classname="[168] numeroNatural=169, numeroRomano=CLXIX(testNumerosRomanos(int, String))" name="[168] numeroNatural=169, numeroRomano=CLXIX(testNumerosRomanos" time="0.004"/>
  <testcase classname="[169] numeroNatural=170, numeroRomano=CLXX(testNumerosRomanos(int, String))" name="[169] numeroNatural=170, numeroRomano=CLXX(testNumerosRomanos" time="0.001"/>
  <testcase classname="[170] numeroNatural=171, numeroRomano=CLXXI(testNumerosRomanos(int, String))" name="[170] numeroNatural=171, numeroRomano=CLXXI(testNumerosRomanos" time="0.003"/>
  <testcase classname="[171] numeroNatural=172, numeroRomano=CLXXII(testNumerosRomanos(int, String))" name="[171] numeroNatural=172, numeroRomano=CLXXII(testNumerosRomanos" time="0.001"/>
  <testcase classname="[172] numeroNatural=173, numeroRomano=CLXXIII(testNumerosRomanos(int, String))" name="[172] numeroNatural=173, numeroRomano=CLXXIII(testNumerosRomanos" time="0.001"/>
  <testcase classname="[173] numeroNatural=174, numeroRomano=CLXXIV(testNumerosRomanos(int, String))" name="[173] numeroNatural=174, numeroRomano=CLXXIV(testNumerosRomanos" time="0.001"/>
  <testcase classname="[174] numeroNatural=175, numeroRomano=CLXXV(testNumerosRomanos(int, String))" name="[174] numeroNatural=175, numeroRomano=CLXXV(testNumerosRomanos" time="0.001"/>
  <testcase classname="[175] numeroNatural=176, numeroRomano=CLXXVI(testNumerosRomanos(int, String))" name="[175] numeroNatural=176, numeroRomano=CLXXVI(testNumerosRomanos" time="0.001"/>
  <testcase classname="[176] numeroNatural=177, numeroRomano=CLXXVII(testNumerosRomanos(int, String))" name="[176] numeroNatural=177, numeroRomano=CLXXVII(testNumerosRomanos" time="0.001"/>
  <testcase classname="[177] numeroNatural=178, numeroRomano=CLXXVIII(testNumerosRomanos(int, String))" name="[177] numeroNatural=178, numeroRomano=CLXXVIII(testNumerosRomanos" time="0"/>
  <testcase classname="[178] numeroNatural=179, numeroRomano=CLXXIX(testNumerosRomanos(int, String))" name="[178] numeroNatural=179, numeroRomano=CLXXIX(testNumerosRomanos" time="0.001"/>
  <testcase classname="[179] numeroNatural=180, numeroRomano=CLXXX(testNumerosRomanos(int, String))" name="[179] numeroNatural=180, numeroRomano=CLXXX(testNumerosRomanos" time="0.002"/>
  <testcase classname="[180] numeroNatural=181, numeroRomano=CLXXXI(testNumerosRomanos(int, String))" name="[180] numeroNatural=181, numeroRomano=CLXXXI(testNumerosRomanos" time="0.001"/>
  <testcase classname="[181] numeroNatural=182, numeroRomano=CLXXXII(testNumerosRomanos(int, String))" name="[181] numeroNatural=182, numeroRomano=CLXXXII(testNumerosRomanos" time="0.001"/>
  <testcase classname="[182] numeroNatural=183, numeroRomano=CLXXXIII(testNumerosRomanos(int, String))" name="[182] numeroNatural=183, numeroRomano=CLXXXIII(testNumerosRomanos" time="0.001"/>
  <testcase classname="[183] numeroNatural=184, numeroRomano=CLXXXIV(testNumerosRomanos(int, String))" name="[183] numeroNatural=184, numeroRomano=CLXXXIV(testNumerosRomanos" time="0.001"/>
  <testcase classname="[184] numeroNatural=185, numeroRomano=CLXXXV(testNumerosRomanos(int, String))" name="[184] numeroNatural=185, numeroRomano=CLXXXV(testNumerosRomanos" time="0.001"/>
  <testcase classname="[185] numeroNatural=186, numeroRomano=CLXXXVI(testNumerosRomanos(int, String))" name="[185] numeroNatural=186, numeroRomano=CLXXXVI(testNumerosRomanos" time="0.001"/>
  <testcase classname="[186] numeroNatural=187, numeroRomano=CLXXXVII(testNumerosRomanos(int, String))" name="[186] numeroNatural=187, numeroRomano=CLXXXVII(testNumerosRomanos" time="0.001"/>
  <testcase classname="[187] numeroNatural=188, numeroRomano=CLXXXVIII(testNumerosRomanos(int, String))" name="[187] numeroNatural=188, numeroRomano=CLXXXVIII(testNumerosRomanos" time="0.004"/>
  <testcase classname="[188] numeroNatural=189, numeroRomano=CLXXXIX(testNumerosRomanos(int, String))" name="[188] numeroNatural=189, numeroRomano=CLXXXIX(testNumerosRomanos" time="0.001"/>
  <testcase classname="[189] numeroNatural=190, numeroRomano=CXC(testNumerosRomanos(int, String))" name="[189] numeroNatural=190, numeroRomano=CXC(testNumerosRomanos" time="0.001"/>
  <testcase classname="[190] numeroNatural=191, numeroRomano=CXCI(testNumerosRomanos(int, String))" name="[190] numeroNatural=191, numeroRomano=CXCI(testNumerosRomanos" time="0.001"/>
  <testcase classname="[191] numeroNatural=192, numeroRomano=CXCII(testNumerosRomanos(int, String))" name="[191] numeroNatural=192, numeroRomano=CXCII(testNumerosRomanos" time="0.001"/>
  <testcase classname="[192] numeroNatural=193, numeroRomano=CXCIII(testNumerosRomanos(int, String))" name="[192] numeroNatural=193, numeroRomano=CXCIII(testNumerosRomanos" time="0.002"/>
  <testcase classname="[193] numeroNatural=194, numeroRomano=CXCIV(testNumerosRomanos(int, String))" name="[193] numeroNatural=194, numeroRomano=CXCIV(testNumerosRomanos" time="0.001"/>
  <testcase classname="[194] numeroNatural=195, numeroRomano=CXCV(testNumerosRomanos(int, String))" name="[194] numeroNatural=195, numeroRomano=CXCV(testNumerosRomanos" time="0.001"/>
  <testcase classname="[195] numeroNatural=196, numeroRomano=CXCVI(testNumerosRomanos(int, String))" name="[195] numeroNatural=196, numeroRomano=CXCVI(testNumerosRomanos" time="0"/>
  <testcase classname="[196] numeroNatural=197, numeroRomano=CXCVII(testNumerosRomanos(int, String))" name="[196] numeroNatural=197, numeroRomano=CXCVII(testNumerosRomanos" time="0.001"/>
  <testcase classname="[197] numeroNatural=198, numeroRomano=CXCVIII(testNumerosRomanos(int, String))" name="[197] numeroNatural=198, numeroRomano=CXCVIII(testNumerosRomanos" time="0.001"/>
  <testcase classname="[198] numeroNatural=199, numeroRomano=CXCIX(testNumerosRomanos(int, String))" name="[198] numeroNatural=199, numeroRomano=CXCIX(testNumerosRomanos" time="0.001"/>
  <testcase classname="[199] numeroNatural=200, numeroRomano=CC(testNumerosRomanos(int, String))" name="[199] numeroNatural=200, numeroRomano=CC(testNumerosRomanos" time="0.001"/>
  <testcase classname="[200] numeroNatural=201, numeroRomano=CCI(testNumerosRomanos(int, String))" name="[200] numeroNatural=201, numeroRomano=CCI(testNumerosRomanos" time="0"/>
  <testcase classname="[201] numeroNatural=202, numeroRomano=CCII(testNumerosRomanos(int, String))" name="[201] numeroNatural=202, numeroRomano=CCII(testNumerosRomanos" time="0.001"/>
  <testcase classname="[202] numeroNatural=203, numeroRomano=CCIII(testNumerosRomanos(int, String))" name="[202] numeroNatural=203, numeroRomano=CCIII(testNumerosRomanos" time="0"/>
  <testcase classname="[203] numeroNatural=204, numeroRomano=CCIV(testNumerosRomanos(int, String))" name="[203] numeroNatural=204, numeroRomano=CCIV(testNumerosRomanos" time="0"/>
  <testcase classname="[204] numeroNatural=205, numeroRomano=CCV(testNumerosRomanos(int, String))" name="[204] numeroNatural=205, numeroRomano=CCV(testNumerosRomanos" time="0"/>
  <testcase classname="[205] numeroNatural=206, numeroRomano=CCVI(testNumerosRomanos(int, String))" name="[205] numeroNatural=206, numeroRomano=CCVI(testNumerosRomanos" time="0"/>
  <testcase classname="[206] numeroNatural=207, numeroRomano=CCVII(testNumerosRomanos(int, String))" name="[206] numeroNatural=207, numeroRomano=CCVII(testNumerosRomanos" time="0.001"/>
  <testcase classname="[207] numeroNatural=208, numeroRomano=CCVIII(testNumerosRomanos(int, String))" name="[207] numeroNatural=208, numeroRomano=CCVIII(testNumerosRomanos" time="0.001"/>
  <testcase classname="[208] numeroNatural=209, numeroRomano=CCIX(testNumerosRomanos(int, String))" name="[208] numeroNatural=209, numeroRomano=CCIX(testNumerosRomanos" time="0.001"/>
  <testcase classname="[209] numeroNatural=210, numeroRomano=CCX(testNumerosRomanos(int, String))" name="[209] numeroNatural=210, numeroRomano=CCX(testNumerosRomanos" time="0.001"/>
  <testcase classname="[210] numeroNatural=211, numeroRomano=CCXI(testNumerosRomanos(int, String))" name="[210] numeroNatural=211, numeroRomano=CCXI(testNumerosRomanos" time="0.002"/>
  <testcase classname="[211] numeroNatural=212, numeroRomano=CCXII(testNumerosRomanos(int, String))" name="[211] numeroNatural=212, numeroRomano=CCXII(testNumerosRomanos" time="0.001"/>
  <testcase classname="[212] numeroNatural=213, numeroRomano=CCXIII(testNumerosRomanos(int, String))" name="[212] numeroNatural=213, numeroRomano=CCXIII(testNumerosRomanos" time="0.001"/>
  <testcase classname="[213] numeroNatural=214, numeroRomano=CCXIV(testNumerosRomanos(int, String))" name="[213] numeroNatural=214, numeroRomano=CCXIV(testNumerosRomanos" time="0.006"/>
  <testcase classname="[214] numeroNatural=215, numeroRomano=CCXV(testNumerosRomanos(int, String))" name="[214] numeroNatural=215, numeroRomano=CCXV(testNumerosRomanos" time="0"/>
  <testcase classname="[215] numeroNatural=216, numeroRomano=CCXVI(testNumerosRomanos(int, String))" name="[215] numeroNatural=216, numeroRomano=CCXVI(testNumerosRomanos" time="0"/>
  <testcase classname="[216] numeroNatural=217, numeroRomano=CCXVII(testNumerosRomanos(int, String))" name="[216] numeroNatural=217, numeroRomano=CCXVII(testNumerosRomanos" time="0"/>
  <testcase classname="[217] numeroNatural=218, numeroRomano=CCXVIII(testNumerosRomanos(int, String))" name="[217] numeroNatural=218, numeroRomano=CCXVIII(testNumerosRomanos" time="0.001"/>
  <testcase classname="[218] numeroNatural=219, numeroRomano=CCXIX(testNumerosRomanos(int, String))" name="[218] numeroNatural=219, numeroRomano=CCXIX(testNumerosRomanos" time="0.001"/>
  <testcase classname="[219] numeroNatural=220, numeroRomano=CCXX(testNumerosRomanos(int, String))" name="[219] numeroNatural=220, numeroRomano=CCXX(testNumerosRomanos" time="0.001"/>
  <testcase classname="[220] numeroNatural=221, numeroRomano=CCXXI(testNumerosRomanos(int, String))" name="[220] numeroNatural=221, numeroRomano=CCXXI(testNumerosRomanos" time="0.001"/>
  <testcase classname="[221] numeroNatural=222, numeroRomano=CCXXII(testNumerosRomanos(int, String))" name="[221] numeroNatural=222, numeroRomano=CCXXII(testNumerosRomanos" time="0.001"/>
  <testcase classname="[222] numeroNatural=223, numeroRomano=CCXXIII(testNumerosRomanos(int, String))" name="[222] numeroNatural=223, numeroRomano=CCXXIII(testNumerosRomanos" time="0.001"/>
  <testcase classname="[223] numeroNatural=224, numeroRomano=CCXXIV(testNumerosRomanos(int, String))" name="[223] numeroNatural=224, numeroRomano=CCXXIV(testNumerosRomanos" time="0.001"/>
  <testcase classname="[224] numeroNatural=225, numeroRomano=CCXXV(testNumerosRomanos(int, String))" name="[224] numeroNatural=225, numeroRomano=CCXXV(testNumerosRomanos" time="0"/>
  <testcase classname="[225] numeroNatural=226, numeroRomano=CCXXVI(testNumerosRomanos(int, String))" name="[225] numeroNatural=226, numeroRomano=CCXXVI(testNumerosRomanos" time="0"/>
  <testcase classname="[226] numeroNatural=227, numeroRomano=CCXXVII(testNumerosRomanos(int, String))" name="[226] numeroNatural=227, numeroRomano=CCXXVII(testNumerosRomanos" time="0.001"/>
  <testcase classname="[227] numeroNatural=228, numeroRomano=CCXXVIII(testNumerosRomanos(int, String))" name="[227] numeroNatural=228, numeroRomano=CCXXVIII(testNumerosRomanos" time="0"/>
  <testcase classname="[228] numeroNatural=229, numeroRomano=CCXXIX(testNumerosRomanos(int, String))" name="[228] numeroNatural=229, numeroRomano=CCXXIX(testNumerosRomanos" time="0"/>
  <testcase classname="[229] numeroNatural=230, numeroRomano=CCXXX(testNumerosRomanos(int, String))" name="[229] numeroNatural=230, numeroRomano=CCXXX(testNumerosRomanos" time="0.001"/>
  <testcase classname="[230] numeroNatural=231, numeroRomano=CCXXXI(testNumerosRomanos(int, String))" name="[230] numeroNatural=231, numeroRomano=CCXXXI(testNumerosRomanos" time="0"/>
  <testcase classname="[231] numeroNatural=232, numeroRomano=CCXXXII(testNumerosRomanos(int, String))" name="[231] numeroNatural=232, numeroRomano=CCXXXII(testNumerosRomanos" time="0.001"/>
  <testcase classname="[232] numeroNatural=233, numeroRomano=CCXXXIII(testNumerosRomanos(int, String))" name="[232] numeroNatural=233, numeroRomano=CCXXXIII(testNumerosRomanos" time="0.001"/>
  <testcase classname="[233] numeroNatural=234, numeroRomano=CCXXXIV(testNumerosRomanos(int, String))" name="[233] numeroNatural=234, numeroRomano=CCXXXIV(testNumerosRomanos" time="0"/>
  <testcase classname="[234] numeroNatural=235, numeroRomano=CCXXXV(testNumerosRomanos(int, String))" name="[234] numeroNatural=235, numeroRomano=CCXXXV(testNumerosRomanos" time="0.001"/>
  <testcase classname="[235] numeroNatural=236, numeroRomano=CCXXXVI(testNumerosRomanos(int, String))" name="[235] numeroNatural=236, numeroRomano=CCXXXVI(testNumerosRomanos" time="0"/>
  <testcase classname="[236] numeroNatural=237, numeroRomano=CCXXXVII(testNumerosRomanos(int, String))" name="[236] numeroNatural=237, numeroRomano=CCXXXVII(testNumerosRomanos" time="0.001"/>
  <testcase classname="[237] numeroNatural=238, numeroRomano=CCXXXVIII(testNumerosRomanos(int, String))" name="[237] numeroNatural=238, numeroRomano=CCXXXVIII(testNumerosRomanos" time="0.001"/>
  <testcase classname="[238] numeroNatural=239, numeroRomano=CCXXXIX(testNumerosRomanos(int, String))" name="[238] numeroNatural=239, numeroRomano=CCXXXIX(testNumerosRomanos" time="0"/>
  <testcase classname="[239] numeroNatural=240, numeroRomano=CCXL(testNumerosRomanos(int, String))" name="[239] numeroNatural=240, numeroRomano=CCXL(testNumerosRomanos" time="0.001"/>
  <testcase classname="[240] numeroNatural=241, numeroRomano=CCXLI(testNumerosRomanos(int, String))" name="[240] numeroNatural=241, numeroRomano=CCXLI(testNumerosRomanos" time="0.001"/>
  <testcase classname="[241] numeroNatural=242, numeroRomano=CCXLII(testNumerosRomanos(int, String))" name="[241] numeroNatural=242, numeroRomano=CCXLII(testNumerosRomanos" time="0.001"/>
  <testcase classname="[242] numeroNatural=243, numeroRomano=CCXLIII(testNumerosRomanos(int, String))" name="[242] numeroNatural=243, numeroRomano=CCXLIII(testNumerosRomanos" time="0.001"/>
  <testcase classname="[243] numeroNatural=244, numeroRomano=CCXLIV(testNumerosRomanos(int, String))" name="[243] numeroNatural=244, numeroRomano=CCXLIV(testNumerosRomanos" time="0"/>
  <testcase classname="[244] numeroNatural=245, numeroRomano=CCXLV(testNumerosRomanos(int, String))" name="[244] numeroNatural=245, numeroRomano=CCXLV(testNumerosRomanos" time="0"/>
  <testcase classname="[245] numeroNatural=246, numeroRomano=CCXLVI(testNumerosRomanos(int, String))" name="[245] numeroNatural=246, numeroRomano=CCXLVI(testNumerosRomanos" time="0.001"/>
  <testcase classname="[246] numeroNatural=247, numeroRomano=CCXLVII(testNumerosRomanos(int, String))" name="[246] numeroNatural=247, numeroRomano=CCXLVII(testNumerosRomanos" time="0.001"/>
  <testcase classname="[247] numeroNatural=248, numeroRomano=CCXLVIII(testNumerosRomanos(int, String))" name="[247] numeroNatural=248, numeroRomano=CCXLVIII(testNumerosRomanos" time="0.001"/>
  <testcase classname="[248] numeroNatural=249, numeroRomano=CCXLIX(testNumerosRomanos(int, String))" name="[248] numeroNatural=249, numeroRomano=CCXLIX(testNumerosRomanos" time="0.001"/>
  <testcase classname="[249] numeroNatural=250, numeroRomano=CCL(testNumerosRomanos(int, String))" name="[249] numeroNatural=250, numeroRomano=CCL(testNumerosRomanos" time="0"/>
  <testcase classname="[250] numeroNatural=251, numeroRomano=CCLI(testNumerosRomanos(int, String))" name="[250] numeroNatural=251, numeroRomano=CCLI(testNumerosRomanos" time="0.002"/>
  <testcase classname="[251] numeroNatural=252, numeroRomano=CCLII(testNumerosRomanos(int, String))" name="[251] numeroNatural=252, numeroRomano=CCLII(testNumerosRomanos" time="0"/>
  <testcase classname="[252] numeroNatural=253, numeroRomano=CCLIII(testNumerosRomanos(int, String))" name="[252] numeroNatural=253, numeroRomano=CCLIII(testNumerosRomanos" time="0.001"/>
  <testcase classname="[253] numeroNatural=254, numeroRomano=CCLIV(testNumerosRomanos(int, String))" name="[253] numeroNatural=254, numeroRomano=CCLIV(testNumerosRomanos" time="0.002"/>
  <testcase classname="[254] numeroNatural=255, numeroRomano=CCLV(testNumerosRomanos(int, String))" name="[254] numeroNatural=255, numeroRomano=CCLV(testNumerosRomanos" time="0.006"/>
  <testcase classname="[255] numeroNatural=256, numeroRomano=CCLVI(testNumerosRomanos(int, String))" name="[255] numeroNatural=256, numeroRomano=CCLVI(testNumerosRomanos" time="0.004"/>
  <testcase classname="[256] numeroNatural=257, numeroRomano=CCLVII(testNumerosRomanos(int, String))" name="[256] numeroNatural=257, numeroRomano=CCLVII(testNumerosRomanos" time="0.002"/>
  <testcase classname="[257] numeroNatural=258, numeroRomano=CCLVIII(testNumerosRomanos(int, String))" name="[257] numeroNatural=258, numeroRomano=CCLVIII(testNumerosRomanos" time="0.002"/>
  <testcase classname="[258] numeroNatural=259, numeroRomano=CCLIX(testNumerosRomanos(int, String))" name="[258] numeroNatural=259, numeroRomano=CCLIX(testNumerosRomanos" time="0.005"/>
  <testcase classname="[259] numeroNatural=260, numeroRomano=CCLX(testNumerosRomanos(int, String))" name="[259] numeroNatural=260, numeroRomano=CCLX(testNumerosRomanos" time="0"/>
  <testcase classname="[260] numeroNatural=261, numeroRomano=CCLXI(testNumerosRomanos(int, String))" name="[260] numeroNatural=261, numeroRomano=CCLXI(testNumerosRomanos" time="0.001"/>
  <testcase classname="[261] numeroNatural=262, numeroRomano=CCLXII(testNumerosRomanos(int, String))" name="[261] numeroNatural=262, numeroRomano=CCLXII(testNumerosRomanos" time="0.001"/>
  <testcase classname="[262] numeroNatural=263, numeroRomano=CCLXIII(testNumerosRomanos(int, String))" name="[262] numeroNatural=263, numeroRomano=CCLXIII(testNumerosRomanos" time="0"/>
  <testcase classname="[263] numeroNatural=264, numeroRomano=CCLXIV(testNumerosRomanos(int, String))" name="[263] numeroNatural=264, numeroRomano=CCLXIV(testNumerosRomanos" time="0"/>
  <testcase classname="[264] numeroNatural=265, numeroRomano=CCLXV(testNumerosRomanos(int, String))" name="[264] numeroNatural=265, numeroRomano=CCLXV(testNumerosRomanos" time="0.001"/>
  <testcase classname="[265] numeroNatural=266, numeroRomano=CCLXVI(testNumerosRomanos(int, String))" name="[265] numeroNatural=266, numeroRomano=CCLXVI(testNumerosRomanos" time="0.001"/>
  <testcase classname="[266] numeroNatural=267, numeroRomano=CCLXVII(testNumerosRomanos(int, String))" name="[266] numeroNatural=267, numeroRomano=CCLXVII(testNumerosRomanos" time="0.001"/>
  <testcase classname="[267] numeroNatural=268, numeroRomano=CCLXVIII(testNumerosRomanos(int, String))" name="[267] numeroNatural=268, numeroRomano=CCLXVIII(testNumerosRomanos" time="0.001"/>
  <testcase classname="[268] numeroNatural=269, numeroRomano=CCLXIX(testNumerosRomanos(int, String))" name="[268] numeroNatural=269, numeroRomano=CCLXIX(testNumerosRomanos" time="0"/>
  <testcase classname="[269] numeroNatural=270, numeroRomano=CCLXX(testNumerosRomanos(int, String))" name="[269] numeroNatural=270, numeroRomano=CCLXX(testNumerosRomanos" time="0"/>
  <testcase classname="[270] numeroNatural=271, numeroRomano=CCLXXI(testNumerosRomanos(int, String))" name="[270] numeroNatural=271, numeroRomano=CCLXXI(testNumerosRomanos" time="0"/>
  <testcase classname="[271] numeroNatural=272, numeroRomano=CCLXXII(testNumerosRomanos(int, String))" name="[271] numeroNatural=272, numeroRomano=CCLXXII(testNumerosRomanos" time="0.001"/>
  <testcase classname="[272] numeroNatural=273, numeroRomano=CCLXXIII(testNumerosRomanos(int, String))" name="[272] numeroNatural=273, numeroRomano=CCLXXIII(testNumerosRomanos" time="0"/>
  <testcase classname="[273] numeroNatural=274, numeroRomano=CCLXXIV(testNumerosRomanos(int, String))" name="[273] numeroNatural=274, numeroRomano=CCLXXIV(testNumerosRomanos" time="0"/>
  <testcase classname="[274] numeroNatural=275, numeroRomano=CCLXXV(testNumerosRomanos(int, String))" name="[274] numeroNatural=275, numeroRomano=CCLXXV(testNumerosRomanos" time="0"/>
  <testcase classname="[275] numeroNatural=276, numeroRomano=CCLXXVI(testNumerosRomanos(int, String))" name="[275] numeroNatural=276, numeroRomano=CCLXXVI(testNumerosRomanos" time="0"/>
  <testcase classname="[276] numeroNatural=277, numeroRomano=CCLXXVII(testNumerosRomanos(int, String))" name="[276] numeroNatural=277, numeroRomano=CCLXXVII(testNumerosRomanos" time="0.001"/>
  <testcase classname="[277] numeroNatural=278, numeroRomano=CCLXXVIII(testNumerosRomanos(int, String))" name="[277] numeroNatural=278, numeroRomano=CCLXXVIII(testNumerosRomanos" time="0.001"/>
  <testcase classname="[278] numeroNatural=279, numeroRomano=CCLXXIX(testNumerosRomanos(int, String))" name="[278] numeroNatural=279, numeroRomano=CCLXXIX(testNumerosRomanos" time="0.001"/>
  <testcase classname="[279] numeroNatural=280, numeroRomano=CCLXXX(testNumerosRomanos(int, String))" name="[279] numeroNatural=280, numeroRomano=CCLXXX(testNumerosRomanos" time="0"/>
  <testcase classname="[280] numeroNatural=281, numeroRomano=CCLXXXI(testNumerosRomanos(int, String))" name="[280] numeroNatural=281, numeroRomano=CCLXXXI(testNumerosRomanos" time="0.001"/>
  <testcase classname="[281] numeroNatural=282, numeroRomano=CCLXXXII(testNumerosRomanos(int, String))" name="[281] numeroNatural=282, numeroRomano=CCLXXXII(testNumerosRomanos" time="0.001"/>
  <testcase classname="[282] numeroNatural=283, numeroRomano=CCLXXXIII(testNumerosRomanos(int, String))" name="[282] numeroNatural=283, numeroRomano=CCLXXXIII(testNumerosRomanos" time="0"/>
  <testcase classname="[283] numeroNatural=284, numeroRomano=CCLXXXIV(testNumerosRomanos(int, String))" name="[283] numeroNatural=284, numeroRomano=CCLXXXIV(testNumerosRomanos" time="0"/>
  <testcase classname="[284] numeroNatural=285, numeroRomano=CCLXXXV(testNumerosRomanos(int, String))" name="[284] numeroNatural=285, numeroRomano=CCLXXXV(testNumerosRomanos" time="0"/>
  <testcase classname="[285] numeroNatural=286, numeroRomano=CCLXXXVI(testNumerosRomanos(int, String))" name="[285] numeroNatural=286, numeroRomano=CCLXXXVI(testNumerosRomanos" time="0.002"/>
  <testcase classname="[286] numeroNatural=287, numeroRomano=CCLXXXVII(testNumerosRomanos(int, String))" name="[286] numeroNatural=287, numeroRomano=CCLXXXVII(testNumerosRomanos" time="0.001"/>
  <testcase classname="[287] numeroNatural=288, numeroRomano=CCLXXXVIII(testNumerosRomanos(int, String))" name="[287] numeroNatural=288, numeroRomano=CCLXXXVIII(testNumerosRomanos" time="0"/>
  <testcase classname="[288] numeroNatural=289, numeroRomano=CCLXXXIX(testNumerosRomanos(int, String))" name="[288] numeroNatural=289, numeroRomano=CCLXXXIX(testNumerosRomanos" time="0.001"/>
  <testcase classname="[289] numeroNatural=290, numeroRomano=CCXC(testNumerosRomanos(int, String))" name="[289] numeroNatural=290, numeroRomano=CCXC(testNumerosRomanos" time="0"/>
  <testcase classname="[290] numeroNatural=291, numeroRomano=CCXCI(testNumerosRomanos(int, String))" name="[290] numeroNatural=291, numeroRomano=CCXCI(testNumerosRomanos" time="0.004"/>
  <testcase classname="[291] numeroNatural=292, numeroRomano=CCXCII(testNumerosRomanos(int, String))" name="[291] numeroNatural=292, numeroRomano=CCXCII(testNumerosRomanos" time="0.001"/>
  <testcase classname="[292] numeroNatural=293, numeroRomano=CCXCIII(testNumerosRomanos(int, String))" name="[292] numeroNatural=293, numeroRomano=CCXCIII(testNumerosRomanos" time="0.001"/>
  <testcase classname="[293] numeroNatural=294, numeroRomano=CCXCIV(testNumerosRomanos(int, String))" name="[293] numeroNatural=294, numeroRomano=CCXCIV(testNumerosRomanos" time="0.001"/>
  <testcase classname="[294] numeroNatural=295, numeroRomano=CCXCV(testNumerosRomanos(int, String))" name="[294] numeroNatural=295, numeroRomano=CCXCV(testNumerosRomanos" time="0.001"/>
  <testcase classname="[295] numeroNatural=296, numeroRomano=CCXCVI(testNumerosRomanos(int, String))" name="[295] numeroNatural=296, numeroRomano=CCXCVI(testNumerosRomanos" time="0.001"/>
  <testcase classname="[296] numeroNatural=297, numeroRomano=CCXCVII(testNumerosRomanos(int, String))" name="[296] numeroNatural=297, numeroRomano=CCXCVII(testNumerosRomanos" time="0.001"/>
  <testcase classname="[297] numeroNatural=298, numeroRomano=CCXCVIII(testNumerosRomanos(int, String))" name="[297] numeroNatural=298, numeroRomano=CCXCVIII(testNumerosRomanos" time="0"/>
  <testcase classname="[298] numeroNatural=299, numeroRomano=CCXCIX(testNumerosRomanos(int, String))" name="[298] numeroNatural=299, numeroRomano=CCXCIX(testNumerosRomanos" time="0"/>
  <testcase classname="[299] numeroNatural=300, numeroRomano=CCC(testNumerosRomanos(int, String))" name="[299] numeroNatural=300, numeroRomano=CCC(testNumerosRomanos" time="0.002"/>
  <testcase classname="[300] numeroNatural=301, numeroRomano=CCCI(testNumerosRomanos(int, String))" name="[300] numeroNatural=301, numeroRomano=CCCI(testNumerosRomanos" time="0.001"/>
  <testcase classname="[301] numeroNatural=302, numeroRomano=CCCII(testNumerosRomanos(int, String))" name="[301] numeroNatural=302, numeroRomano=CCCII(testNumerosRomanos" time="0"/>
  <testcase classname="[302] numeroNatural=303, numeroRomano=CCCIII(testNumerosRomanos(int, String))" name="[302] numeroNatural=303, numeroRomano=CCCIII(testNumerosRomanos" time="0"/>
  <testcase classname="[303] numeroNatural=304, numeroRomano=CCCIV(testNumerosRomanos(int, String))" name="[303] numeroNatural=304, numeroRomano=CCCIV(testNumerosRomanos" time="0"/>
  <testcase classname="[304] numeroNatural=305, numeroRomano=CCCV(testNumerosRomanos(int, String))" name="[304] numeroNatural=305, numeroRomano=CCCV(testNumerosRomanos" time="0"/>
  <testcase classname="[305] numeroNatural=306, numeroRomano=CCCVI(testNumerosRomanos(int, String))" name="[305] numeroNatural=306, numeroRomano=CCCVI(testNumerosRomanos" time="0.001"/>
  <testcase classname="[306] numeroNatural=307, numeroRomano=CCCVII(testNumerosRomanos(int, String))" name="[306] numeroNatural=307, numeroRomano=CCCVII(testNumerosRomanos" time="0.001"/>
  <testcase classname="[307] numeroNatural=308, numeroRomano=CCCVIII(testNumerosRomanos(int, String))" name="[307] numeroNatural=308, numeroRomano=CCCVIII(testNumerosRomanos" time="0.001"/>
  <testcase classname="[308] numeroNatural=309, numeroRomano=CCCIX(testNumerosRomanos(int, String))" name="[308] numeroNatural=309, numeroRomano=CCCIX(testNumerosRomanos" time="0.001"/>
  <testcase classname="[309] numeroNatural=310, numeroRomano=CCCX(testNumerosRomanos(int, String))" name="[309] numeroNatural=310, numeroRomano=CCCX(testNumerosRomanos" time="0.001"/>
  <testcase classname="[310] numeroNatural=311, numeroRomano=CCCXI(testNumerosRomanos(int, String))" name="[310] numeroNatural=311, numeroRomano=CCCXI(testNumerosRomanos" time="0.001"/>
  <testcase classname="[311] numeroNatural=312, numeroRomano=CCCXII(testNumerosRomanos(int, String))" name="[311] numeroNatural=312, numeroRomano=CCCXII(testNumerosRomanos" time="0"/>
  <testcase classname="[312] numeroNatural=313, numeroRomano=CCCXIII(testNumerosRomanos(int, String))" name="[312] numeroNatural=313, numeroRomano=CCCXIII(testNumerosRomanos" time="0.001"/>
  <testcase classname="[313] numeroNatural=314, numeroRomano=CCCXIV(testNumerosRomanos(int, String))" name="[313] numeroNatural=314, numeroRomano=CCCXIV(testNumerosRomanos" time="0.001"/>
  <testcase classname="[314] numeroNatural=315, numeroRomano=CCCXV(testNumerosRomanos(int, String))" name="[314] numeroNatural=315, numeroRomano=CCCXV(testNumerosRomanos" time="0.004"/>
  <testcase classname="[315] numeroNatural=316, numeroRomano=CCCXVI(testNumerosRomanos(int, String))" name="[315] numeroNatural=316, numeroRomano=CCCXVI(testNumerosRomanos" time="0"/>
  <testcase classname="[316] numeroNatural=317, numeroRomano=CCCXVII(testNumerosRomanos(int, String))" name="[316] numeroNatural=317, numeroRomano=CCCXVII(testNumerosRomanos" time="0"/>
  <testcase classname="[317] numeroNatural=318, numeroRomano=CCCXVIII(testNumerosRomanos(int, String))" name="[317] numeroNatural=318, numeroRomano=CCCXVIII(testNumerosRomanos" time="0.001"/>
  <testcase classname="[318] numeroNatural=319, numeroRomano=CCCXIX(testNumerosRomanos(int, String))" name="[318] numeroNatural=319, numeroRomano=CCCXIX(testNumerosRomanos" time="0.001"/>
  <testcase classname="[319] numeroNatural=320, numeroRomano=CCCXX(testNumerosRomanos(int, String))" name="[319] numeroNatural=320, numeroRomano=CCCXX(testNumerosRomanos" time="0"/>
  <testcase classname="[320] numeroNatural=321, numeroRomano=CCCXXI(testNumerosRomanos(int, String))" name="[320] numeroNatural=321, numeroRomano=CCCXXI(testNumerosRomanos" time="0"/>
  <testcase classname="[321] numeroNatural=322, numeroRomano=CCCXXII(testNumerosRomanos(int, String))" name="[321] numeroNatural=322, numeroRomano=CCCXXII(testNumerosRomanos" time="0.004"/>
  <testcase classname="[322] numeroNatural=323, numeroRomano=CCCXXIII(testNumerosRomanos(int, String))" name="[322] numeroNatural=323, numeroRomano=CCCXXIII(testNumerosRomanos" time="0"/>
  <testcase classname="[323] numeroNatural=324, numeroRomano=CCCXXIV(testNumerosRomanos(int, String))" name="[323] numeroNatural=324, numeroRomano=CCCXXIV(testNumerosRomanos" time="0.004"/>
  <testcase classname="[324] numeroNatural=325, numeroRomano=CCCXXV(testNumerosRomanos(int, String))" name="[324] numeroNatural=325, numeroRomano=CCCXXV(testNumerosRomanos" time="0"/>
  <testcase classname="[325] numeroNatural=326, numeroRomano=CCCXXVI(testNumerosRomanos(int, String))" name="[325] numeroNatural=326, numeroRomano=CCCXXVI(testNumerosRomanos" time="0.001"/>
  <testcase classname="[326] numeroNatural=327, numeroRomano=CCCXXVII(testNumerosRomanos(int, String))" name="[326] numeroNatural=327, numeroRomano=CCCXXVII(testNumerosRomanos" time="0.001"/>
  <testcase classname="[327] numeroNatural=328, numeroRomano=CCCXXVIII(testNumerosRomanos(int, String))" name="[327] numeroNatural=328, numeroRomano=CCCXXVIII(testNumerosRomanos" time="0.003"/>
  <testcase classname="[328] numeroNatural=329, numeroRomano=CCCXXIX(testNumerosRomanos(int, String))" name="[328] numeroNatural=329, numeroRomano=CCCXXIX(testNumerosRomanos" time="0.001"/>
  <testcase classname="[329] numeroNatural=330, numeroRomano=CCCXXX(testNumerosRomanos(int, String))" name="[329] numeroNatural=330, numeroRomano=CCCXXX(testNumerosRomanos" time="0.001"/>
  <testcase classname="[330] numeroNatural=331, numeroRomano=CCCXXXI(testNumerosRomanos(int, String))" name="[330] numeroNatural=331, numeroRomano=CCCXXXI(testNumerosRomanos" time="0"/>
  <testcase classname="[331] numeroNatural=332, numeroRomano=CCCXXXII(testNumerosRomanos(int, String))" name="[331] numeroNatural=332, numeroRomano=CCCXXXII(testNumerosRomanos" time="0"/>
  <testcase classname="[332] numeroNatural=333, numeroRomano=CCCXXXIII(testNumerosRomanos(int, String))" name="[332] numeroNatural=333, numeroRomano=CCCXXXIII(testNumerosRomanos" time="0.001"/>
  <testcase classname="[333] numeroNatural=334, numeroRomano=CCCXXXIV(testNumerosRomanos(int, String))" name="[333] numeroNatural=334, numeroRomano=CCCXXXIV(testNumerosRomanos" time="0.001"/>
  <testcase classname="[334] numeroNatural=335, numeroRomano=CCCXXXV(testNumerosRomanos(int, String))" name="[334] numeroNatural=335, numeroRomano=CCCXXXV(testNumerosRomanos" time="0"/>
  <testcase classname="[335] numeroNatural=336, numeroRomano=CCCXXXVI(testNumerosRomanos(int, String))" name="[335] numeroNatural=336, numeroRomano=CCCXXXVI(testNumerosRomanos" time="0.001"/>
  <testcase classname="[336] numeroNatural=337, numeroRomano=CCCXXXVII(testNumerosRomanos(int, String))" name="[336] numeroNatural=337, numeroRomano=CCCXXXVII(testNumerosRomanos" time="0.001"/>
  <testcase classname="[337] numeroNatural=338, numeroRomano=CCCXXXVIII(testNumerosRomanos(int, String))" name="[337] numeroNatural=338, numeroRomano=CCCXXXVIII(testNumerosRomanos" time="0.001"/>
  <testcase classname="[338] numeroNatural=339, numeroRomano=CCCXXXIX(testNumerosRomanos(int, String))" name="[338] numeroNatural=339, numeroRomano=CCCXXXIX(testNumerosRomanos" time="0.001"/>
  <testcase classname="[339] numeroNatural=340, numeroRomano=CCCXL(testNumerosRomanos(int, String))" name="[339] numeroNatural=340, numeroRomano=CCCXL(testNumerosRomanos" time="0"/>
  <testcase classname="[340] numeroNatural=341, numeroRomano=CCCXLI(testNumerosRomanos(int, String))" name="[340] numeroNatural=341, numeroRomano=CCCXLI(testNumerosRomanos" time="0.001"/>
  <testcase classname="[341] numeroNatural=342, numeroRomano=CCCXLII(testNumerosRomanos(int, String))" name="[341] numeroNatural=342, numeroRomano=CCCXLII(testNumerosRomanos" time="0.001"/>
  <testcase classname="[342] numeroNatural=343, numeroRomano=CCCXLIII(testNumerosRomanos(int, String))" name="[342] numeroNatural=343, numeroRomano=CCCXLIII(testNumerosRomanos" time="0.001"/>
  <testcase classname="[343] numeroNatural=344, numeroRomano=CCCXLIV(testNumerosRomanos(int, String))" name="[343] numeroNatural=344, numeroRomano=CCCXLIV(testNumerosRomanos" time="0.001"/>
  <testcase classname="[344] numeroNatural=345, numeroRomano=CCCXLV(testNumerosRomanos(int, String))" name="[344] numeroNatural=345, numeroRomano=CCCXLV(testNumerosRomanos" time="0"/>
  <testcase classname="[345] numeroNatural=346, numeroRomano=CCCXLVI(testNumerosRomanos(int, String))" name="[345] numeroNatural=346, numeroRomano=CCCXLVI(testNumerosRomanos" time="0.001"/>
  <testcase classname="[346] numeroNatural=347, numeroRomano=CCCXLVII(testNumerosRomanos(int, String))" name="[346] numeroNatural=347, numeroRomano=CCCXLVII(testNumerosRomanos" time="0.001"/>
  <testcase classname="[347] numeroNatural=348, numeroRomano=CCCXLVIII(testNumerosRomanos(int, String))" name="[347] numeroNatural=348, numeroRomano=CCCXLVIII(testNumerosRomanos" time="0.001"/>
  <testcase classname="[348] numeroNatural=349, numeroRomano=CCCXLIX(testNumerosRomanos(int, String))" name="[348] numeroNatural=349, numeroRomano=CCCXLIX(testNumerosRomanos" time="0.001"/>
  <testcase classname="[349] numeroNatural=350, numeroRomano=CCCL(testNumerosRomanos(int, String))" name="[349] numeroNatural=350, numeroRomano=CCCL(testNumerosRomanos" time="0"/>
  <testcase classname="[350] numeroNatural=351, numeroRomano=CCCLI(testNumerosRomanos(int, String))" name="[350] numeroNatural=351, numeroRomano=CCCLI(testNumerosRomanos" time="0.001"/>
  <testcase classname="[351] numeroNatural=352, numeroRomano=CCCLII(testNumerosRomanos(int, String))" name="[351] numeroNatural=352, numeroRomano=CCCLII(testNumerosRomanos" time="0.001"/>
  <testcase classname="[352] numeroNatural=353, numeroRomano=CCCLIII(testNumerosRomanos(int, String))" name="[352] numeroNatural=353, numeroRomano=CCCLIII(testNumerosRomanos" time="0.001"/>
  <testcase classname="[353] numeroNatural=354, numeroRomano=CCCLIV(testNumerosRomanos(int, String))" name="[353] numeroNatural=354, numeroRomano=CCCLIV(testNumerosRomanos" time="0.001"/>
  <testcase classname="[354] numeroNatural=355, numeroRomano=CCCLV(testNumerosRomanos(int, String))" name="[354] numeroNatural=355, numeroRomano=CCCLV(testNumerosRomanos" time="0"/>
  <testcase classname="[355] numeroNatural=356, numeroRomano=CCCLVI(testNumerosRomanos(int, String))" name="[355] numeroNatural=356, numeroRomano=CCCLVI(testNumerosRomanos" time="0"/>
  <testcase classname="[356] numeroNatural=357, numeroRomano=CCCLVII(testNumerosRomanos(int, String))" name="[356] numeroNatural=357, numeroRomano=CCCLVII(testNumerosRomanos" time="0.001"/>
  <testcase classname="[357] numeroNatural=358, numeroRomano=CCCLVIII(testNumerosRomanos(int, String))" name="[357] numeroNatural=358, numeroRomano=CCCLVIII(testNumerosRomanos" time="0"/>
  <testcase classname="[358] numeroNatural=359, numeroRomano=CCCLIX(testNumerosRomanos(int, String))" name="[358] numeroNatural=359, numeroRomano=CCCLIX(testNumerosRomanos" time="0.001"/>
  <testcase classname="[359] numeroNatural=360, numeroRomano=CCCLX(testNumerosRomanos(int, String))" name="[359] numeroNatural=360, numeroRomano=CCCLX(testNumerosRomanos" time="0.001"/>
  <testcase classname="[360] numeroNatural=361, numeroRomano=CCCLXI(testNumerosRomanos(int, String))" name="[360] numeroNatural=361, numeroRomano=CCCLXI(testNumerosRomanos" time="0.001"/>
  <testcase classname="[361] numeroNatural=362, numeroRomano=CCCLXII(testNumerosRomanos(int, String))" name="[361] numeroNatural=362, numeroRomano=CCCLXII(testNumerosRomanos" time="0.001"/>
  <testcase classname="[362] numeroNatural=363, numeroRomano=CCCLXIII(testNumerosRomanos(int, String))" name="[362] numeroNatural=363, numeroRomano=CCCLXIII(testNumerosRomanos" time="0.001"/>
  <testcase classname="[363] numeroNatural=364, numeroRomano=CCCLXIV(testNumerosRomanos(int, String))" name="[363] numeroNatural=364, numeroRomano=CCCLXIV(testNumerosRomanos" time="0.001"/>
  <testcase classname="[364] numeroNatural=365, numeroRomano=CCCLXV(testNumerosRomanos(int, String))" name="[364] numeroNatural=365, numeroRomano=CCCLXV(testNumerosRomanos" time="0.001"/>
  <testcase classname="[365] numeroNatural=366, numeroRomano=CCCLXVI(testNumerosRomanos(int, String))" name="[365] numeroNatural=366, numeroRomano=CCCLXVI(testNumerosRomanos" time="0.001"/>
  <testcase classname="[366] numeroNatural=367, numeroRomano=CCCLXVII(testNumerosRomanos(int, String))" name="[366] numeroNatural=367, numeroRomano=CCCLXVII(testNumerosRomanos" time="0"/>
  <testcase classname="[367] numeroNatural=368, numeroRomano=CCCLXVIII(testNumerosRomanos(int, String))" name="[367] numeroNatural=368, numeroRomano=CCCLXVIII(testNumerosRomanos" time="0.001"/>
  <testcase classname="[368] numeroNatural=369, numeroRomano=CCCLXIX(testNumerosRomanos(int, String))" name="[368] numeroNatural=369, numeroRomano=CCCLXIX(testNumerosRomanos" time="0.001"/>
  <testcase classname="[369] numeroNatural=370, numeroRomano=CCCLXX(testNumerosRomanos(int, String))" name="[369] numeroNatural=370, numeroRomano=CCCLXX(testNumerosRomanos" time="0"/>
  <testcase classname="[370] numeroNatural=371, numeroRomano=CCCLXXI(testNumerosRomanos(int, String))" name="[370] numeroNatural=371, numeroRomano=CCCLXXI(testNumerosRomanos" time="0.001"/>
  <testcase classname="[371] numeroNatural=372, numeroRomano=CCCLXXII(testNumerosRomanos(int, String))" name="[371] numeroNatural=372, numeroRomano=CCCLXXII(testNumerosRomanos" time="0"/>
  <testcase classname="[372] numeroNatural=373, numeroRomano=CCCLXXIII(testNumerosRomanos(int, String))" name="[372] numeroNatural=373, numeroRomano=CCCLXXIII(testNumerosRomanos" time="0.001"/>
  <testcase classname="[373] numeroNatural=374, numeroRomano=CCCLXXIV(testNumerosRomanos(int, String))" name="[373] numeroNatural=374, numeroRomano=CCCLXXIV(testNumerosRomanos" time="0"/>
  <testcase classname="[374] numeroNatural=375, numeroRomano=CCCLXXV(testNumerosRomanos(int, String))" name="[374] numeroNatural=375, numeroRomano=CCCLXXV(testNumerosRomanos" time="0"/>
  <testcase classname="[375] numeroNatural=376, numeroRomano=CCCLXXVI(testNumerosRomanos(int, String))" name="[375] numeroNatural=376, numeroRomano=CCCLXXVI(testNumerosRomanos" time="0"/>
  <testcase classname="[376] numeroNatural=377, numeroRomano=CCCLXXVII(testNumerosRomanos(int, String))" name="[376] numeroNatural=377, numeroRomano=CCCLXXVII(testNumerosRomanos" time="0.001"/>
  <testcase classname="[377] numeroNatural=378, numeroRomano=CCCLXXVIII(testNumerosRomanos(int, String))" name="[377] numeroNatural=378, numeroRomano=CCCLXXVIII(testNumerosRomanos" time="0"/>
  <testcase classname="[378] numeroNatural=379, numeroRomano=CCCLXXIX(testNumerosRomanos(int, String))" name="[378] numeroNatural=379, numeroRomano=CCCLXXIX(testNumerosRomanos" time="0.001"/>
  <testcase classname="[379] numeroNatural=380, numeroRomano=CCCLXXX(testNumerosRomanos(int, String))" name="[379] numeroNatural=380, numeroRomano=CCCLXXX(testNumerosRomanos" time="0.002"/>
  <testcase classname="[380] numeroNatural=381, numeroRomano=CCCLXXXI(testNumerosRomanos(int, String))" name="[380] numeroNatural=381, numeroRomano=CCCLXXXI(testNumerosRomanos" time="0.005"/>
  <testcase classname="[381] numeroNatural=382, numeroRomano=CCCLXXXII(testNumerosRomanos(int, String))" name="[381] numeroNatural=382, numeroRomano=CCCLXXXII(testNumerosRomanos" time="0.001"/>
  <testcase classname="[382] numeroNatural=383, numeroRomano=CCCLXXXIII(testNumerosRomanos(int, String))" name="[382] numeroNatural=383, numeroRomano=CCCLXXXIII(testNumerosRomanos" time="0"/>
  <testcase classname="[383] numeroNatural=384, numeroRomano=CCCLXXXIV(testNumerosRomanos(int, String))" name="[383] numeroNatural=384, numeroRomano=CCCLXXXIV(testNumerosRomanos" time="0.001"/>
  <testcase classname="[384] numeroNatural=385, numeroRomano=CCCLXXXV(testNumerosRomanos(int, String))" name="[384] numeroNatural=385, numeroRomano=CCCLXXXV(testNumerosRomanos" time="0.001"/>
  <testcase classname="[385] numeroNatural=386, numeroRomano=CCCLXXXVI(testNumerosRomanos(int, String))" name="[385] numeroNatural=386, numeroRomano=CCCLXXXVI(testNumerosRomanos" time="0.001"/>
  <testcase classname="[386] numeroNatural=387, numeroRomano=CCCLXXXVII(testNumerosRomanos(int, String))" name="[386] numeroNatural=387, numeroRomano=CCCLXXXVII(testNumerosRomanos" time="0.001"/>
  <testcase classname="[387] numeroNatural=388, numeroRomano=CCCLXXXVIII(testNumerosRomanos(int, String))" name="[387] numeroNatural=388, numeroRomano=CCCLXXXVIII(testNumerosRomanos" time="0.001"/>
  <testcase classname="[388] numeroNatural=389, numeroRomano=CCCLXXXIX(testNumerosRomanos(int, String))" name="[388] numeroNatural=389, numeroRomano=CCCLXXXIX(testNumerosRomanos" time="0.001"/>
  <testcase classname="[389] numeroNatural=390, numeroRomano=CCCXC(testNumerosRomanos(int, String))" name="[389] numeroNatural=390, numeroRomano=CCCXC(testNumerosRomanos" time="0.004"/>
  <testcase classname="[390] numeroNatural=391, numeroRomano=CCCXCI(testNumerosRomanos(int, String))" name="[390] numeroNatural=391, numeroRomano=CCCXCI(testNumerosRomanos" time="0"/>
  <testcase classname="[391] numeroNatural=392, numeroRomano=CCCXCII(testNumerosRomanos(int, String))" name="[391] numeroNatural=392, numeroRomano=CCCXCII(testNumerosRomanos" time="0.002"/>
  <testcase classname="[392] numeroNatural=393, numeroRomano=CCCXCIII(testNumerosRomanos(int, String))" name="[392] numeroNatural=393, numeroRomano=CCCXCIII(testNumerosRomanos" time="0.001"/>
  <testcase classname="[393] numeroNatural=394, numeroRomano=CCCXCIV(testNumerosRomanos(int, String))" name="[393] numeroNatural=394, numeroRomano=CCCXCIV(testNumerosRomanos" time="0.001"/>
  <testcase classname="[394] numeroNatural=395, numeroRomano=CCCXCV(testNumerosRomanos(int, String))" name="[394] numeroNatural=395, numeroRomano=CCCXCV(testNumerosRomanos" time="0.001"/>
  <testcase classname="[395] numeroNatural=396, numeroRomano=CCCXCVI(testNumerosRomanos(int, String))" name="[395] numeroNatural=396, numeroRomano=CCCXCVI(testNumerosRomanos" time="0.001"/>
  <testcase classname="[396] numeroNatural=397, numeroRomano=CCCXCVII(testNumerosRomanos(int, String))" name="[396] numeroNatural=397, numeroRomano=CCCXCVII(testNumerosRomanos" time="0"/>
  <testcase classname="[397] numeroNatural=398, numeroRomano=CCCXCVIII(testNumerosRomanos(int, String))" name="[397] numeroNatural=398, numeroRomano=CCCXCVIII(testNumerosRomanos" time="0"/>
  <testcase classname="[398] numeroNatural=399, numeroRomano=CCCXCIX(testNumerosRomanos(int, String))" name="[398] numeroNatural=399, numeroRomano=CCCXCIX(testNumerosRomanos" time="0"/>
  <testcase classname="[399] numeroNatural=400, numeroRomano=CD(testNumerosRomanos(int, String))" name="[399] numeroNatural=400, numeroRomano=CD(testNumerosRomanos" time="0.001"/>
  <testcase classname="[400] numeroNatural=401, numeroRomano=CDI(testNumerosRomanos(int, String))" name="[400] numeroNatural=401, numeroRomano=CDI(testNumerosRomanos" time="0.002"/>
  <testcase classname="[401] numeroNatural=402, numeroRomano=CDII(testNumerosRomanos(int, String))" name="[401] numeroNatural=402, numeroRomano=CDII(testNumerosRomanos" time="0.001"/>
  <testcase classname="[402] numeroNatural=403, numeroRomano=CDIII(testNumerosRomanos(int, String))" name="[402] numeroNatural=403, numeroRomano=CDIII(testNumerosRomanos" time="0.001"/>
  <testcase classname="[403] numeroNatural=404, numeroRomano=CDIV(testNumerosRomanos(int, String))" name="[403] numeroNatural=404, numeroRomano=CDIV(testNumerosRomanos" time="0.003"/>
  <testcase classname="[404] numeroNatural=405, numeroRomano=CDV(testNumerosRomanos(int, String))" name="[404] numeroNatural=405, numeroRomano=CDV(testNumerosRomanos" time="0.001"/>
  <testcase classname="[405] numeroNatural=406, numeroRomano=CDVI(testNumerosRomanos(int, String))" name="[405] numeroNatural=406, numeroRomano=CDVI(testNumerosRomanos" time="0"/>
  <testcase classname="[406] numeroNatural=407, numeroRomano=CDVII(testNumerosRomanos(int, String))" name="[406] numeroNatural=407, numeroRomano=CDVII(testNumerosRomanos" time="0.001"/>
  <testcase classname="[407] numeroNatural=408, numeroRomano=CDVIII(testNumerosRomanos(int, String))" name="[407] numeroNatural=408, numeroRomano=CDVIII(testNumerosRomanos" time="0.001"/>
  <testcase classname="[408] numeroNatural=409, numeroRomano=CDIX(testNumerosRomanos(int, String))" name="[408] numeroNatural=409, numeroRomano=CDIX(testNumerosRomanos" time="0.001"/>
  <testcase classname="[409] numeroNatural=410, numeroRomano=CDX(testNumerosRomanos(int, String))" name="[409] numeroNatural=410, numeroRomano=CDX(testNumerosRomanos" time="0.001"/>
  <testcase classname="[410] numeroNatural=411, numeroRomano=CDXI(testNumerosRomanos(int, String))" name="[410] numeroNatural=411, numeroRomano=CDXI(testNumerosRomanos" time="0.002"/>
  <testcase classname="[411] numeroNatural=412, numeroRomano=CDXII(testNumerosRomanos(int, String))" name="[411] numeroNatural=412, numeroRomano=CDXII(testNumerosRomanos" time="0"/>
  <testcase classname="[412] numeroNatural=413, numeroRomano=CDXIII(testNumerosRomanos(int, String))" name="[412] numeroNatural=413, numeroRomano=CDXIII(testNumerosRomanos" time="0"/>
  <testcase classname="[413] numeroNatural=414, numeroRomano=CDXIV(testNumerosRomanos(int, String))" name="[413] numeroNatural=414, numeroRomano=CDXIV(testNumerosRomanos" time="0.001"/>
  <testcase classname="[414] numeroNatural=415, numeroRomano=CDXV(testNumerosRomanos(int, String))" name="[414] numeroNatural=415, numeroRomano=CDXV(testNumerosRomanos" time="0"/>
  <testcase classname="[415] numeroNatural=416, numeroRomano=CDXVI(testNumerosRomanos(int, String))" name="[415] numeroNatural=416, numeroRomano=CDXVI(testNumerosRomanos" time="0.001"/>
  <testcase classname="[416] numeroNatural=417, numeroRomano=CDXVII(testNumerosRomanos(int, String))" name="[416] numeroNatural=417, numeroRomano=CDXVII(testNumerosRomanos" time="0.001"/>
  <testcase classname="[417] numeroNatural=418, numeroRomano=CDXVIII(testNumerosRomanos(int, String))" name="[417] numeroNatural=418, numeroRomano=CDXVIII(testNumerosRomanos" time="0.003"/>
  <testcase classname="[418] numeroNatural=419, numeroRomano=CDXIX(testNumerosRomanos(int, String))" name="[418] numeroNatural=419, numeroRomano=CDXIX(testNumerosRomanos" time="0"/>
  <testcase classname="[419] numeroNatural=420, numeroRomano=CDXX(testNumerosRomanos(int, String))" name="[419] numeroNatural=420, numeroRomano=CDXX(testNumerosRomanos" time="0"/>
  <testcase classname="[420] numeroNatural=421, numeroRomano=CDXXI(testNumerosRomanos(int, String))" name="[420] numeroNatural=421, numeroRomano=CDXXI(testNumerosRomanos" time="0.001"/>
  <testcase classname="[421] numeroNatural=422, numeroRomano=CDXXII(testNumerosRomanos(int, String))" name="[421] numeroNatural=422, numeroRomano=CDXXII(testNumerosRomanos" time="0.001"/>
  <testcase classname="[422] numeroNatural=423, numeroRomano=CDXXIII(testNumerosRomanos(int, String))" name="[422] numeroNatural=423, numeroRomano=CDXXIII(testNumerosRomanos" time="0.001"/>
  <testcase classname="[423] numeroNatural=424, numeroRomano=CDXXIV(testNumerosRomanos(int, String))" name="[423] numeroNatural=424, numeroRomano=CDXXIV(testNumerosRomanos" time="0.001"/>
  <testcase classname="[424] numeroNatural=425, numeroRomano=CDXXV(testNumerosRomanos(int, String))" name="[424] numeroNatural=425, numeroRomano=CDXXV(testNumerosRomanos" time="0.001"/>
  <testcase classname="[425] numeroNatural=426, numeroRomano=CDXXVI(testNumerosRomanos(int, String))" name="[425] numeroNatural=426, numeroRomano=CDXXVI(testNumerosRomanos" time="0"/>
  <testcase classname="[426] numeroNatural=427, numeroRomano=CDXXVII(testNumerosRomanos(int, String))" name="[426] numeroNatural=427, numeroRomano=CDXXVII(testNumerosRomanos" time="0"/>
  <testcase classname="[427] numeroNatural=428, numeroRomano=CDXXVIII(testNumerosRomanos(int, String))" name="[427] numeroNatural=428, numeroRomano=CDXXVIII(testNumerosRomanos" time="0.001"/>
  <testcase classname="[428] numeroNatural=429, numeroRomano=CDXXIX(testNumerosRomanos(int, String))" name="[428] numeroNatural=429, numeroRomano=CDXXIX(testNumerosRomanos" time="0.001"/>
  <testcase classname="[429] numeroNatural=430, numeroRomano=CDXXX(testNumerosRomanos(int, String))" name="[429] numeroNatural=430, numeroRomano=CDXXX(testNumerosRomanos" time="0.001"/>
  <testcase classname="[430] numeroNatural=431, numeroRomano=CDXXXI(testNumerosRomanos(int, String))" name="[430] numeroNatural=431, numeroRomano=CDXXXI(testNumerosRomanos" time="0.001"/>
  <testcase classname="[431] numeroNatural=432, numeroRomano=CDXXXII(testNumerosRomanos(int, String))" name="[431] numeroNatural=432, numeroRomano=CDXXXII(testNumerosRomanos" time="0.001"/>
  <testcase classname="[432] numeroNatural=433, numeroRomano=CDXXXIII(testNumerosRomanos(int, String))" name="[432] numeroNatural=433, numeroRomano=CDXXXIII(testNumerosRomanos" time="0.001"/>
  <testcase classname="[433] numeroNatural=434, numeroRomano=CDXXXIV(testNumerosRomanos(int, String))" name="[433] numeroNatural=434, numeroRomano=CDXXXIV(testNumerosRomanos" time="0.001"/>
  <testcase classname="[434] numeroNatural=435, numeroRomano=CDXXXV(testNumerosRomanos(int, String))" name="[434] numeroNatural=435, numeroRomano=CDXXXV(testNumerosRomanos" time="0.001"/>
  <testcase classname="[435] numeroNatural=436, numeroRomano=CDXXXVI(testNumerosRomanos(int, String))" name="[435] numeroNatural=436, numeroRomano=CDXXXVI(testNumerosRomanos" time="0"/>
  <testcase classname="[436] numeroNatural=437, numeroRomano=CDXXXVII(testNumerosRomanos(int, String))" name="[436] numeroNatural=437, numeroRomano=CDXXXVII(testNumerosRomanos" time="0.002"/>
  <testcase classname="[437] numeroNatural=438, numeroRomano=CDXXXVIII(testNumerosRomanos(int, String))" name="[437] numeroNatural=438, numeroRomano=CDXXXVIII(testNumerosRomanos" time="0.001"/>
  <testcase classname="[438] numeroNatural=439, numeroRomano=CDXXXIX(testNumerosRomanos(int, String))" name="[438] numeroNatural=439, numeroRomano=CDXXXIX(testNumerosRomanos" time="0.001"/>
  <testcase classname="[439] numeroNatural=440, numeroRomano=CDXL(testNumerosRomanos(int, String))" name="[439] numeroNatural=440, numeroRomano=CDXL(testNumerosRomanos" time="0.002"/>
  <testcase classname="[440] numeroNatural=441, numeroRomano=CDXLI(testNumerosRomanos(int, String))" name="[440] numeroNatural=441, numeroRomano=CDXLI(testNumerosRomanos" time="0.001"/>
  <testcase classname="[441] numeroNatural=442, numeroRomano=CDXLII(testNumerosRomanos(int, String))" name="[441] numeroNatural=442, numeroRomano=CDXLII(testNumerosRomanos" time="0.003"/>
  <testcase classname="[442] numeroNatural=443, numeroRomano=CDXLIII(testNumerosRomanos(int, String))" name="[442] numeroNatural=443, numeroRomano=CDXLIII(testNumerosRomanos" time="0"/>
  <testcase classname="[443] numeroNatural=444, numeroRomano=CDXLIV(testNumerosRomanos(int, String))" name="[443] numeroNatural=444, numeroRomano=CDXLIV(testNumerosRomanos" time="0.001"/>
  <testcase classname="[444] numeroNatural=445, numeroRomano=CDXLV(testNumerosRomanos(int, String))" name="[444] numeroNatural=445, numeroRomano=CDXLV(testNumerosRomanos" time="0.001"/>
  <testcase classname="[445] numeroNatural=446, numeroRomano=CDXLVI(testNumerosRomanos(int, String))" name="[445] numeroNatural=446, numeroRomano=CDXLVI(testNumerosRomanos" time="0.001"/>
  <testcase classname="[446] numeroNatural=447, numeroRomano=CDXLVII(testNumerosRomanos(int, String))" name="[446] numeroNatural=447, numeroRomano=CDXLVII(testNumerosRomanos" time="0.005"/>
  <testcase classname="[447] numeroNatural=448, numeroRomano=CDXLVIII(testNumerosRomanos(int, String))" name="[447] numeroNatural=448, numeroRomano=CDXLVIII(testNumerosRomanos" time="0"/>
  <testcase classname="[448] numeroNatural=449, numeroRomano=CDXLIX(testNumerosRomanos(int, String))" name="[448] numeroNatural=449, numeroRomano=CDXLIX(testNumerosRomanos" time="0.001"/>
  <testcase classname="[449] numeroNatural=450, numeroRomano=CDL(testNumerosRomanos(int, String))" name="[449] numeroNatural=450, numeroRomano=CDL(testNumerosRomanos" time="0"/>
  <testcase classname="[450] numeroNatural=451, numeroRomano=CDLI(testNumerosRomanos(int, String))" name="[450] numeroNatural=451, numeroRomano=CDLI(testNumerosRomanos" time="0.002"/>
  <testcase classname="[451] numeroNatural=452, numeroRomano=CDLII(testNumerosRomanos(int, String))" name="[451] numeroNatural=452, numeroRomano=CDLII(testNumerosRomanos" time="0.001"/>
  <testcase classname="[452] numeroNatural=453, numeroRomano=CDLIII(testNumerosRomanos(int, String))" name="[452] numeroNatural=453, numeroRomano=CDLIII(testNumerosRomanos" time="0.001"/>
  <testcase classname="[453] numeroNatural=454, numeroRomano=CDLIV(testNumerosRomanos(int, String))" name="[453] numeroNatural=454, numeroRomano=CDLIV(testNumerosRomanos" time="0"/>
  <testcase classname="[454] numeroNatural=455, numeroRomano=CDLV(testNumerosRomanos(int, String))" name="[454] numeroNatural=455, numeroRomano=CDLV(testNumerosRomanos" time="0.001"/>
  <testcase classname="[455] numeroNatural=456, numeroRomano=CDLVI(testNumerosRomanos(int, String))" name="[455] numeroNatural=456, numeroRomano=CDLVI(testNumerosRomanos" time="0.001"/>
  <testcase classname="[456] numeroNatural=457, numeroRomano=CDLVII(testNumerosRomanos(int, String))" name="[456] numeroNatural=457, numeroRomano=CDLVII(testNumerosRomanos" time="0.001"/>
  <testcase classname="[457] numeroNatural=458, numeroRomano=CDLVIII(testNumerosRomanos(int, String))" name="[457] numeroNatural=458, numeroRomano=CDLVIII(testNumerosRomanos" time="0.002"/>
  <testcase classname="[458] numeroNatural=459, numeroRomano=CDLIX(testNumerosRomanos(int, String))" name="[458] numeroNatural=459, numeroRomano=CDLIX(testNumerosRomanos" time="0.001"/>
  <testcase classname="[459] numeroNatural=460, numeroRomano=CDLX(testNumerosRomanos(int, String))" name="[459] numeroNatural=460, numeroRomano=CDLX(testNumerosRomanos" time="0.001"/>
  <testcase classname="[460] numeroNatural=461, numeroRomano=CDLXI(testNumerosRomanos(int, String))" name="[460] numeroNatural=461, numeroRomano=CDLXI(testNumerosRomanos" time="0"/>
  <testcase classname="[461] numeroNatural=462, numeroRomano=CDLXII(testNumerosRomanos(int, String))" name="[461] numeroNatural=462, numeroRomano=CDLXII(testNumerosRomanos" time="0.001"/>
  <testcase classname="[462] numeroNatural=463, numeroRomano=CDLXIII(testNumerosRomanos(int, String))" name="[462] numeroNatural=463, numeroRomano=CDLXIII(testNumerosRomanos" time="0.001"/>
  <testcase classname="[463] numeroNatural=464, numeroRomano=CDLXIV(testNumerosRomanos(int, String))" name="[463] numeroNatural=464, numeroRomano=CDLXIV(testNumerosRomanos" time="0.001"/>
  <testcase classname="[464] numeroNatural=465, numeroRomano=CDLXV(testNumerosRomanos(int, String))" name="[464] numeroNatural=465, numeroRomano=CDLXV(testNumerosRomanos" time="0.001"/>
  <testcase classname="[465] numeroNatural=466, numeroRomano=CDLXVI(testNumerosRomanos(int, String))" name="[465] numeroNatural=466, numeroRomano=CDLXVI(testNumerosRomanos" time="0"/>
  <testcase classname="[466] numeroNatural=467, numeroRomano=CDLXVII(testNumerosRomanos(int, String))" name="[466] numeroNatural=467, numeroRomano=CDLXVII(testNumerosRomanos" time="0.001"/>
  <testcase classname="[467] numeroNatural=468, numeroRomano=CDLXVIII(testNumerosRomanos(int, String))" name="[467] numeroNatural=468, numeroRomano=CDLXVIII(testNumerosRomanos" time="0.001"/>
  <testcase classname="[468] numeroNatural=469, numeroRomano=CDLXIX(testNumerosRomanos(int, String))" name="[468] numeroNatural=469, numeroRomano=CDLXIX(testNumerosRomanos" time="0"/>
  <testcase classname="[469] numeroNatural=470, numeroRomano=CDLXX(testNumerosRomanos(int, String))" name="[469] numeroNatural=470, numeroRomano=CDLXX(testNumerosRomanos" time="0.001"/>
  <testcase classname="[470] numeroNatural=471, numeroRomano=CDLXXI(testNumerosRomanos(int, String))" name="[470] numeroNatural=471, numeroRomano=CDLXXI(testNumerosRomanos" time="0.001"/>
  <testcase classname="[471] numeroNatural=472, numeroRomano=CDLXXII(testNumerosRomanos(int, String))" name="[471] numeroNatural=472, numeroRomano=CDLXXII(testNumerosRomanos" time="0.001"/>
  <testcase classname="[472] numeroNatural=473, numeroRomano=CDLXXIII(testNumerosRomanos(int, String))" name="[472] numeroNatural=473, numeroRomano=CDLXXIII(testNumerosRomanos" time="0.001"/>
  <testcase classname="[473] numeroNatural=474, numeroRomano=CDLXXIV(testNumerosRomanos(int, String))" name="[473] numeroNatural=474, numeroRomano=CDLXXIV(testNumerosRomanos" time="0.001"/>
  <testcase classname="[474] numeroNatural=475, numeroRomano=CDLXXV(testNumerosRomanos(int, String))" name="[474] numeroNatural=475, numeroRomano=CDLXXV(testNumerosRomanos" time="0.001"/>
  <testcase classname="[475] numeroNatural=476, numeroRomano=CDLXXVI(testNumerosRomanos(int, String))" name="[475] numeroNatural=476, numeroRomano=CDLXXVI(testNumerosRomanos" time="0.001"/>
  <testcase classname="[476] numeroNatural=477, numeroRomano=CDLXXVII(testNumerosRomanos(int, String))" name="[476] numeroNatural=477, numeroRomano=CDLXXVII(testNumerosRomanos" time="0.001"/>
  <testcase classname="[477] numeroNatural=478, numeroRomano=CDLXXVIII(testNumerosRomanos(int, String))" name="[477] numeroNatural=478, numeroRomano=CDLXXVIII(testNumerosRomanos" time="0.001"/>
  <testcase classname="[478] numeroNatural=479, numeroRomano=CDLXXIX(testNumerosRomanos(int, String))" name="[478] numeroNatural=479, numeroRomano=CDLXXIX(testNumerosRomanos" time="0.001"/>
  <testcase classname="[479] numeroNatural=480, numeroRomano=CDLXXX(testNumerosRomanos(int, String))" name="[479] numeroNatural=480, numeroRomano=CDLXXX(testNumerosRomanos" time="0.001"/>
  <testcase classname="[480] numeroNatural=481, numeroRomano=CDLXXXI(testNumerosRomanos(int, String))" name="[480] numeroNatural=481, numeroRomano=CDLXXXI(testNumerosRomanos" time="0"/>
  <testcase classname="[481] numeroNatural=482, numeroRomano=CDLXXXII(testNumerosRomanos(int, String))" name="[481] numeroNatural=482, numeroRomano=CDLXXXII(testNumerosRomanos" time="0.001"/>
  <testcase classname="[482] numeroNatural=483, numeroRomano=CDLXXXIII(testNumerosRomanos(int, String))" name="[482] numeroNatural=483, numeroRomano=CDLXXXIII(testNumerosRomanos" time="0.001"/>
  <testcase classname="[483] numeroNatural=484, numeroRomano=CDLXXXIV(testNumerosRomanos(int, String))" name="[483] numeroNatural=484, numeroRomano=CDLXXXIV(testNumerosRomanos" time="0.002"/>
  <testcase classname="[484] numeroNatural=485, numeroRomano=CDLXXXV(testNumerosRomanos(int, String))" name="[484] numeroNatural=485, numeroRomano=CDLXXXV(testNumerosRomanos" time="0"/>
  <testcase classname="[485] numeroNatural=486, numeroRomano=CDLXXXVI(testNumerosRomanos(int, String))" name="[485] numeroNatural=486, numeroRomano=CDLXXXVI(testNumerosRomanos" time="0"/>
  <testcase classname="[486] numeroNatural=487, numeroRomano=CDLXXXVII(testNumerosRomanos(int, String))" name="[486] numeroNatural=487, numeroRomano=CDLXXXVII(testNumerosRomanos" time="0.001"/>
  <testcase classname="[487] numeroNatural=488, numeroRomano=CDLXXXVIII(testNumerosRomanos(int, String))" name="[487] numeroNatural=488, numeroRomano=CDLXXXVIII(testNumerosRomanos" time="0.001"/>
  <testcase classname="[488] numeroNatural=489, numeroRomano=CDLXXXIX(testNumerosRomanos(int, String))" name="[488] numeroNatural=489, numeroRomano=CDLXXXIX(testNumerosRomanos" time="0.001"/>
  <testcase classname="[489] numeroNatural=490, numeroRomano=CDXC(testNumerosRomanos(int, String))" name="[489] numeroNatural=490, numeroRomano=CDXC(testNumerosRomanos" time="0.001"/>
  <testcase classname="[490] numeroNatural=491, numeroRomano=CDXCI(testNumerosRomanos(int, String))" name="[490] numeroNatural=491, numeroRomano=CDXCI(testNumerosRomanos" time="0.001"/>
  <testcase classname="[491] numeroNatural=492, numeroRomano=CDXCII(testNumerosRomanos(int, String))" name="[491] numeroNatural=492, numeroRomano=CDXCII(testNumerosRomanos" time="0.001"/>
  <testcase classname="[492] numeroNatural=493, numeroRomano=CDXCIII(testNumerosRomanos(int, String))" name="[492] numeroNatural=493, numeroRomano=CDXCIII(testNumerosRomanos" time="0"/>
  <testcase classname="[493] numeroNatural=494, numeroRomano=CDXCIV(testNumerosRomanos(int, String))" name="[493] numeroNatural=494, numeroRomano=CDXCIV(testNumerosRomanos" time="0.001"/>
  <testcase classname="[494] numeroNatural=495, numeroRomano=CDXCV(testNumerosRomanos(int, String))" name="[494] numeroNatural=495, numeroRomano=CDXCV(testNumerosRomanos" time="0.001"/>
  <testcase classname="[495] numeroNatural=496, numeroRomano=CDXCVI(testNumerosRomanos(int, String))" name="[495] numeroNatural=496, numeroRomano=CDXCVI(testNumerosRomanos" time="0.001"/>
  <testcase classname="[496] numeroNatural=497, numeroRomano=CDXCVII(testNumerosRomanos(int, String))" name="[496] numeroNatural=497, numeroRomano=CDXCVII(testNumerosRomanos" time="0.001"/>
  <testcase classname="[497] numeroNatural=498, numeroRomano=CDXCVIII(testNumerosRomanos(int, String))" name="[497] numeroNatural=498, numeroRomano=CDXCVIII(testNumerosRomanos" time="0.001"/>
  <testcase classname="[498] numeroNatural=499, numeroRomano=CDXCIX(testNumerosRomanos(int, String))" name="[498] numeroNatural=499, numeroRomano=CDXCIX(testNumerosRomanos" time="0.001"/>
  <testcase classname="[499] numeroNatural=500, numeroRomano=D(testNumerosRomanos(int, String))" name="[499] numeroNatural=500, numeroRomano=D(testNumerosRomanos" time="0.001"/>
  <testcase classname="[500] numeroNatural=501, numeroRomano=DI(testNumerosRomanos(int, String))" name="[500] numeroNatural=501, numeroRomano=DI(testNumerosRomanos" time="0.001"/>
  <testcase classname="[501] numeroNatural=502, numeroRomano=DII(testNumerosRomanos(int, String))" name="[501] numeroNatural=502, numeroRomano=DII(testNumerosRomanos" time="0.001"/>
  <testcase classname="[502] numeroNatural=503, numeroRomano=DIII(testNumerosRomanos(int, String))" name="[502] numeroNatural=503, numeroRomano=DIII(testNumerosRomanos" time="0"/>
  <testcase classname="[503] numeroNatural=504, numeroRomano=DIV(testNumerosRomanos(int, String))" name="[503] numeroNatural=504, numeroRomano=DIV(testNumerosRomanos" time="0.001"/>
  <testcase classname="[504] numeroNatural=505, numeroRomano=DV(testNumerosRomanos(int, String))" name="[504] numeroNatural=505, numeroRomano=DV(testNumerosRomanos" time="0.001"/>
  <testcase classname="[505] numeroNatural=506, numeroRomano=DVI(testNumerosRomanos(int, String))" name="[505] numeroNatural=506, numeroRomano=DVI(testNumerosRomanos" time="0.001"/>
  <testcase classname="[506] numeroNatural=507, numeroRomano=DVII(testNumerosRomanos(int, String))" name="[506] numeroNatural=507, numeroRomano=DVII(testNumerosRomanos" time="0.001"/>
  <testcase classname="[507] numeroNatural=508, numeroRomano=DVIII(testNumerosRomanos(int, String))" name="[507] numeroNatural=508, numeroRomano=DVIII(testNumerosRomanos" time="0.001"/>
  <testcase classname="[508] numeroNatural=509, numeroRomano=DIX(testNumerosRomanos(int, String))" name="[508] numeroNatural=509, numeroRomano=DIX(testNumerosRomanos" time="0.002"/>
  <testcase classname="[509] numeroNatural=510, numeroRomano=DX(testNumerosRomanos(int, String))" name="[509] numeroNatural=510, numeroRomano=DX(testNumerosRomanos" time="0.001"/>
  <testcase classname="[510] numeroNatural=511, numeroRomano=DXI(testNumerosRomanos(int, String))" name="[510] numeroNatural=511, numeroRomano=DXI(testNumerosRomanos" time="0.002"/>
  <testcase classname="[511] numeroNatural=512, numeroRomano=DXII(testNumerosRomanos(int, String))" name="[511] numeroNatural=512, numeroRomano=DXII(testNumerosRomanos" time="0.001"/>
  <testcase classname="[512] numeroNatural=513, numeroRomano=DXIII(testNumerosRomanos(int, String))" name="[512] numeroNatural=513, numeroRomano=DXIII(testNumerosRomanos" time="0.001"/>
  <testcase classname="[513] numeroNatural=514, numeroRomano=DXIV(testNumerosRomanos(int, String))" name="[513] numeroNatural=514, numeroRomano=DXIV(testNumerosRomanos" time="0.001"/>
  <testcase classname="[514] numeroNatural=515, numeroRomano=DXV(testNumerosRomanos(int, String))" name="[514] numeroNatural=515, numeroRomano=DXV(testNumerosRomanos" time="0.001"/>
  <testcase classname="[515] numeroNatural=516, numeroRomano=DXVI(testNumerosRomanos(int, String))" name="[515] numeroNatural=516, numeroRomano=DXVI(testNumerosRomanos" time="0.001"/>
  <testcase classname="[516] numeroNatural=517, numeroRomano=DXVII(testNumerosRomanos(int, String))" name="[516] numeroNatural=517, numeroRomano=DXVII(testNumerosRomanos" time="0.001"/>
  <testcase classname="[517] numeroNatural=518, numeroRomano=DXVIII(testNumerosRomanos(int, String))" name="[517] numeroNatural=518, numeroRomano=DXVIII(testNumerosRomanos" time="0.001"/>
  <testcase classname="[518] numeroNatural=519, numeroRomano=DXIX(testNumerosRomanos(int, String))" name="[518] numeroNatural=519, numeroRomano=DXIX(testNumerosRomanos" time="0.001"/>
  <testcase classname="[519] numeroNatural=520, numeroRomano=DXX(testNumerosRomanos(int, String))" name="[519] numeroNatural=520, numeroRomano=DXX(testNumerosRomanos" time="0"/>
  <testcase classname="[520] numeroNatural=521, numeroRomano=DXXI(testNumerosRomanos(int, String))" name="[520] numeroNatural=521, numeroRomano=DXXI(testNumerosRomanos" time="0.001"/>
  <testcase classname="[521] numeroNatural=522, numeroRomano=DXXII(testNumerosRomanos(int, String))" name="[521] numeroNatural=522, numeroRomano=DXXII(testNumerosRomanos" time="0.001"/>
  <testcase classname="[522] numeroNatural=523, numeroRomano=DXXIII(testNumerosRomanos(int, String))" name="[522] numeroNatural=523, numeroRomano=DXXIII(testNumerosRomanos" time="0.001"/>
  <testcase classname="[523] numeroNatural=524, numeroRomano=DXXIV(testNumerosRomanos(int, String))" name="[523] numeroNatural=524, numeroRomano=DXXIV(testNumerosRomanos" time="0.001"/>
  <testcase classname="[524] numeroNatural=525, numeroRomano=DXXV(testNumerosRomanos(int, String))" name="[524] numeroNatural=525, numeroRomano=DXXV(testNumerosRomanos" time="0.001"/>
  <testcase classname="[525] numeroNatural=526, numeroRomano=DXXVI(testNumerosRomanos(int, String))" name="[525] numeroNatural=526, numeroRomano=DXXVI(testNumerosRomanos" time="0"/>
  <testcase classname="[526] numeroNatural=527, numeroRomano=DXXVII(testNumerosRomanos(int, String))" name="[526] numeroNatural=527, numeroRomano=DXXVII(testNumerosRomanos" time="0.001"/>
  <testcase classname="[527] numeroNatural=528, numeroRomano=DXXVIII(testNumerosRomanos(int, String))" name="[527] numeroNatural=528, numeroRomano=DXXVIII(testNumerosRomanos" time="0"/>
  <testcase classname="[528] numeroNatural=529, numeroRomano=DXXIX(testNumerosRomanos(int, String))" name="[528] numeroNatural=529, numeroRomano=DXXIX(testNumerosRomanos" time="0.002"/>
  <testcase classname="[529] numeroNatural=530, numeroRomano=DXXX(testNumerosRomanos(int, String))" name="[529] numeroNatural=530, numeroRomano=DXXX(testNumerosRomanos" time="0"/>
  <testcase classname="[530] numeroNatural=531, numeroRomano=DXXXI(testNumerosRomanos(int, String))" name="[530] numeroNatural=531, numeroRomano=DXXXI(testNumerosRomanos" time="0.001"/>
  <testcase classname="[531] numeroNatural=532, numeroRomano=DXXXII(testNumerosRomanos(int, String))" name="[531] numeroNatural=532, numeroRomano=DXXXII(testNumerosRomanos" time="0.001"/>
  <testcase classname="[532] numeroNatural=533, numeroRomano=DXXXIII(testNumerosRomanos(int, String))" name="[532] numeroNatural=533, numeroRomano=DXXXIII(testNumerosRomanos" time="0.001"/>
  <testcase classname="[533] numeroNatural=534, numeroRomano=DXXXIV(testNumerosRomanos(int, String))" name="[533] numeroNatural=534, numeroRomano=DXXXIV(testNumerosRomanos" time="0.001"/>
  <testcase classname="[534] numeroNatural=535, numeroRomano=DXXXV(testNumerosRomanos(int, String))" name="[534] numeroNatural=535, numeroRomano=DXXXV(testNumerosRomanos" time="0"/>
  <testcase classname="[535] numeroNatural=536, numeroRomano=DXXXVI(testNumerosRomanos(int, String))" name="[535] numeroNatural=536, numeroRomano=DXXXVI(testNumerosRomanos" time="0.001"/>
  <testcase classname="[536] numeroNatural=537, numeroRomano=DXXXVII(testNumerosRomanos(int, String))" name="[536] numeroNatural=537, numeroRomano=DXXXVII(testNumerosRomanos" time="0.001"/>
  <testcase classname="[537] numeroNatural=538, numeroRomano=DXXXVIII(testNumerosRomanos(int, String))" name="[537] numeroNatural=538, numeroRomano=DXXXVIII(testNumerosRomanos" time="0.001"/>
  <testcase classname="[538] numeroNatural=539, numeroRomano=DXXXIX(testNumerosRomanos(int, String))" name="[538] numeroNatural=539, numeroRomano=DXXXIX(testNumerosRomanos" time="0.001"/>
  <testcase classname="[539] numeroNatural=540, numeroRomano=DXL(testNumerosRomanos(int, String))" name="[539] numeroNatural=540, numeroRomano=DXL(testNumerosRomanos" time="0.001"/>
  <testcase classname="[540] numeroNatural=541, numeroRomano=DXLI(testNumerosRomanos(int, String))" name="[540] numeroNatural=541, numeroRomano=DXLI(testNumerosRomanos" time="0.007"/>
  <testcase classname="[541] numeroNatural=542, numeroRomano=DXLII(testNumerosRomanos(int, String))" name="[541] numeroNatural=542, numeroRomano=DXLII(testNumerosRomanos" time="0"/>
  <testcase classname="[542] numeroNatural=543, numeroRomano=DXLIII(testNumerosRomanos(int, String))" name="[542] numeroNatural=543, numeroRomano=DXLIII(testNumerosRomanos" time="0"/>
  <testcase classname="[543] numeroNatural=544, numeroRomano=DXLIV(testNumerosRomanos(int, String))" name="[543] numeroNatural=544, numeroRomano=DXLIV(testNumerosRomanos" time="0"/>
  <testcase classname="[544] numeroNatural=545, numeroRomano=DXLV(testNumerosRomanos(int, String))" name="[544] numeroNatural=545, numeroRomano=DXLV(testNumerosRomanos" time="0.001"/>
  <testcase classname="[545] numeroNatural=546, numeroRomano=DXLVI(testNumerosRomanos(int, String))" name="[545] numeroNatural=546, numeroRomano=DXLVI(testNumerosRomanos" time="0.001"/>
  <testcase classname="[546] numeroNatural=547, numeroRomano=DXLVII(testNumerosRomanos(int, String))" name="[546] numeroNatural=547, numeroRomano=DXLVII(testNumerosRomanos" time="0.001"/>
  <testcase classname="[547] numeroNatural=548, numeroRomano=DXLVIII(testNumerosRomanos(int, String))" name="[547] numeroNatural=548, numeroRomano=DXLVIII(testNumerosRomanos" time="0.001"/>
  <testcase classname="[548] numeroNatural=549, numeroRomano=DXLIX(testNumerosRomanos(int, String))" name="[548] numeroNatural=549, numeroRomano=DXLIX(testNumerosRomanos" time="0.001"/>
  <testcase classname="[549] numeroNatural=550, numeroRomano=DL(testNumerosRomanos(int, String))" name="[549] numeroNatural=550, numeroRomano=DL(testNumerosRomanos" time="0.003"/>
  <testcase classname="[550] numeroNatural=551, numeroRomano=DLI(testNumerosRomanos(int, String))" name="[550] numeroNatural=551, numeroRomano=DLI(testNumerosRomanos" time="0"/>
  <testcase classname="[551] numeroNatural=552, numeroRomano=DLII(testNumerosRomanos(int, String))" name="[551] numeroNatural=552, numeroRomano=DLII(testNumerosRomanos" time="0.001"/>
  <testcase classname="[552] numeroNatural=553, numeroRomano=DLIII(testNumerosRomanos(int, String))" name="[552] numeroNatural=553, numeroRomano=DLIII(testNumerosRomanos" time="0.001"/>
  <testcase classname="[553] numeroNatural=554, numeroRomano=DLIV(testNumerosRomanos(int, String))" name="[553] numeroNatural=554, numeroRomano=DLIV(testNumerosRomanos" time="0.002"/>
  <testcase classname="[554] numeroNatural=555, numeroRomano=DLV(testNumerosRomanos(int, String))" name="[554] numeroNatural=555, numeroRomano=DLV(testNumerosRomanos" time="0.001"/>
  <testcase classname="[555] numeroNatural=556, numeroRomano=DLVI(testNumerosRomanos(int, String))" name="[555] numeroNatural=556, numeroRomano=DLVI(testNumerosRomanos" time="0.001"/>
  <testcase classname="[556] numeroNatural=557, numeroRomano=DLVII(testNumerosRomanos(int, String))" name="[556] numeroNatural=557, numeroRomano=DLVII(testNumerosRomanos" time="0.001"/>
  <testcase classname="[557] numeroNatural=558, numeroRomano=DLVIII(testNumerosRomanos(int, String))" name="[557] numeroNatural=558, numeroRomano=DLVIII(testNumerosRomanos" time="0.001"/>
  <testcase classname="[558] numeroNatural=559, numeroRomano=DLIX(testNumerosRomanos(int, String))" name="[558] numeroNatural=559, numeroRomano=DLIX(testNumerosRomanos" time="0.001"/>
  <testcase classname="[559] numeroNatural=560, numeroRomano=DLX(testNumerosRomanos(int, String))" name="[559] numeroNatural=560, numeroRomano=DLX(testNumerosRomanos" time="0.002"/>
  <testcase classname="[560] numeroNatural=561, numeroRomano=DLXI(testNumerosRomanos(int, String))" name="[560] numeroNatural=561, numeroRomano=DLXI(testNumerosRomanos" time="0"/>
  <testcase classname="[561] numeroNatural=562, numeroRomano=DLXII(testNumerosRomanos(int, String))" name="[561] numeroNatural=562, numeroRomano=DLXII(testNumerosRomanos" time="0.001"/>
  <testcase classname="[562] numeroNatural=563, numeroRomano=DLXIII(testNumerosRomanos(int, String))" name="[562] numeroNatural=563, numeroRomano=DLXIII(testNumerosRomanos" time="0.002"/>
  <testcase classname="[563] numeroNatural=564, numeroRomano=DLXIV(testNumerosRomanos(int, String))" name="[563] numeroNatural=564, numeroRomano=DLXIV(testNumerosRomanos" time="0.001"/>
  <testcase classname="[564] numeroNatural=565, numeroRomano=DLXV(testNumerosRomanos(int, String))" name="[564] numeroNatural=565, numeroRomano=DLXV(testNumerosRomanos" time="0.001"/>
  <testcase classname="[565] numeroNatural=566, numeroRomano=DLXVI(testNumerosRomanos(int, String))" name="[565] numeroNatural=566, numeroRomano=DLXVI(testNumerosRomanos" time="0.001"/>
  <testcase classname="[566] numeroNatural=567, numeroRomano=DLXVII(testNumerosRomanos(int, String))" name="[566] numeroNatural=567, numeroRomano=DLXVII(testNumerosRomanos" time="0.001"/>
  <testcase classname="[567] numeroNatural=568, numeroRomano=DLXVIII(testNumerosRomanos(int, String))" name="[567] numeroNatural=568, numeroRomano=DLXVIII(testNumerosRomanos" time="0.001"/>
  <testcase classname="[568] numeroNatural=569, numeroRomano=DLXIX(testNumerosRomanos(int, String))" name="[568] numeroNatural=569, numeroRomano=DLXIX(testNumerosRomanos" time="0.002"/>
  <testcase classname="[569] numeroNatural=570, numeroRomano=DLXX(testNumerosRomanos(int, String))" name="[569] numeroNatural=570, numeroRomano=DLXX(testNumerosRomanos" time="0.001"/>
  <testcase classname="[570] numeroNatural=571, numeroRomano=DLXXI(testNumerosRomanos(int, String))" name="[570] numeroNatural=571, numeroRomano=DLXXI(testNumerosRomanos" time="0.001"/>
  <testcase classname="[571] numeroNatural=572, numeroRomano=DLXXII(testNumerosRomanos(int, String))" name="[571] numeroNatural=572, numeroRomano=DLXXII(testNumerosRomanos" time="0.001"/>
  <testcase classname="[572] numeroNatural=573, numeroRomano=DLXXIII(testNumerosRomanos(int, String))" name="[572] numeroNatural=573, numeroRomano=DLXXIII(testNumerosRomanos" time="0.001"/>
  <testcase classname="[573] numeroNatural=574, numeroRomano=DLXXIV(testNumerosRomanos(int, String))" name="[573] numeroNatural=574, numeroRomano=DLXXIV(testNumerosRomanos" time="0.001"/>
  <testcase classname="[574] numeroNatural=575, numeroRomano=DLXXV(testNumerosRomanos(int, String))" name="[574] numeroNatural=575, numeroRomano=DLXXV(testNumerosRomanos" time="0.001"/>
  <testcase classname="[575] numeroNatural=576, numeroRomano=DLXXVI(testNumerosRomanos(int, String))" name="[575] numeroNatural=576, numeroRomano=DLXXVI(testNumerosRomanos" time="0.001"/>
  <testcase classname="[576] numeroNatural=577, numeroRomano=DLXXVII(testNumerosRomanos(int, String))" name="[576] numeroNatural=577, numeroRomano=DLXXVII(testNumerosRomanos" time="0.001"/>
  <testcase classname="[577] numeroNatural=578, numeroRomano=DLXXVIII(testNumerosRomanos(int, String))" name="[577] numeroNatural=578, numeroRomano=DLXXVIII(testNumerosRomanos" time="0"/>
  <testcase classname="[578] numeroNatural=579, numeroRomano=DLXXIX(testNumerosRomanos(int, String))" name="[578] numeroNatural=579, numeroRomano=DLXXIX(testNumerosRomanos" time="0"/>
  <testcase classname="[579] numeroNatural=580, numeroRomano=DLXXX(testNumerosRomanos(int, String))" name="[579] numeroNatural=580, numeroRomano=DLXXX(testNumerosRomanos" time="0"/>
  <testcase classname="[580] numeroNatural=581, numeroRomano=DLXXXI(testNumerosRomanos(int, String))" name="[580] numeroNatural=581, numeroRomano=DLXXXI(testNumerosRomanos" time="0.001"/>
  <testcase classname="[581] numeroNatural=582, numeroRomano=DLXXXII(testNumerosRomanos(int, String))" name="[581] numeroNatural=582, numeroRomano=DLXXXII(testNumerosRomanos" time="0.001"/>
  <testcase classname="[582] numeroNatural=583, numeroRomano=DLXXXIII(testNumerosRomanos(int, String))" name="[582] numeroNatural=583, numeroRomano=DLXXXIII(testNumerosRomanos" time="0.001"/>
  <testcase classname="[583] numeroNatural=584, numeroRomano=DLXXXIV(testNumerosRomanos(int, String))" name="[583] numeroNatural=584, numeroRomano=DLXXXIV(testNumerosRomanos" time="0.001"/>
  <testcase classname="[584] numeroNatural=585, numeroRomano=DLXXXV(testNumerosRomanos(int, String))" name="[584] numeroNatural=585, numeroRomano=DLXXXV(testNumerosRomanos" time="0.001"/>
  <testcase classname="[585] numeroNatural=586, numeroRomano=DLXXXVI(testNumerosRomanos(int, String))" name="[585] numeroNatural=586, numeroRomano=DLXXXVI(testNumerosRomanos" time="0.001"/>
  <testcase classname="[586] numeroNatural=587, numeroRomano=DLXXXVII(testNumerosRomanos(int, String))" name="[586] numeroNatural=587, numeroRomano=DLXXXVII(testNumerosRomanos" time="0.001"/>
  <testcase classname="[587] numeroNatural=588, numeroRomano=DLXXXVIII(testNumerosRomanos(int, String))" name="[587] numeroNatural=588, numeroRomano=DLXXXVIII(testNumerosRomanos" time="0.001"/>
  <testcase classname="[588] numeroNatural=589, numeroRomano=DLXXXIX(testNumerosRomanos(int, String))" name="[588] numeroNatural=589, numeroRomano=DLXXXIX(testNumerosRomanos" time="0.001"/>
  <testcase classname="[589] numeroNatural=590, numeroRomano=DXC(testNumerosRomanos(int, String))" name="[589] numeroNatural=590, numeroRomano=DXC(testNumerosRomanos" time="0.001"/>
  <testcase classname="[590] numeroNatural=591, numeroRomano=DXCI(testNumerosRomanos(int, String))" name="[590] numeroNatural=591, numeroRomano=DXCI(testNumerosRomanos" time="0.001"/>
  <testcase classname="[591] numeroNatural=592, numeroRomano=DXCII(testNumerosRomanos(int, String))" name="[591] numeroNatural=592, numeroRomano=DXCII(testNumerosRomanos" time="0.001"/>
  <testcase classname="[592] numeroNatural=593, numeroRomano=DXCIII(testNumerosRomanos(int, String))" name="[592] numeroNatural=593, numeroRomano=DXCIII(testNumerosRomanos" time="0.001"/>
  <testcase classname="[593] numeroNatural=594, numeroRomano=DXCIV(testNumerosRomanos(int, String))" name="[593] numeroNatural=594, numeroRomano=DXCIV(testNumerosRomanos" time="0"/>
  <testcase classname="[594] numeroNatural=595, numeroRomano=DXCV(testNumerosRomanos(int, String))" name="[594] numeroNatural=595, numeroRomano=DXCV(testNumerosRomanos" time="0.001"/>
  <testcase classname="[595] numeroNatural=596, numeroRomano=DXCVI(testNumerosRomanos(int, String))" name="[595] numeroNatural=596, numeroRomano=DXCVI(testNumerosRomanos" time="0.001"/>
  <testcase classname="[596] numeroNatural=597, numeroRomano=DXCVII(testNumerosRomanos(int, String))" name="[596] numeroNatural=597, numeroRomano=DXCVII(testNumerosRomanos" time="0.001"/>
  <testcase classname="[597] numeroNatural=598, numeroRomano=DXCVIII(testNumerosRomanos(int, String))" name="[597] numeroNatural=598, numeroRomano=DXCVIII(testNumerosRomanos" time="0.001"/>
  <testcase classname="[598] numeroNatural=599, numeroRomano=DXCIX(testNumerosRomanos(int, String))" name="[598] numeroNatural=599, numeroRomano=DXCIX(testNumerosRomanos" time="0.001"/>
  <testcase classname="[599] numeroNatural=600, numeroRomano=DC(testNumerosRomanos(int, String))" name="[599] numeroNatural=600, numeroRomano=DC(testNumerosRomanos" time="0.001"/>
  <testcase classname="[600] numeroNatural=601, numeroRomano=DCI(testNumerosRomanos(int, String))" name="[600] numeroNatural=601, numeroRomano=DCI(testNumerosRomanos" time="0.001"/>
  <testcase classname="[601] numeroNatural=602, numeroRomano=DCII(testNumerosRomanos(int, String))" name="[601] numeroNatural=602, numeroRomano=DCII(testNumerosRomanos" time="0"/>
  <testcase classname="[602] numeroNatural=603, numeroRomano=DCIII(testNumerosRomanos(int, String))" name="[602] numeroNatural=603, numeroRomano=DCIII(testNumerosRomanos" time="0.001"/>
  <testcase classname="[603] numeroNatural=604, numeroRomano=DCIV(testNumerosRomanos(int, String))" name="[603] numeroNatural=604, numeroRomano=DCIV(testNumerosRomanos" time="0"/>
  <testcase classname="[604] numeroNatural=605, numeroRomano=DCV(testNumerosRomanos(int, String))" name="[604] numeroNatural=605, numeroRomano=DCV(testNumerosRomanos" time="0"/>
  <testcase classname="[605] numeroNatural=606, numeroRomano=DCVI(testNumerosRomanos(int, String))" name="[605] numeroNatural=606, numeroRomano=DCVI(testNumerosRomanos" time="0"/>
  <testcase classname="[606] numeroNatural=607, numeroRomano=DCVII(testNumerosRomanos(int, String))" name="[606] numeroNatural=607, numeroRomano=DCVII(testNumerosRomanos" time="0"/>
  <testcase classname="[607] numeroNatural=608, numeroRomano=DCVIII(testNumerosRomanos(int, String))" name="[607] numeroNatural=608, numeroRomano=DCVIII(testNumerosRomanos" time="0.001"/>
  <testcase classname="[608] numeroNatural=609, numeroRomano=DCIX(testNumerosRomanos(int, String))" name="[608] numeroNatural=609, numeroRomano=DCIX(testNumerosRomanos" time="0.001"/>
  <testcase classname="[609] numeroNatural=610, numeroRomano=DCX(testNumerosRomanos(int, String))" name="[609] numeroNatural=610, numeroRomano=DCX(testNumerosRomanos" time="0.001"/>
  <testcase classname="[610] numeroNatural=611, numeroRomano=DCXI(testNumerosRomanos(int, String))" name="[610] numeroNatural=611, numeroRomano=DCXI(testNumerosRomanos" time="0"/>
  <testcase classname="[611] numeroNatural=612, numeroRomano=DCXII(testNumerosRomanos(int, String))" name="[611] numeroNatural=612, numeroRomano=DCXII(testNumerosRomanos" time="0.001"/>
  <testcase classname="[612] numeroNatural=613, numeroRomano=DCXIII(testNumerosRomanos(int, String))" name="[612] numeroNatural=613, numeroRomano=DCXIII(testNumerosRomanos" time="0.001"/>
  <testcase classname="[613] numeroNatural=614, numeroRomano=DCXIV(testNumerosRomanos(int, String))" name="[613] numeroNatural=614, numeroRomano=DCXIV(testNumerosRomanos" time="0.001"/>
  <testcase classname="[614] numeroNatural=615, numeroRomano=DCXV(testNumerosRomanos(int, String))" name="[614] numeroNatural=615, numeroRomano=DCXV(testNumerosRomanos" time="0.001"/>
  <testcase classname="[615] numeroNatural=616, numeroRomano=DCXVI(testNumerosRomanos(int, String))" name="[615] numeroNatural=616, numeroRomano=DCXVI(testNumerosRomanos" time="0"/>
  <testcase classname="[616] numeroNatural=617, numeroRomano=DCXVII(testNumerosRomanos(int, String))" name="[616] numeroNatural=617, numeroRomano=DCXVII(testNumerosRomanos" time="0.001"/>
  <testcase classname="[617] numeroNatural=618, numeroRomano=DCXVIII(testNumerosRomanos(int, String))" name="[617] numeroNatural=618, numeroRomano=DCXVIII(testNumerosRomanos" time="0"/>
  <testcase classname="[618] numeroNatural=619, numeroRomano=DCXIX(testNumerosRomanos(int, String))" name="[618] numeroNatural=619, numeroRomano=DCXIX(testNumerosRomanos" time="0"/>
  <testcase classname="[619] numeroNatural=620, numeroRomano=DCXX(testNumerosRomanos(int, String))" name="[619] numeroNatural=620, numeroRomano=DCXX(testNumerosRomanos" time="0.002"/>
  <testcase classname="[620] numeroNatural=621, numeroRomano=DCXXI(testNumerosRomanos(int, String))" name="[620] numeroNatural=621, numeroRomano=DCXXI(testNumerosRomanos" time="0.001"/>
  <testcase classname="[621] numeroNatural=622, numeroRomano=DCXXII(testNumerosRomanos(int, String))" name="[621] numeroNatural=622, numeroRomano=DCXXII(testNumerosRomanos" time="0.001"/>
  <testcase classname="[622] numeroNatural=623, numeroRomano=DCXXIII(testNumerosRomanos(int, String))" name="[622] numeroNatural=623, numeroRomano=DCXXIII(testNumerosRomanos" time="0"/>
  <testcase classname="[623] numeroNatural=624, numeroRomano=DCXXIV(testNumerosRomanos(int, String))" name="[623] numeroNatural=624, numeroRomano=DCXXIV(testNumerosRomanos" time="0.001"/>
  <testcase classname="[624] numeroNatural=625, numeroRomano=DCXXV(testNumerosRomanos(int, String))" name="[624] numeroNatural=625, numeroRomano=DCXXV(testNumerosRomanos" time="0.001"/>
  <testcase classname="[625] numeroNatural=626, numeroRomano=DCXXVI(testNumerosRomanos(int, String))" name="[625] numeroNatural=626, numeroRomano=DCXXVI(testNumerosRomanos" time="0"/>
  <testcase classname="[626] numeroNatural=627, numeroRomano=DCXXVII(testNumerosRomanos(int, String))" name="[626] numeroNatural=627, numeroRomano=DCXXVII(testNumerosRomanos" time="0.011"/>
  <testcase classname="[627] numeroNatural=628, numeroRomano=DCXXVIII(testNumerosRomanos(int, String))" name="[627] numeroNatural=628, numeroRomano=DCXXVIII(testNumerosRomanos" time="0"/>
  <testcase classname="[628] numeroNatural=629, numeroRomano=DCXXIX(testNumerosRomanos(int, String))" name="[628] numeroNatural=629, numeroRomano=DCXXIX(testNumerosRomanos" time="0"/>
  <testcase classname="[629] numeroNatural=630, numeroRomano=DCXXX(testNumerosRomanos(int, String))" name="[629] numeroNatural=630, numeroRomano=DCXXX(testNumerosRomanos" time="0"/>
  <testcase classname="[630] numeroNatural=631, numeroRomano=DCXXXI(testNumerosRomanos(int, String))" name="[630] numeroNatural=631, numeroRomano=DCXXXI(testNumerosRomanos" time="0"/>
  <testcase classname="[631] numeroNatural=632, numeroRomano=DCXXXII(testNumerosRomanos(int, String))" name="[631] numeroNatural=632, numeroRomano=DCXXXII(testNumerosRomanos" time="0.001"/>
  <testcase classname="[632] numeroNatural=633, numeroRomano=DCXXXIII(testNumerosRomanos(int, String))" name="[632] numeroNatural=633, numeroRomano=DCXXXIII(testNumerosRomanos" time="0.001"/>
  <testcase classname="[633] numeroNatural=634, numeroRomano=DCXXXIV(testNumerosRomanos(int, String))" name="[633] numeroNatural=634, numeroRomano=DCXXXIV(testNumerosRomanos" time="0.001"/>
  <testcase classname="[634] numeroNatural=635, numeroRomano=DCXXXV(testNumerosRomanos(int, String))" name="[634] numeroNatural=635, numeroRomano=DCXXXV(testNumerosRomanos" time="0.002"/>
  <testcase classname="[635] numeroNatural=636, numeroRomano=DCXXXVI(testNumerosRomanos(int, String))" name="[635] numeroNatural=636, numeroRomano=DCXXXVI(testNumerosRomanos" time="0.001"/>
  <testcase classname="[636] numeroNatural=637, numeroRomano=DCXXXVII(testNumerosRomanos(int, String))" name="[636] numeroNatural=637, numeroRomano=DCXXXVII(testNumerosRomanos" time="0.006"/>
  <testcase classname="[637] numeroNatural=638, numeroRomano=DCXXXVIII(testNumerosRomanos(int, String))" name="[637] numeroNatural=638, numeroRomano=DCXXXVIII(testNumerosRomanos" time="0"/>
  <testcase classname="[638] numeroNatural=639, numeroRomano=DCXXXIX(testNumerosRomanos(int, String))" name="[638] numeroNatural=639, numeroRomano=DCXXXIX(testNumerosRomanos" time="0.001"/>
  <testcase classname="[639] numeroNatural=640, numeroRomano=DCXL(testNumerosRomanos(int, String))" name="[639] numeroNatural=640, numeroRomano=DCXL(testNumerosRomanos" time="0.001"/>
  <testcase classname="[640] numeroNatural=641, numeroRomano=DCXLI(testNumerosRomanos(int, String))" name="[640] numeroNatural=641, numeroRomano=DCXLI(testNumerosRomanos" time="0.001"/>
  <testcase classname="[641] numeroNatural=642, numeroRomano=DCXLII(testNumerosRomanos(int, String))" name="[641] numeroNatural=642, numeroRomano=DCXLII(testNumerosRomanos" time="0.001"/>
  <testcase classname="[642] numeroNatural=643, numeroRomano=DCXLIII(testNumerosRomanos(int, String))" name="[642] numeroNatural=643, numeroRomano=DCXLIII(testNumerosRomanos" time="0.001"/>
  <testcase classname="[643] numeroNatural=644, numeroRomano=DCXLIV(testNumerosRomanos(int, String))" name="[643] numeroNatural=644, numeroRomano=DCXLIV(testNumerosRomanos" time="0.002"/>
  <testcase classname="[644] numeroNatural=645, numeroRomano=DCXLV(testNumerosRomanos(int, String))" name="[644] numeroNatural=645, numeroRomano=DCXLV(testNumerosRomanos" time="0.001"/>
  <testcase classname="[645] numeroNatural=646, numeroRomano=DCXLVI(testNumerosRomanos(int, String))" name="[645] numeroNatural=646, numeroRomano=DCXLVI(testNumerosRomanos" time="0.001"/>
  <testcase classname="[646] numeroNatural=647, numeroRomano=DCXLVII(testNumerosRomanos(int, String))" name="[646] numeroNatural=647, numeroRomano=DCXLVII(testNumerosRomanos" time="0"/>
  <testcase classname="[647] numeroNatural=648, numeroRomano=DCXLVIII(testNumerosRomanos(int, String))" name="[647] numeroNatural=648, numeroRomano=DCXLVIII(testNumerosRomanos" time="0.001"/>
  <testcase classname="[648] numeroNatural=649, numeroRomano=DCXLIX(testNumerosRomanos(int, String))" name="[648] numeroNatural=649, numeroRomano=DCXLIX(testNumerosRomanos" time="0.001"/>
  <testcase classname="[649] numeroNatural=650, numeroRomano=DCL(testNumerosRomanos(int, String))" name="[649] numeroNatural=650, numeroRomano=DCL(testNumerosRomanos" time="0"/>
  <testcase classname="[650] numeroNatural=651, numeroRomano=DCLI(testNumerosRomanos(int, String))" name="[650] numeroNatural=651, numeroRomano=DCLI(testNumerosRomanos" time="0.001"/>
  <testcase classname="[651] numeroNatural=652, numeroRomano=DCLII(testNumerosRomanos(int, String))" name="[651] numeroNatural=652, numeroRomano=DCLII(testNumerosRomanos" time="0.001"/>
  <testcase classname="[652] numeroNatural=653, numeroRomano=DCLIII(testNumerosRomanos(int, String))" name="[652] numeroNatural=653, numeroRomano=DCLIII(testNumerosRomanos" time="0.001"/>
  <testcase classname="[653] numeroNatural=654, numeroRomano=DCLIV(testNumerosRomanos(int, String))" name="[653] numeroNatural=654, numeroRomano=DCLIV(testNumerosRomanos" time="0.001"/>
  <testcase classname="[654] numeroNatural=655, numeroRomano=DCLV(testNumerosRomanos(int, String))" name="[654] numeroNatural=655, numeroRomano=DCLV(testNumerosRomanos" time="0"/>
  <testcase classname="[655] numeroNatural=656, numeroRomano=DCLVI(testNumerosRomanos(int, String))" name="[655] numeroNatural=656, numeroRomano=DCLVI(testNumerosRomanos" time="0.001"/>
  <testcase classname="[656] numeroNatural=657, numeroRomano=DCLVII(testNumerosRomanos(int, String))" name="[656] numeroNatural=657, numeroRomano=DCLVII(testNumerosRomanos" time="0.004"/>
  <testcase classname="[657] numeroNatural=658, numeroRomano=DCLVIII(testNumerosRomanos(int, String))" name="[657] numeroNatural=658, numeroRomano=DCLVIII(testNumerosRomanos" time="0"/>
  <testcase classname="[658] numeroNatural=659, numeroRomano=DCLIX(testNumerosRomanos(int, String))" name="[658] numeroNatural=659, numeroRomano=DCLIX(testNumerosRomanos" time="0.002"/>
  <testcase classname="[659] numeroNatural=660, numeroRomano=DCLX(testNumerosRomanos(int, String))" name="[659] numeroNatural=660, numeroRomano=DCLX(testNumerosRomanos" time="0.001"/>
  <testcase classname="[660] numeroNatural=661, numeroRomano=DCLXI(testNumerosRomanos(int, String))" name="[660] numeroNatural=661, numeroRomano=DCLXI(testNumerosRomanos" time="0.001"/>
  <testcase classname="[661] numeroNatural=662, numeroRomano=DCLXII(testNumerosRomanos(int, String))" name="[661] numeroNatural=662, numeroRomano=DCLXII(testNumerosRomanos" time="0"/>
  <testcase classname="[662] numeroNatural=663, numeroRomano=DCLXIII(testNumerosRomanos(int, String))" name="[662] numeroNatural=663, numeroRomano=DCLXIII(testNumerosRomanos" time="0.001"/>
  <testcase classname="[663] numeroNatural=664, numeroRomano=DCLXIV(testNumerosRomanos(int, String))" name="[663] numeroNatural=664, numeroRomano=DCLXIV(testNumerosRomanos" time="0.001"/>
  <testcase classname="[664] numeroNatural=665, numeroRomano=DCLXV(testNumerosRomanos(int, String))" name="[664] numeroNatural=665, numeroRomano=DCLXV(testNumerosRomanos" time="0.003"/>
  <testcase classname="[665] numeroNatural=666, numeroRomano=DCLXVI(testNumerosRomanos(int, String))" name="[665] numeroNatural=666, numeroRomano=DCLXVI(testNumerosRomanos" time="0.001"/>
  <testcase classname="[666] numeroNatural=667, numeroRomano=DCLXVII(testNumerosRomanos(int, String))" name="[666] numeroNatural=667, numeroRomano=DCLXVII(testNumerosRomanos" time="0.001"/>
  <testcase classname="[667] numeroNatural=668, numeroRomano=DCLXVIII(testNumerosRomanos(int, String))" name="[667] numeroNatural=668, numeroRomano=DCLXVIII(testNumerosRomanos" time="0"/>
  <testcase classname="[668] numeroNatural=669, numeroRomano=DCLXIX(testNumerosRomanos(int, String))" name="[668] numeroNatural=669, numeroRomano=DCLXIX(testNumerosRomanos" time="0.001"/>
  <testcase classname="[669] numeroNatural=670, numeroRomano=DCLXX(testNumerosRomanos(int, String))" name="[669] numeroNatural=670, numeroRomano=DCLXX(testNumerosRomanos" time="0.001"/>
  <testcase classname="[670] numeroNatural=671, numeroRomano=DCLXXI(testNumerosRomanos(int, String))" name="[670] numeroNatural=671, numeroRomano=DCLXXI(testNumerosRomanos" time="0.001"/>
  <testcase classname="[671] numeroNatural=672, numeroRomano=DCLXXII(testNumerosRomanos(int, String))" name="[671] numeroNatural=672, numeroRomano=DCLXXII(testNumerosRomanos" time="0.003"/>
  <testcase classname="[672] numeroNatural=673, numeroRomano=DCLXXIII(testNumerosRomanos(int, String))" name="[672] numeroNatural=673, numeroRomano=DCLXXIII(testNumerosRomanos" time="0"/>
  <testcase classname="[673] numeroNatural=674, numeroRomano=DCLXXIV(testNumerosRomanos(int, String))" name="[673] numeroNatural=674, numeroRomano=DCLXXIV(testNumerosRomanos" time="0.001"/>
  <testcase classname="[674] numeroNatural=675, numeroRomano=DCLXXV(testNumerosRomanos(int, String))" name="[674] numeroNatural=675, numeroRomano=DCLXXV(testNumerosRomanos" time="0"/>
  <testcase classname="[675] numeroNatural=676, numeroRomano=DCLXXVI(testNumerosRomanos(int, String))" name="[675] numeroNatural=676, numeroRomano=DCLXXVI(testNumerosRomanos" time="0.001"/>
  <testcase classname="[676] numeroNatural=677, numeroRomano=DCLXXVII(testNumerosRomanos(int, String))" name="[676] numeroNatural=677, numeroRomano=DCLXXVII(testNumerosRomanos" time="0"/>
  <testcase classname="[677] numeroNatural=678, numeroRomano=DCLXXVIII(testNumerosRomanos(int, String))" name="[677] numeroNatural=678, numeroRomano=DCLXXVIII(testNumerosRomanos" time="0"/>
  <testcase classname="[678] numeroNatural=679, numeroRomano=DCLXXIX(testNumerosRomanos(int, String))" name="[678] numeroNatural=679, numeroRomano=DCLXXIX(testNumerosRomanos" time="0.001"/>
  <testcase classname="[679] numeroNatural=680, numeroRomano=DCLXXX(testNumerosRomanos(int, String))" name="[679] numeroNatural=680, numeroRomano=DCLXXX(testNumerosRomanos" time="0.001"/>
  <testcase classname="[680] numeroNatural=681, numeroRomano=DCLXXXI(testNumerosRomanos(int, String))" name="[680] numeroNatural=681, numeroRomano=DCLXXXI(testNumerosRomanos" time="0.001"/>
  <testcase classname="[681] numeroNatural=682, numeroRomano=DCLXXXII(testNumerosRomanos(int, String))" name="[681] numeroNatural=682, numeroRomano=DCLXXXII(testNumerosRomanos" time="0.001"/>
  <testcase classname="[682] numeroNatural=683, numeroRomano=DCLXXXIII(testNumerosRomanos(int, String))" name="[682] numeroNatural=683, numeroRomano=DCLXXXIII(testNumerosRomanos" time="0.001"/>
  <testcase classname="[683] numeroNatural=684, numeroRomano=DCLXXXIV(testNumerosRomanos(int, String))" name="[683] numeroNatural=684, numeroRomano=DCLXXXIV(testNumerosRomanos" time="0.001"/>
  <testcase classname="[684] numeroNatural=685, numeroRomano=DCLXXXV(testNumerosRomanos(int, String))" name="[684] numeroNatural=685, numeroRomano=DCLXXXV(testNumerosRomanos" time="0.001"/>
  <testcase classname="[685] numeroNatural=686, numeroRomano=DCLXXXVI(testNumerosRomanos(int, String))" name="[685] numeroNatural=686, numeroRomano=DCLXXXVI(testNumerosRomanos" time="0"/>
  <testcase classname="[686] numeroNatural=687, numeroRomano=DCLXXXVII(testNumerosRomanos(int, String))" name="[686] numeroNatural=687, numeroRomano=DCLXXXVII(testNumerosRomanos" time="0.002"/>
  <testcase classname="[687] numeroNatural=688, numeroRomano=DCLXXXVIII(testNumerosRomanos(int, String))" name="[687] numeroNatural=688, numeroRomano=DCLXXXVIII(testNumerosRomanos" time="0.002"/>
  <testcase classname="[688] numeroNatural=689, numeroRomano=DCLXXXIX(testNumerosRomanos(int, String))" name="[688] numeroNatural=689, numeroRomano=DCLXXXIX(testNumerosRomanos" time="0.001"/>
  <testcase classname="[689] numeroNatural=690, numeroRomano=DCXC(testNumerosRomanos(int, String))" name="[689] numeroNatural=690, numeroRomano=DCXC(testNumerosRomanos" time="0.001"/>
  <testcase classname="[690] numeroNatural=691, numeroRomano=DCXCI(testNumerosRomanos(int, String))" name="[690] numeroNatural=691, numeroRomano=DCXCI(testNumerosRomanos" time="0.002"/>
  <testcase classname="[691] numeroNatural=692, numeroRomano=DCXCII(testNumerosRomanos(int, String))" name="[691] numeroNatural=692, numeroRomano=DCXCII(testNumerosRomanos" time="0"/>
  <testcase classname="[692] numeroNatural=693, numeroRomano=DCXCIII(testNumerosRomanos(int, String))" name="[692] numeroNatural=693, numeroRomano=DCXCIII(testNumerosRomanos" time="0.001"/>
  <testcase classname="[693] numeroNatural=694, numeroRomano=DCXCIV(testNumerosRomanos(int, String))" name="[693] numeroNatural=694, numeroRomano=DCXCIV(testNumerosRomanos" time="0.001"/>
  <testcase classname="[694] numeroNatural=695, numeroRomano=DCXCV(testNumerosRomanos(int, String))" name="[694] numeroNatural=695, numeroRomano=DCXCV(testNumerosRomanos" time="0"/>
  <testcase classname="[695] numeroNatural=696, numeroRomano=DCXCVI(testNumerosRomanos(int, String))" name="[695] numeroNatural=696, numeroRomano=DCXCVI(testNumerosRomanos" time="0.001"/>
  <testcase classname="[696] numeroNatural=697, numeroRomano=DCXCVII(testNumerosRomanos(int, String))" name="[696] numeroNatural=697, numeroRomano=DCXCVII(testNumerosRomanos" time="0.001"/>
  <testcase classname="[697] numeroNatural=698, numeroRomano=DCXCVIII(testNumerosRomanos(int, String))" name="[697] numeroNatural=698, numeroRomano=DCXCVIII(testNumerosRomanos" time="0.001"/>
  <testcase classname="[698] numeroNatural=699, numeroRomano=DCXCIX(testNumerosRomanos(int, String))" name="[698] numeroNatural=699, numeroRomano=DCXCIX(testNumerosRomanos" time="0.001"/>
  <testcase classname="[699] numeroNatural=700, numeroRomano=DCC(testNumerosRomanos(int, String))" name="[699] numeroNatural=700, numeroRomano=DCC(testNumerosRomanos" time="0.001"/>
  <testcase classname="[700] numeroNatural=701, numeroRomano=DCCI(testNumerosRomanos(int, String))" name="[700] numeroNatural=701, numeroRomano=DCCI(testNumerosRomanos" time="0.001"/>
  <testcase classname="[701] numeroNatural=702, numeroRomano=DCCII(testNumerosRomanos(int, String))" name="[701] numeroNatural=702, numeroRomano=DCCII(testNumerosRomanos" time="0.001"/>
  <testcase classname="[702] numeroNatural=703, numeroRomano=DCCIII(testNumerosRomanos(int, String))" name="[702] numeroNatural=703, numeroRomano=DCCIII(testNumerosRomanos" time="0.001"/>
  <testcase classname="[703] numeroNatural=704, numeroRomano=DCCIV(testNumerosRomanos(int, String))" name="[703] numeroNatural=704, numeroRomano=DCCIV(testNumerosRomanos" time="0.001"/>
  <testcase classname="[704] numeroNatural=705, numeroRomano=DCCV(testNumerosRomanos(int, String))" name="[704] numeroNatural=705, numeroRomano=DCCV(testNumerosRomanos" time="0"/>
  <testcase classname="[705] numeroNatural=706, numeroRomano=DCCVI(testNumerosRomanos(int, String))" name="[705] numeroNatural=706, numeroRomano=DCCVI(testNumerosRomanos" time="0"/>
  <testcase classname="[706] numeroNatural=707, numeroRomano=DCCVII(testNumerosRomanos(int, String))" name="[706] numeroNatural=707, numeroRomano=DCCVII(testNumerosRomanos" time="0.001"/>
  <testcase classname="[707] numeroNatural=708, numeroRomano=DCCVIII(testNumerosRomanos(int, String))" name="[707] numeroNatural=708, numeroRomano=DCCVIII(testNumerosRomanos" time="0.001"/>
  <testcase classname="[708] numeroNatural=709, numeroRomano=DCCIX(testNumerosRomanos(int, String))" name="[708] numeroNatural=709, numeroRomano=DCCIX(testNumerosRomanos" time="0.001"/>
  <testcase classname="[709] numeroNatural=710, numeroRomano=DCCX(testNumerosRomanos(int, String))" name="[709] numeroNatural=710, numeroRomano=DCCX(testNumerosRomanos" time="0.001"/>
  <testcase classname="[710] numeroNatural=711, numeroRomano=DCCXI(testNumerosRomanos(int, String))" name="[710] numeroNatural=711, numeroRomano=DCCXI(testNumerosRomanos" time="0.001"/>
  <testcase classname="[711] numeroNatural=712, numeroRomano=DCCXII(testNumerosRomanos(int, String))" name="[711] numeroNatural=712, numeroRomano=DCCXII(testNumerosRomanos" time="0.001"/>
  <testcase classname="[712] numeroNatural=713, numeroRomano=DCCXIII(testNumerosRomanos(int, String))" name="[712] numeroNatural=713, numeroRomano=DCCXIII(testNumerosRomanos" time="0.001"/>
  <testcase classname="[713] numeroNatural=714, numeroRomano=DCCXIV(testNumerosRomanos(int, String))" name="[713] numeroNatural=714, numeroRomano=DCCXIV(testNumerosRomanos" time="0.001"/>
  <testcase classname="[714] numeroNatural=715, numeroRomano=DCCXV(testNumerosRomanos(int, String))" name="[714] numeroNatural=715, numeroRomano=DCCXV(testNumerosRomanos" time="0.001"/>
  <testcase classname="[715] numeroNatural=716, numeroRomano=DCCXVI(testNumerosRomanos(int, String))" name="[715] numeroNatural=716, numeroRomano=DCCXVI(testNumerosRomanos" time="0.001"/>
  <testcase classname="[716] numeroNatural=717, numeroRomano=DCCXVII(testNumerosRomanos(int, String))" name="[716] numeroNatural=717, numeroRomano=DCCXVII(testNumerosRomanos" time="0.001"/>
  <testcase classname="[717] numeroNatural=718, numeroRomano=DCCXVIII(testNumerosRomanos(int, String))" name="[717] numeroNatural=718, numeroRomano=DCCXVIII(testNumerosRomanos" time="0.001"/>
  <testcase classname="[718] numeroNatural=719, numeroRomano=DCCXIX(testNumerosRomanos(int, String))" name="[718] numeroNatural=719, numeroRomano=DCCXIX(testNumerosRomanos" time="0.001"/>
  <testcase classname="[719] numeroNatural=720, numeroRomano=DCCXX(testNumerosRomanos(int, String))" name="[719] numeroNatural=720, numeroRomano=DCCXX(testNumerosRomanos" time="0"/>
  <testcase classname="[720] numeroNatural=721, numeroRomano=DCCXXI(testNumerosRomanos(int, String))" name="[720] numeroNatural=721, numeroRomano=DCCXXI(testNumerosRomanos" time="0.001"/>
  <testcase classname="[721] numeroNatural=722, numeroRomano=DCCXXII(testNumerosRomanos(int, String))" name="[721] numeroNatural=722, numeroRomano=DCCXXII(testNumerosRomanos" time="0.001"/>
  <testcase classname="[722] numeroNatural=723, numeroRomano=DCCXXIII(testNumerosRomanos(int, String))" name="[722] numeroNatural=723, numeroRomano=DCCXXIII(testNumerosRomanos" time="0.002"/>
  <testcase classname="[723] numeroNatural=724, numeroRomano=DCCXXIV(testNumerosRomanos(int, String))" name="[723] numeroNatural=724, numeroRomano=DCCXXIV(testNumerosRomanos" time="0.001"/>
  <testcase classname="[724] numeroNatural=725, numeroRomano=DCCXXV(testNumerosRomanos(int, String))" name="[724] numeroNatural=725, numeroRomano=DCCXXV(testNumerosRomanos" time="0.001"/>
  <testcase classname="[725] numeroNatural=726, numeroRomano=DCCXXVI(testNumerosRomanos(int, String))" name="[725] numeroNatural=726, numeroRomano=DCCXXVI(testNumerosRomanos" time="0"/>
  <testcase classname="[726] numeroNatural=727, numeroRomano=DCCXXVII(testNumerosRomanos(int, String))" name="[726] numeroNatural=727, numeroRomano=DCCXXVII(testNumerosRomanos" time="0.001"/>
  <testcase classname="[727] numeroNatural=728, numeroRomano=DCCXXVIII(testNumerosRomanos(int, String))" name="[727] numeroNatural=728, numeroRomano=DCCXXVIII(testNumerosRomanos" time="0.001"/>
  <testcase classname="[728] numeroNatural=729, numeroRomano=DCCXXIX(testNumerosRomanos(int, String))" name="[728] numeroNatural=729, numeroRomano=DCCXXIX(testNumerosRomanos" time="0"/>
  <testcase classname="[729] numeroNatural=730, numeroRomano=DCCXXX(testNumerosRomanos(int, String))" name="[729] numeroNatural=730, numeroRomano=DCCXXX(testNumerosRomanos" time="0"/>
  <testcase classname="[730] numeroNatural=731, numeroRomano=DCCXXXI(testNumerosRomanos(int, String))" name="[730] numeroNatural=731, numeroRomano=DCCXXXI(testNumerosRomanos" time="0.001"/>
  <testcase classname="[731] numeroNatural=732, numeroRomano=DCCXXXII(testNumerosRomanos(int, String))" name="[731] numeroNatural=732, numeroRomano=DCCXXXII(testNumerosRomanos" time="0"/>
  <testcase classname="[732] numeroNatural=733, numeroRomano=DCCXXXIII(testNumerosRomanos(int, String))" name="[732] numeroNatural=733, numeroRomano=DCCXXXIII(testNumerosRomanos" time="0.001"/>
  <testcase classname="[733] numeroNatural=734, numeroRomano=DCCXXXIV(testNumerosRomanos(int, String))" name="[733] numeroNatural=734, numeroRomano=DCCXXXIV(testNumerosRomanos" time="0"/>
  <testcase classname="[734] numeroNatural=735, numeroRomano=DCCXXXV(testNumerosRomanos(int, String))" name="[734] numeroNatural=735, numeroRomano=DCCXXXV(testNumerosRomanos" time="0.001"/>
  <testcase classname="[735] numeroNatural=736, numeroRomano=DCCXXXVI(testNumerosRomanos(int, String))" name="[735] numeroNatural=736, numeroRomano=DCCXXXVI(testNumerosRomanos" time="0.001"/>
  <testcase classname="[736] numeroNatural=737, numeroRomano=DCCXXXVII(testNumerosRomanos(int, String))" name="[736] numeroNatural=737, numeroRomano=DCCXXXVII(testNumerosRomanos" time="0.001"/>
  <testcase classname="[737] numeroNatural=738, numeroRomano=DCCXXXVIII(testNumerosRomanos(int, String))" name="[737] numeroNatural=738, numeroRomano=DCCXXXVIII(testNumerosRomanos" time="0.001"/>
  <testcase classname="[738] numeroNatural=739, numeroRomano=DCCXXXIX(testNumerosRomanos(int, String))" name="[738] numeroNatural=739, numeroRomano=DCCXXXIX(testNumerosRomanos" time="0.001"/>
  <testcase classname="[739] numeroNatural=740, numeroRomano=DCCXL(testNumerosRomanos(int, String))" name="[739] numeroNatural=740, numeroRomano=DCCXL(testNumerosRomanos" time="0"/>
  <testcase classname="[740] numeroNatural=741, numeroRomano=DCCXLI(testNumerosRomanos(int, String))" name="[740] numeroNatural=741, numeroRomano=DCCXLI(testNumerosRomanos" time="0.001"/>
  <testcase classname="[741] numeroNatural=742, numeroRomano=DCCXLII(testNumerosRomanos(int, String))" name="[741] numeroNatural=742, numeroRomano=DCCXLII(testNumerosRomanos" time="0"/>
  <testcase classname="[742] numeroNatural=743, numeroRomano=DCCXLIII(testNumerosRomanos(int, String))" name="[742] numeroNatural=743, numeroRomano=DCCXLIII(testNumerosRomanos" time="0"/>
  <testcase classname="[743] numeroNatural=744, numeroRomano=DCCXLIV(testNumerosRomanos(int, String))" name="[743] numeroNatural=744, numeroRomano=DCCXLIV(testNumerosRomanos" time="0"/>
  <testcase classname="[744] numeroNatural=745, numeroRomano=DCCXLV(testNumerosRomanos(int, String))" name="[744] numeroNatural=745, numeroRomano=DCCXLV(testNumerosRomanos" time="0.001"/>
  <testcase classname="[745] numeroNatural=746, numeroRomano=DCCXLVI(testNumerosRomanos(int, String))" name="[745] numeroNatural=746, numeroRomano=DCCXLVI(testNumerosRomanos" time="0.002"/>
  <testcase classname="[746] numeroNatural=747, numeroRomano=DCCXLVII(testNumerosRomanos(int, String))" name="[746] numeroNatural=747, numeroRomano=DCCXLVII(testNumerosRomanos" time="0.001"/>
  <testcase classname="[747] numeroNatural=748, numeroRomano=DCCXLVIII(testNumerosRomanos(int, String))" name="[747] numeroNatural=748, numeroRomano=DCCXLVIII(testNumerosRomanos" time="0.001"/>
  <testcase classname="[748] numeroNatural=749, numeroRomano=DCCXLIX(testNumerosRomanos(int, String))" name="[748] numeroNatural=749, numeroRomano=DCCXLIX(testNumerosRomanos" time="0"/>
  <testcase classname="[749] numeroNatural=750, numeroRomano=DCCL(testNumerosRomanos(int, String))" name="[749] numeroNatural=750, numeroRomano=DCCL(testNumerosRomanos" time="0.001"/>
  <testcase classname="[750] numeroNatural=751, numeroRomano=DCCLI(testNumerosRomanos(int, String))" name="[750] numeroNatural=751, numeroRomano=DCCLI(testNumerosRomanos" time="0.001"/>
  <testcase classname="[751] numeroNatural=752, numeroRomano=DCCLII(testNumerosRomanos(int, String))" name="[751] numeroNatural=752, numeroRomano=DCCLII(testNumerosRomanos" time="0.001"/>
  <testcase classname="[752] numeroNatural=753, numeroRomano=DCCLIII(testNumerosRomanos(int, String))" name="[752] numeroNatural=753, numeroRomano=DCCLIII(testNumerosRomanos" time="0"/>
  <testcase classname="[753] numeroNatural=754, numeroRomano=DCCLIV(testNumerosRomanos(int, String))" name="[753] numeroNatural=754, numeroRomano=DCCLIV(testNumerosRomanos" time="0.001"/>
  <testcase classname="[754] numeroNatural=755, numeroRomano=DCCLV(testNumerosRomanos(int, String))" name="[754] numeroNatural=755, numeroRomano=DCCLV(testNumerosRomanos" time="0.001"/>
  <testcase classname="[755] numeroNatural=756, numeroRomano=DCCLVI(testNumerosRomanos(int, String))" name="[755] numeroNatural=756, numeroRomano=DCCLVI(testNumerosRomanos" time="0.001"/>
  <testcase classname="[756] numeroNatural=757, numeroRomano=DCCLVII(testNumerosRomanos(int, String))" name="[756] numeroNatural=757, numeroRomano=DCCLVII(testNumerosRomanos" time="0.001"/>
  <testcase classname="[757] numeroNatural=758, numeroRomano=DCCLVIII(testNumerosRomanos(int, String))" name="[757] numeroNatural=758, numeroRomano=DCCLVIII(testNumerosRomanos" time="0.001"/>
  <testcase classname="[758] numeroNatural=759, numeroRomano=DCCLIX(testNumerosRomanos(int, String))" name="[758] numeroNatural=759, numeroRomano=DCCLIX(testNumerosRomanos" time="0"/>
  <testcase classname="[759] numeroNatural=760, numeroRomano=DCCLX(testNumerosRomanos(int, String))" name="[759] numeroNatural=760, numeroRomano=DCCLX(testNumerosRomanos" time="0.001"/>
  <testcase classname="[760] numeroNatural=761, numeroRomano=DCCLXI(testNumerosRomanos(int, String))" name="[760] numeroNatural=761, numeroRomano=DCCLXI(testNumerosRomanos" time="0"/>
  <testcase classname="[761] numeroNatural=762, numeroRomano=DCCLXII(testNumerosRomanos(int, String))" name="[761] numeroNatural=762, numeroRomano=DCCLXII(testNumerosRomanos" time="0.001"/>
  <testcase classname="[762] numeroNatural=763, numeroRomano=DCCLXIII(testNumerosRomanos(int, String))" name="[762] numeroNatural=763, numeroRomano=DCCLXIII(testNumerosRomanos" time="0"/>
  <testcase classname="[763] numeroNatural=764, numeroRomano=DCCLXIV(testNumerosRomanos(int, String))" name="[763] numeroNatural=764, numeroRomano=DCCLXIV(testNumerosRomanos" time="0.001"/>
  <testcase classname="[764] numeroNatural=765, numeroRomano=DCCLXV(testNumerosRomanos(int, String))" name="[764] numeroNatural=765, numeroRomano=DCCLXV(testNumerosRomanos" time="0"/>
  <testcase classname="[765] numeroNatural=766, numeroRomano=DCCLXVI(testNumerosRomanos(int, String))" name="[765] numeroNatural=766, numeroRomano=DCCLXVI(testNumerosRomanos" time="0.001"/>
  <testcase classname="[766] numeroNatural=767, numeroRomano=DCCLXVII(testNumerosRomanos(int, String))" name="[766] numeroNatural=767, numeroRomano=DCCLXVII(testNumerosRomanos" time="0.001"/>
  <testcase classname="[767] numeroNatural=768, numeroRomano=DCCLXVIII(testNumerosRomanos(int, String))" name="[767] numeroNatural=768, numeroRomano=DCCLXVIII(testNumerosRomanos" time="0"/>
  <testcase classname="[768] numeroNatural=769, numeroRomano=DCCLXIX(testNumerosRomanos(int, String))" name="[768] numeroNatural=769, numeroRomano=DCCLXIX(testNumerosRomanos" time="0"/>
  <testcase classname="[769] numeroNatural=770, numeroRomano=DCCLXX(testNumerosRomanos(int, String))" name="[769] numeroNatural=770, numeroRomano=DCCLXX(testNumerosRomanos" time="0.002"/>
  <testcase classname="[770] numeroNatural=771, numeroRomano=DCCLXXI(testNumerosRomanos(int, String))" name="[770] numeroNatural=771, numeroRomano=DCCLXXI(testNumerosRomanos" time="0.001"/>
  <testcase classname="[771] numeroNatural=772, numeroRomano=DCCLXXII(testNumerosRomanos(int, String))" name="[771] numeroNatural=772, numeroRomano=DCCLXXII(testNumerosRomanos" time="0.001"/>
  <testcase classname="[772] numeroNatural=773, numeroRomano=DCCLXXIII(testNumerosRomanos(int, String))" name="[772] numeroNatural=773, numeroRomano=DCCLXXIII(testNumerosRomanos" time="0.001"/>
  <testcase classname="[773] numeroNatural=774, numeroRomano=DCCLXXIV(testNumerosRomanos(int, String))" name="[773] numeroNatural=774, numeroRomano=DCCLXXIV(testNumerosRomanos" time="0.001"/>
  <testcase classname="[774] numeroNatural=775, numeroRomano=DCCLXXV(testNumerosRomanos(int, String))" name="[774] numeroNatural=775, numeroRomano=DCCLXXV(testNumerosRomanos" time="0.001"/>
  <testcase classname="[775] numeroNatural=776, numeroRomano=DCCLXXVI(testNumerosRomanos(int, String))" name="[775] numeroNatural=776, numeroRomano=DCCLXXVI(testNumerosRomanos" time="0.001"/>
  <testcase classname="[776] numeroNatural=777, numeroRomano=DCCLXXVII(testNumerosRomanos(int, String))" name="[776] numeroNatural=777, numeroRomano=DCCLXXVII(testNumerosRomanos" time="0"/>
  <testcase classname="[777] numeroNatural=778, numeroRomano=DCCLXXVIII(testNumerosRomanos(int, String))" name="[777] numeroNatural=778, numeroRomano=DCCLXXVIII(testNumerosRomanos" time="0"/>
  <testcase classname="[778] numeroNatural=779, numeroRomano=DCCLXXIX(testNumerosRomanos(int, String))" name="[778] numeroNatural=779, numeroRomano=DCCLXXIX(testNumerosRomanos" time="0"/>
  <testcase classname="[779] numeroNatural=780, numeroRomano=DCCLXXX(testNumerosRomanos(int, String))" name="[779] numeroNatural=780, numeroRomano=DCCLXXX(testNumerosRomanos" time="0"/>
  <testcase classname="[780] numeroNatural=781, numeroRomano=DCCLXXXI(testNumerosRomanos(int, String))" name="[780] numeroNatural=781, numeroRomano=DCCLXXXI(testNumerosRomanos" time="0.001"/>
  <testcase classname="[781] numeroNatural=782, numeroRomano=DCCLXXXII(testNumerosRomanos(int, String))" name="[781] numeroNatural=782, numeroRomano=DCCLXXXII(testNumerosRomanos" time="0"/>
  <testcase classname="[782] numeroNatural=783, numeroRomano=DCCLXXXIII(testNumerosRomanos(int, String))" name="[782] numeroNatural=783, numeroRomano=DCCLXXXIII(testNumerosRomanos" time="0"/>
  <testcase classname="[783] numeroNatural=784, numeroRomano=DCCLXXXIV(testNumerosRomanos(int, String))" name="[783] numeroNatural=784, numeroRomano=DCCLXXXIV(testNumerosRomanos" time="0.001"/>
  <testcase classname="[784] numeroNatural=785, numeroRomano=DCCLXXXV(testNumerosRomanos(int, String))" name="[784] numeroNatural=785, numeroRomano=DCCLXXXV(testNumerosRomanos" time="0.001"/>
  <testcase classname="[785] numeroNatural=786, numeroRomano=DCCLXXXVI(testNumerosRomanos(int, String))" name="[785] numeroNatural=786, numeroRomano=DCCLXXXVI(testNumerosRomanos" time="0.001"/>
  <testcase classname="[786] numeroNatural=787, numeroRomano=DCCLXXXVII(testNumerosRomanos(int, String))" name="[786] numeroNatural=787, numeroRomano=DCCLXXXVII(testNumerosRomanos" time="0.001"/>
  <testcase classname="[787] numeroNatural=788, numeroRomano=DCCLXXXVIII(testNumerosRomanos(int, String))" name="[787] numeroNatural=788, numeroRomano=DCCLXXXVIII(testNumerosRomanos" time="0"/>
  <testcase classname="[788] numeroNatural=789, numeroRomano=DCCLXXXIX(testNumerosRomanos(int, String))" name="[788] numeroNatural=789, numeroRomano=DCCLXXXIX(testNumerosRomanos" time="0.002"/>
  <testcase classname="[789] numeroNatural=790, numeroRomano=DCCXC(testNumerosRomanos(int, String))" name="[789] numeroNatural=790, numeroRomano=DCCXC(testNumerosRomanos" time="0"/>
  <testcase classname="[790] numeroNatural=791, numeroRomano=DCCXCI(testNumerosRomanos(int, String))" name="[790] numeroNatural=791, numeroRomano=DCCXCI(testNumerosRomanos" time="0"/>
  <testcase classname="[791] numeroNatural=792, numeroRomano=DCCXCII(testNumerosRomanos(int, String))" name="[791] numeroNatural=792, numeroRomano=DCCXCII(testNumerosRomanos" time="0.001"/>
  <testcase classname="[792] numeroNatural=793, numeroRomano=DCCXCIII(testNumerosRomanos(int, String))" name="[792] numeroNatural=793, numeroRomano=DCCXCIII(testNumerosRomanos" time="0.001"/>
  <testcase classname="[793] numeroNatural=794, numeroRomano=DCCXCIV(testNumerosRomanos(int, String))" name="[793] numeroNatural=794, numeroRomano=DCCXCIV(testNumerosRomanos" time="0.001"/>
  <testcase classname="[794] numeroNatural=795, numeroRomano=DCCXCV(testNumerosRomanos(int, String))" name="[794] numeroNatural=795, numeroRomano=DCCXCV(testNumerosRomanos" time="0"/>
  <testcase classname="[795] numeroNatural=796, numeroRomano=DCCXCVI(testNumerosRomanos(int, String))" name="[795] numeroNatural=796, numeroRomano=DCCXCVI(testNumerosRomanos" time="0.001"/>
  <testcase classname="[796] numeroNatural=797, numeroRomano=DCCXCVII(testNumerosRomanos(int, String))" name="[796] numeroNatural=797, numeroRomano=DCCXCVII(testNumerosRomanos" time="0.001"/>
  <testcase classname="[797] numeroNatural=798, numeroRomano=DCCXCVIII(testNumerosRomanos(int, String))" name="[797] numeroNatural=798, numeroRomano=DCCXCVIII(testNumerosRomanos" time="0.001"/>
  <testcase classname="[798] numeroNatural=799, numeroRomano=DCCXCIX(testNumerosRomanos(int, String))" name="[798] numeroNatural=799, numeroRomano=DCCXCIX(testNumerosRomanos" time="0.001"/>
  <testcase classname="[799] numeroNatural=800, numeroRomano=DCCC(testNumerosRomanos(int, String))" name="[799] numeroNatural=800, numeroRomano=DCCC(testNumerosRomanos" time="0.001"/>
  <testcase classname="[800] numeroNatural=801, numeroRomano=DCCCI(testNumerosRomanos(int, String))" name="[800] numeroNatural=801, numeroRomano=DCCCI(testNumerosRomanos" time="0"/>
  <testcase classname="[801] numeroNatural=802, numeroRomano=DCCCII(testNumerosRomanos(int, String))" name="[801] numeroNatural=802, numeroRomano=DCCCII(testNumerosRomanos" time="0.001"/>
  <testcase classname="[802] numeroNatural=803, numeroRomano=DCCCIII(testNumerosRomanos(int, String))" name="[802] numeroNatural=803, numeroRomano=DCCCIII(testNumerosRomanos" time="0.001"/>
  <testcase classname="[803] numeroNatural=804, numeroRomano=DCCCIV(testNumerosRomanos(int, String))" name="[803] numeroNatural=804, numeroRomano=DCCCIV(testNumerosRomanos" time="0.001"/>
  <testcase classname="[804] numeroNatural=805, numeroRomano=DCCCV(testNumerosRomanos(int, String))" name="[804] numeroNatural=805, numeroRomano=DCCCV(testNumerosRomanos" time="0.001"/>
  <testcase classname="[805] numeroNatural=806, numeroRomano=DCCCVI(testNumerosRomanos(int, String))" name="[805] numeroNatural=806, numeroRomano=DCCCVI(testNumerosRomanos" time="0"/>
  <testcase classname="[806] numeroNatural=807, numeroRomano=DCCCVII(testNumerosRomanos(int, String))" name="[806] numeroNatural=807, numeroRomano=DCCCVII(testNumerosRomanos" time="0"/>
  <testcase classname="[807] numeroNatural=808, numeroRomano=DCCCVIII(testNumerosRomanos(int, String))" name="[807] numeroNatural=808, numeroRomano=DCCCVIII(testNumerosRomanos" time="0"/>
  <testcase classname="[808] numeroNatural=809, numeroRomano=DCCCIX(testNumerosRomanos(int, String))" name="[808] numeroNatural=809, numeroRomano=DCCCIX(testNumerosRomanos" time="0.001"/>
  <testcase classname="[809] numeroNatural=810, numeroRomano=DCCCX(testNumerosRomanos(int, String))" name="[809] numeroNatural=810, numeroRomano=DCCCX(testNumerosRomanos" time="0.001"/>
  <testcase classname="[810] numeroNatural=811, numeroRomano=DCCCXI(testNumerosRomanos(int, String))" name="[810] numeroNatural=811, numeroRomano=DCCCXI(testNumerosRomanos" time="0.001"/>
  <testcase classname="[811] numeroNatural=812, numeroRomano=DCCCXII(testNumerosRomanos(int, String))" name="[811] numeroNatural=812, numeroRomano=DCCCXII(testNumerosRomanos" time="0.002"/>
  <testcase classname="[812] numeroNatural=813, numeroRomano=DCCCXIII(testNumerosRomanos(int, String))" name="[812] numeroNatural=813, numeroRomano=DCCCXIII(testNumerosRomanos" time="0"/>
  <testcase classname="[813] numeroNatural=814, numeroRomano=DCCCXIV(testNumerosRomanos(int, String))" name="[813] numeroNatural=814, numeroRomano=DCCCXIV(testNumerosRomanos" time="0.001"/>
  <testcase classname="[814] numeroNatural=815, numeroRomano=DCCCXV(testNumerosRomanos(int, String))" name="[814] numeroNatural=815, numeroRomano=DCCCXV(testNumerosRomanos" time="0.001"/>
  <testcase classname="[815] numeroNatural=816, numeroRomano=DCCCXVI(testNumerosRomanos(int, String))" name="[815] numeroNatural=816, numeroRomano=DCCCXVI(testNumerosRomanos" time="0"/>
  <testcase classname="[816] numeroNatural=817, numeroRomano=DCCCXVII(testNumerosRomanos(int, String))" name="[816] numeroNatural=817, numeroRomano=DCCCXVII(testNumerosRomanos" time="0"/>
  <testcase classname="[817] numeroNatural=818, numeroRomano=DCCCXVIII(testNumerosRomanos(int, String))" name="[817] numeroNatural=818, numeroRomano=DCCCXVIII(testNumerosRomanos" time="0"/>
  <testcase classname="[818] numeroNatural=819, numeroRomano=DCCCXIX(testNumerosRomanos(int, String))" name="[818] numeroNatural=819, numeroRomano=DCCCXIX(testNumerosRomanos" time="0.001"/>
  <testcase classname="[819] numeroNatural=820, numeroRomano=DCCCXX(testNumerosRomanos(int, String))" name="[819] numeroNatural=820, numeroRomano=DCCCXX(testNumerosRomanos" time="0"/>
  <testcase classname="[820] numeroNatural=821, numeroRomano=DCCCXXI(testNumerosRomanos(int, String))" name="[820] numeroNatural=821, numeroRomano=DCCCXXI(testNumerosRomanos" time="0"/>
  <testcase classname="[821] numeroNatural=822, numeroRomano=DCCCXXII(testNumerosRomanos(int, String))" name="[821] numeroNatural=822, numeroRomano=DCCCXXII(testNumerosRomanos" time="0.001"/>
  <testcase classname="[822] numeroNatural=823, numeroRomano=DCCCXXIII(testNumerosRomanos(int, String))" name="[822] numeroNatural=823, numeroRomano=DCCCXXIII(testNumerosRomanos" time="0.001"/>
  <testcase classname="[823] numeroNatural=824, numeroRomano=DCCCXXIV(testNumerosRomanos(int, String))" name="[823] numeroNatural=824, numeroRomano=DCCCXXIV(testNumerosRomanos" time="0.001"/>
  <testcase classname="[824] numeroNatural=825, numeroRomano=DCCCXXV(testNumerosRomanos(int, String))" name="[824] numeroNatural=825, numeroRomano=DCCCXXV(testNumerosRomanos" time="0"/>
  <testcase classname="[825] numeroNatural=826, numeroRomano=DCCCXXVI(testNumerosRomanos(int, String))" name="[825] numeroNatural=826, numeroRomano=DCCCXXVI(testNumerosRomanos" time="0"/>
  <testcase classname="[826] numeroNatural=827, numeroRomano=DCCCXXVII(testNumerosRomanos(int, String))" name="[826] numeroNatural=827, numeroRomano=DCCCXXVII(testNumerosRomanos" time="0"/>
  <testcase classname="[827] numeroNatural=828, numeroRomano=DCCCXXVIII(testNumerosRomanos(int, String))" name="[827] numeroNatural=828, numeroRomano=DCCCXXVIII(testNumerosRomanos" time="0.003"/>
  <testcase classname="[828] numeroNatural=829, numeroRomano=DCCCXXIX(testNumerosRomanos(int, String))" name="[828] numeroNatural=829, numeroRomano=DCCCXXIX(testNumerosRomanos" time="0"/>
  <testcase classname="[829] numeroNatural=830, numeroRomano=DCCCXXX(testNumerosRomanos(int, String))" name="[829] numeroNatural=830, numeroRomano=DCCCXXX(testNumerosRomanos" time="0.001"/>
  <testcase classname="[830] numeroNatural=831, numeroRomano=DCCCXXXI(testNumerosRomanos(int, String))" name="[830] numeroNatural=831, numeroRomano=DCCCXXXI(testNumerosRomanos" time="0"/>
  <testcase classname="[831] numeroNatural=832, numeroRomano=DCCCXXXII(testNumerosRomanos(int, String))" name="[831] numeroNatural=832, numeroRomano=DCCCXXXII(testNumerosRomanos" time="0.001"/>
  <testcase classname="[832] numeroNatural=833, numeroRomano=DCCCXXXIII(testNumerosRomanos(int, String))" name="[832] numeroNatural=833, numeroRomano=DCCCXXXIII(testNumerosRomanos" time="0"/>
  <testcase classname="[833] numeroNatural=834, numeroRomano=DCCCXXXIV(testNumerosRomanos(int, String))" name="[833] numeroNatural=834, numeroRomano=DCCCXXXIV(testNumerosRomanos" time="0"/>
  <testcase classname="[834] numeroNatural=835, numeroRomano=DCCCXXXV(testNumerosRomanos(int, String))" name="[834] numeroNatural=835, numeroRomano=DCCCXXXV(testNumerosRomanos" time="0"/>
  <testcase classname="[835] numeroNatural=836, numeroRomano=DCCCXXXVI(testNumerosRomanos(int, String))" name="[835] numeroNatural=836, numeroRomano=DCCCXXXVI(testNumerosRomanos" time="0.004"/>
  <testcase classname="[836] numeroNatural=837, numeroRomano=DCCCXXXVII(testNumerosRomanos(int, String))" name="[836] numeroNatural=837, numeroRomano=DCCCXXXVII(testNumerosRomanos" time="0"/>
  <testcase classname="[837] numeroNatural=838, numeroRomano=DCCCXXXVIII(testNumerosRomanos(int, String))" name="[837] numeroNatural=838, numeroRomano=DCCCXXXVIII(testNumerosRomanos" time="0.004"/>
  <testcase classname="[838] numeroNatural=839, numeroRomano=DCCCXXXIX(testNumerosRomanos(int, String))" name="[838] numeroNatural=839, numeroRomano=DCCCXXXIX(testNumerosRomanos" time="0"/>
  <testcase classname="[839] numeroNatural=840, numeroRomano=DCCCXL(testNumerosRomanos(int, String))" name="[839] numeroNatural=840, numeroRomano=DCCCXL(testNumerosRomanos" time="0.004"/>
  <testcase classname="[840] numeroNatural=841, numeroRomano=DCCCXLI(testNumerosRomanos(int, String))" name="[840] numeroNatural=841, numeroRomano=DCCCXLI(testNumerosRomanos" time="0"/>
  <testcase classname="[841] numeroNatural=842, numeroRomano=DCCCXLII(testNumerosRomanos(int, String))" name="[841] numeroNatural=842, numeroRomano=DCCCXLII(testNumerosRomanos" time="0"/>
  <testcase classname="[842] numeroNatural=843, numeroRomano=DCCCXLIII(testNumerosRomanos(int, String))" name="[842] numeroNatural=843, numeroRomano=DCCCXLIII(testNumerosRomanos" time="0.001"/>
  <testcase classname="[843] numeroNatural=844, numeroRomano=DCCCXLIV(testNumerosRomanos(int, String))" name="[843] numeroNatural=844, numeroRomano=DCCCXLIV(testNumerosRomanos" time="0.001"/>
  <testcase classname="[844] numeroNatural=845, numeroRomano=DCCCXLV(testNumerosRomanos(int, String))" name="[844] numeroNatural=845, numeroRomano=DCCCXLV(testNumerosRomanos" time="0.001"/>
  <testcase classname="[845] numeroNatural=846, numeroRomano=DCCCXLVI(testNumerosRomanos(int, String))" name="[845] numeroNatural=846, numeroRomano=DCCCXLVI(testNumerosRomanos" time="0.001"/>
  <testcase classname="[846] numeroNatural=847, numeroRomano=DCCCXLVII(testNumerosRomanos(int, String))" name="[846] numeroNatural=847, numeroRomano=DCCCXLVII(testNumerosRomanos" time="0.001"/>
  <testcase classname="[847] numeroNatural=848, numeroRomano=DCCCXLVIII(testNumerosRomanos(int, String))" name="[847] numeroNatural=848, numeroRomano=DCCCXLVIII(testNumerosRomanos" time="0.001"/>
  <testcase classname="[848] numeroNatural=849, numeroRomano=DCCCXLIX(testNumerosRomanos(int, String))" name="[848] numeroNatural=849, numeroRomano=DCCCXLIX(testNumerosRomanos" time="0.005"/>
  <testcase classname="[849] numeroNatural=850, numeroRomano=DCCCL(testNumerosRomanos(int, String))" name="[849] numeroNatural=850, numeroRomano=DCCCL(testNumerosRomanos" time="0"/>
  <testcase classname="[850] numeroNatural=851, numeroRomano=DCCCLI(testNumerosRomanos(int, String))" name="[850] numeroNatural=851, numeroRomano=DCCCLI(testNumerosRomanos" time="0.001"/>
  <testcase classname="[851] numeroNatural=852, numeroRomano=DCCCLII(testNumerosRomanos(int, String))" name="[851] numeroNatural=852, numeroRomano=DCCCLII(testNumerosRomanos" time="0.001"/>
  <testcase classname="[852] numeroNatural=853, numeroRomano=DCCCLIII(testNumerosRomanos(int, String))" name="[852] numeroNatural=853, numeroRomano=DCCCLIII(testNumerosRomanos" time="0.001"/>
  <testcase classname="[853] numeroNatural=854, numeroRomano=DCCCLIV(testNumerosRomanos(int, String))" name="[853] numeroNatural=854, numeroRomano=DCCCLIV(testNumerosRomanos" time="0.001"/>
  <testcase classname="[854] numeroNatural=855, numeroRomano=DCCCLV(testNumerosRomanos(int, String))" name="[854] numeroNatural=855, numeroRomano=DCCCLV(testNumerosRomanos" time="0.001"/>
  <testcase classname="[855] numeroNatural=856, numeroRomano=DCCCLVI(testNumerosRomanos(int, String))" name="[855] numeroNatural=856, numeroRomano=DCCCLVI(testNumerosRomanos" time="0.001"/>
  <testcase classname="[856] numeroNatural=857, numeroRomano=DCCCLVII(testNumerosRomanos(int, String))" name="[856] numeroNatural=857, numeroRomano=DCCCLVII(testNumerosRomanos" time="0.004"/>
  <testcase classname="[857] numeroNatural=858, numeroRomano=DCCCLVIII(testNumerosRomanos(int, String))" name="[857] numeroNatural=858, numeroRomano=DCCCLVIII(testNumerosRomanos" time="0"/>
  <testcase classname="[858] numeroNatural=859, numeroRomano=DCCCLIX(testNumerosRomanos(int, String))" name="[858] numeroNatural=859, numeroRomano=DCCCLIX(testNumerosRomanos" time="0"/>
  <testcase classname="[859] numeroNatural=860, numeroRomano=DCCCLX(testNumerosRomanos(int, String))" name="[859] numeroNatural=860, numeroRomano=DCCCLX(testNumerosRomanos" time="0.001"/>
  <testcase classname="[860] numeroNatural=861, numeroRomano=DCCCLXI(testNumerosRomanos(int, String))" name="[860] numeroNatural=861, numeroRomano=DCCCLXI(testNumerosRomanos" time="0.001"/>
  <testcase classname="[861] numeroNatural=862, numeroRomano=DCCCLXII(testNumerosRomanos(int, String))" name="[861] numeroNatural=862, numeroRomano=DCCCLXII(testNumerosRomanos" time="0"/>
  <testcase classname="[862] numeroNatural=863, numeroRomano=DCCCLXIII(testNumerosRomanos(int, String))" name="[862] numeroNatural=863, numeroRomano=DCCCLXIII(testNumerosRomanos" time="0"/>
  <testcase classname="[863] numeroNatural=864, numeroRomano=DCCCLXIV(testNumerosRomanos(int, String))" name="[863] numeroNatural=864, numeroRomano=DCCCLXIV(testNumerosRomanos" time="0"/>
  <testcase classname="[864] numeroNatural=865, numeroRomano=DCCCLXV(testNumerosRomanos(int, String))" name="[864] numeroNatural=865, numeroRomano=DCCCLXV(testNumerosRomanos" time="0"/>
  <testcase classname="[865] numeroNatural=866, numeroRomano=DCCCLXVI(testNumerosRomanos(int, String))" name="[865] numeroNatural=866, numeroRomano=DCCCLXVI(testNumerosRomanos" time="0"/>
  <testcase classname="[866] numeroNatural=867, numeroRomano=DCCCLXVII(testNumerosRomanos(int, String))" name="[866] numeroNatural=867, numeroRomano=DCCCLXVII(testNumerosRomanos" time="0.001"/>
  <testcase classname="[867] numeroNatural=868, numeroRomano=DCCCLXVIII(testNumerosRomanos(int, String))" name="[867] numeroNatural=868, numeroRomano=DCCCLXVIII(testNumerosRomanos" time="0.002"/>
  <testcase classname="[868] numeroNatural=869, numeroRomano=DCCCLXIX(testNumerosRomanos(int, String))" name="[868] numeroNatural=869, numeroRomano=DCCCLXIX(testNumerosRomanos" time="0.002"/>
  <testcase classname="[869] numeroNatural=870, numeroRomano=DCCCLXX(testNumerosRomanos(int, String))" name="[869] numeroNatural=870, numeroRomano=DCCCLXX(testNumerosRomanos" time="0.001"/>
  <testcase classname="[870] numeroNatural=871, numeroRomano=DCCCLXXI(testNumerosRomanos(int, String))" name="[870] numeroNatural=871, numeroRomano=DCCCLXXI(testNumerosRomanos" time="0.001"/>
  <testcase classname="[871] numeroNatural=872, numeroRomano=DCCCLXXII(testNumerosRomanos(int, String))" name="[871] numeroNatural=872, numeroRomano=DCCCLXXII(testNumerosRomanos" time="0"/>
  <testcase classname="[872] numeroNatural=873, numeroRomano=DCCCLXXIII(testNumerosRomanos(int, String))" name="[872] numeroNatural=873, numeroRomano=DCCCLXXIII(testNumerosRomanos" time="0"/>
  <testcase classname="[873] numeroNatural=874, numeroRomano=DCCCLXXIV(testNumerosRomanos(int, String))" name="[873] numeroNatural=874, numeroRomano=DCCCLXXIV(testNumerosRomanos" time="0.001"/>
  <testcase classname="[874] numeroNatural=875, numeroRomano=DCCCLXXV(testNumerosRomanos(int, String))" name="[874] numeroNatural=875, numeroRomano=DCCCLXXV(testNumerosRomanos" time="0.001"/>
  <testcase classname="[875] numeroNatural=876, numeroRomano=DCCCLXXVI(testNumerosRomanos(int, String))" name="[875] numeroNatural=876, numeroRomano=DCCCLXXVI(testNumerosRomanos" time="0.001"/>
  <testcase classname="[876] numeroNatural=877, numeroRomano=DCCCLXXVII(testNumerosRomanos(int, String))" name="[876] numeroNatural=877, numeroRomano=DCCCLXXVII(testNumerosRomanos" time="0.001"/>
  <testcase classname="[877] numeroNatural=878, numeroRomano=DCCCLXXVIII(testNumerosRomanos(int, String))" name="[877] numeroNatural=878, numeroRomano=DCCCLXXVIII(testNumerosRomanos" time="0"/>
  <testcase classname="[878] numeroNatural=879, numeroRomano=DCCCLXXIX(testNumerosRomanos(int, String))" name="[878] numeroNatural=879, numeroRomano=DCCCLXXIX(testNumerosRomanos" time="0"/>
  <testcase classname="[879] numeroNatural=880, numeroRomano=DCCCLXXX(testNumerosRomanos(int, String))" name="[879] numeroNatural=880, numeroRomano=DCCCLXXX(testNumerosRomanos" time="0"/>
  <testcase classname="[880] numeroNatural=881, numeroRomano=DCCCLXXXI(testNumerosRomanos(int, String))" name="[880] numeroNatural=881, numeroRomano=DCCCLXXXI(testNumerosRomanos" time="0.001"/>
  <testcase classname="[881] numeroNatural=882, numeroRomano=DCCCLXXXII(testNumerosRomanos(int, String))" name="[881] numeroNatural=882, numeroRomano=DCCCLXXXII(testNumerosRomanos" time="0.001"/>
  <testcase classname="[882] numeroNatural=883, numeroRomano=DCCCLXXXIII(testNumerosRomanos(int, String))" name="[882] numeroNatural=883, numeroRomano=DCCCLXXXIII(testNumerosRomanos" time="0.001"/>
  <testcase classname="[883] numeroNatural=884, numeroRomano=DCCCLXXXIV(testNumerosRomanos(int, String))" name="[883] numeroNatural=884, numeroRomano=DCCCLXXXIV(testNumerosRomanos" time="0.001"/>
  <testcase classname="[884] numeroNatural=885, numeroRomano=DCCCLXXXV(testNumerosRomanos(int, String))" name="[884] numeroNatural=885, numeroRomano=DCCCLXXXV(testNumerosRomanos" time="0.001"/>
  <testcase classname="[885] numeroNatural=886, numeroRomano=DCCCLXXXVI(testNumerosRomanos(int, String))" name="[885] numeroNatural=886, numeroRomano=DCCCLXXXVI(testNumerosRomanos" time="0.001"/>
  <testcase classname="[886] numeroNatural=887, numeroRomano=DCCCLXXXVII(testNumerosRomanos(int, String))" name="[886] numeroNatural=887, numeroRomano=DCCCLXXXVII(testNumerosRomanos" time="0"/>
  <testcase classname="[887] numeroNatural=888, numeroRomano=DCCCLXXXVIII(testNumerosRomanos(int, String))" name="[887] numeroNatural=888, numeroRomano=DCCCLXXXVIII(testNumerosRomanos" time="0"/>
  <testcase classname="[888] numeroNatural=889, numeroRomano=DCCCLXXXIX(testNumerosRomanos(int, String))" name="[888] numeroNatural=889, numeroRomano=DCCCLXXXIX(testNumerosRomanos" time="0"/>
  <testcase classname="[889] numeroNatural=890, numeroRomano=DCCCXC(testNumerosRomanos(int, String))" name="[889] numeroNatural=890, numeroRomano=DCCCXC(testNumerosRomanos" time="0.004"/>
  <testcase classname="[890] numeroNatural=891, numeroRomano=DCCCXCI(testNumerosRomanos(int, String))" name="[890] numeroNatural=891, numeroRomano=DCCCXCI(testNumerosRomanos" time="0.001"/>
  <testcase classname="[891] numeroNatural=892, numeroRomano=DCCCXCII(testNumerosRomanos(int, String))" name="[891] numeroNatural=892, numeroRomano=DCCCXCII(testNumerosRomanos" time="0.001"/>
  <testcase classname="[892] numeroNatural=893, numeroRomano=DCCCXCIII(testNumerosRomanos(int, String))" name="[892] numeroNatural=893, numeroRomano=DCCCXCIII(testNumerosRomanos" time="0.002"/>
  <testcase classname="[893] numeroNatural=894, numeroRomano=DCCCXCIV(testNumerosRomanos(int, String))" name="[893] numeroNatural=894, numeroRomano=DCCCXCIV(testNumerosRomanos" time="0.001"/>
  <testcase classname="[894] numeroNatural=895, numeroRomano=DCCCXCV(testNumerosRomanos(int, String))" name="[894] numeroNatural=895, numeroRomano=DCCCXCV(testNumerosRomanos" time="0"/>
  <testcase classname="[895] numeroNatural=896, numeroRomano=DCCCXCVI(testNumerosRomanos(int, String))" name="[895] numeroNatural=896, numeroRomano=DCCCXCVI(testNumerosRomanos" time="0"/>
  <testcase classname="[896] numeroNatural=897, numeroRomano=DCCCXCVII(testNumerosRomanos(int, String))" name="[896] numeroNatural=897, numeroRomano=DCCCXCVII(testNumerosRomanos" time="0"/>
  <testcase classname="[897] numeroNatural=898, numeroRomano=DCCCXCVIII(testNumerosRomanos(int, String))" name="[897] numeroNatural=898, numeroRomano=DCCCXCVIII(testNumerosRomanos" time="0.001"/>
  <testcase classname="[898] numeroNatural=899, numeroRomano=DCCCXCIX(testNumerosRomanos(int, String))" name="[898] numeroNatural=899, numeroRomano=DCCCXCIX(testNumerosRomanos" time="0.002"/>
  <testcase classname="[899] numeroNatural=900, numeroRomano=CM(testNumerosRomanos(int, String))" name="[899] numeroNatural=900, numeroRomano=CM(testNumerosRomanos" time="0.002"/>
  <testcase classname="[900] numeroNatural=901, numeroRomano=CMI(testNumerosRomanos(int, String))" name="[900] numeroNatural=901, numeroRomano=CMI(testNumerosRomanos" time="0"/>
  <testcase classname="[901] numeroNatural=902, numeroRomano=CMII(testNumerosRomanos(int, String))" name="[901] numeroNatural=902, numeroRomano=CMII(testNumerosRomanos" time="0"/>
  <testcase classname="[902] numeroNatural=903, numeroRomano=CMIII(testNumerosRomanos(int, String))" name="[902] numeroNatural=903, numeroRomano=CMIII(testNumerosRomanos" time="0"/>
  <testcase classname="[903] numeroNatural=904, numeroRomano=CMIV(testNumerosRomanos(int, String))" name="[903] numeroNatural=904, numeroRomano=CMIV(testNumerosRomanos" time="0"/>
  <testcase classname="[904] numeroNatural=905, numeroRomano=CMV(testNumerosRomanos(int, String))" name="[904] numeroNatural=905, numeroRomano=CMV(testNumerosRomanos" time="0"/>
  <testcase classname="[905] numeroNatural=906, numeroRomano=CMVI(testNumerosRomanos(int, String))" name="[905] numeroNatural=906, numeroRomano=CMVI(testNumerosRomanos" time="0"/>
  <testcase classname="[906] numeroNatural=907, numeroRomano=CMVII(testNumerosRomanos(int, String))" name="[906] numeroNatural=907, numeroRomano=CMVII(testNumerosRomanos" time="0.001"/>
  <testcase classname="[907] numeroNatural=908, numeroRomano=CMVIII(testNumerosRomanos(int, String))" name="[907] numeroNatural=908, numeroRomano=CMVIII(testNumerosRomanos" time="0.001"/>
  <testcase classname="[908] numeroNatural=909, numeroRomano=CMIX(testNumerosRomanos(int, String))" name="[908] numeroNatural=909, numeroRomano=CMIX(testNumerosRomanos" time="0"/>
  <testcase classname="[909] numeroNatural=910, numeroRomano=CMX(testNumerosRomanos(int, String))" name="[909] numeroNatural=910, numeroRomano=CMX(testNumerosRomanos" time="0"/>
  <testcase classname="[910] numeroNatural=911, numeroRomano=CMXI(testNumerosRomanos(int, String))" name="[910] numeroNatural=911, numeroRomano=CMXI(testNumerosRomanos" time="0"/>
  <testcase classname="[911] numeroNatural=912, numeroRomano=CMXII(testNumerosRomanos(int, String))" name="[911] numeroNatural=912, numeroRomano=CMXII(testNumerosRomanos" time="0"/>
  <testcase classname="[912] numeroNatural=913, numeroRomano=CMXIII(testNumerosRomanos(int, String))" name="[912] numeroNatural=913, numeroRomano=CMXIII(testNumerosRomanos" time="0"/>
  <testcase classname="[913] numeroNatural=914, numeroRomano=CMXIV(testNumerosRomanos(int, String))" name="[913] numeroNatural=914, numeroRomano=CMXIV(testNumerosRomanos" time="0.001"/>
  <testcase classname="[914] numeroNatural=915, numeroRomano=CMXV(testNumerosRomanos(int, String))" name="[914] numeroNatural=915, numeroRomano=CMXV(testNumerosRomanos" time="0.001"/>
  <testcase classname="[915] numeroNatural=916, numeroRomano=CMXVI(testNumerosRomanos(int, String))" name="[915] numeroNatural=916, numeroRomano=CMXVI(testNumerosRomanos" time="0"/>
  <testcase classname="[916] numeroNatural=917, numeroRomano=CMXVII(testNumerosRomanos(int, String))" name="[916] numeroNatural=917, numeroRomano=CMXVII(testNumerosRomanos" time="0.001"/>
  <testcase classname="[917] numeroNatural=918, numeroRomano=CMXVIII(testNumerosRomanos(int, String))" name="[917] numeroNatural=918, numeroRomano=CMXVIII(testNumerosRomanos" time="0.001"/>
  <testcase classname="[918] numeroNatural=919, numeroRomano=CMXIX(testNumerosRomanos(int, String))" name="[918] numeroNatural=919, numeroRomano=CMXIX(testNumerosRomanos" time="0.001"/>
  <testcase classname="[919] numeroNatural=920, numeroRomano=CMXX(testNumerosRomanos(int, String))" name="[919] numeroNatural=920, numeroRomano=CMXX(testNumerosRomanos" time="0"/>
  <testcase classname="[920] numeroNatural=921, numeroRomano=CMXXI(testNumerosRomanos(int, String))" name="[920] numeroNatural=921, numeroRomano=CMXXI(testNumerosRomanos" time="0.001"/>
  <testcase classname="[921] numeroNatural=922, numeroRomano=CMXXII(testNumerosRomanos(int, String))" name="[921] numeroNatural=922, numeroRomano=CMXXII(testNumerosRomanos" time="0"/>
  <testcase classname="[922] numeroNatural=923, numeroRomano=CMXXIII(testNumerosRomanos(int, String))" name="[922] numeroNatural=923, numeroRomano=CMXXIII(testNumerosRomanos" time="0.001"/>
  <testcase classname="[923] numeroNatural=924, numeroRomano=CMXXIV(testNumerosRomanos(int, String))" name="[923] numeroNatural=924, numeroRomano=CMXXIV(testNumerosRomanos" time="0"/>
  <testcase classname="[924] numeroNatural=925, numeroRomano=CMXXV(testNumerosRomanos(int, String))" name="[924] numeroNatural=925, numeroRomano=CMXXV(testNumerosRomanos" time="0.001"/>
  <testcase classname="[925] numeroNatural=926, numeroRomano=CMXXVI(testNumerosRomanos(int, String))" name="[925] numeroNatural=926, numeroRomano=CMXXVI(testNumerosRomanos" time="0"/>
  <testcase classname="[926] numeroNatural=927, numeroRomano=CMXXVII(testNumerosRomanos(int, String))" name="[926] numeroNatural=927, numeroRomano=CMXXVII(testNumerosRomanos" time="0"/>
  <testcase classname="[927] numeroNatural=928, numeroRomano=CMXXVIII(testNumerosRomanos(int, String))" name="[927] numeroNatural=928, numeroRomano=CMXXVIII(testNumerosRomanos" time="0.002"/>
  <testcase classname="[928] numeroNatural=929, numeroRomano=CMXXIX(testNumerosRomanos(int, String))" name="[928] numeroNatural=929, numeroRomano=CMXXIX(testNumerosRomanos" time="0.001"/>
  <testcase classname="[929] numeroNatural=930, numeroRomano=CMXXX(testNumerosRomanos(int, String))" name="[929] numeroNatural=930, numeroRomano=CMXXX(testNumerosRomanos" time="0.001"/>
  <testcase classname="[930] numeroNatural=931, numeroRomano=CMXXXI(testNumerosRomanos(int, String))" name="[930] numeroNatural=931, numeroRomano=CMXXXI(testNumerosRomanos" time="0.001"/>
  <testcase classname="[931] numeroNatural=932, numeroRomano=CMXXXII(testNumerosRomanos(int, String))" name="[931] numeroNatural=932, numeroRomano=CMXXXII(testNumerosRomanos" time="0.001"/>
  <testcase classname="[932] numeroNatural=933, numeroRomano=CMXXXIII(testNumerosRomanos(int, String))" name="[932] numeroNatural=933, numeroRomano=CMXXXIII(testNumerosRomanos" time="0.001"/>
  <testcase classname="[933] numeroNatural=934, numeroRomano=CMXXXIV(testNumerosRomanos(int, String))" name="[933] numeroNatural=934, numeroRomano=CMXXXIV(testNumerosRomanos" time="0.001"/>
  <testcase classname="[934] numeroNatural=935, numeroRomano=CMXXXV(testNumerosRomanos(int, String))" name="[934] numeroNatural=935, numeroRomano=CMXXXV(testNumerosRomanos" time="0.001"/>
  <testcase classname="[935] numeroNatural=936, numeroRomano=CMXXXVI(testNumerosRomanos(int, String))" name="[935] numeroNatural=936, numeroRomano=CMXXXVI(testNumerosRomanos" time="0.001"/>
  <testcase classname="[936] numeroNatural=937, numeroRomano=CMXXXVII(testNumerosRomanos(int, String))" name="[936] numeroNatural=937, numeroRomano=CMXXXVII(testNumerosRomanos" time="0"/>
  <testcase classname="[937] numeroNatural=938, numeroRomano=CMXXXVIII(testNumerosRomanos(int, String))" name="[937] numeroNatural=938, numeroRomano=CMXXXVIII(testNumerosRomanos" time="0"/>
  <testcase classname="[938] numeroNatural=939, numeroRomano=CMXXXIX(testNumerosRomanos(int, String))" name="[938] numeroNatural=939, numeroRomano=CMXXXIX(testNumerosRomanos" time="0"/>
  <testcase classname="[939] numeroNatural=940, numeroRomano=CMXL(testNumerosRomanos(int, String))" name="[939] numeroNatural=940, numeroRomano=CMXL(testNumerosRomanos" time="0.001"/>
  <testcase classname="[940] numeroNatural=941, numeroRomano=CMXLI(testNumerosRomanos(int, String))" name="[940] numeroNatural=941, numeroRomano=CMXLI(testNumerosRomanos" time="0.001"/>
  <testcase classname="[941] numeroNatural=942, numeroRomano=CMXLII(testNumerosRomanos(int, String))" name="[941] numeroNatural=942, numeroRomano=CMXLII(testNumerosRomanos" time="0.001"/>
  <testcase classname="[942] numeroNatural=943, numeroRomano=CMXLIII(testNumerosRomanos(int, String))" name="[942] numeroNatural=943, numeroRomano=CMXLIII(testNumerosRomanos" time="0"/>
  <testcase classname="[943] numeroNatural=944, numeroRomano=CMXLIV(testNumerosRomanos(int, String))" name="[943] numeroNatural=944, numeroRomano=CMXLIV(testNumerosRomanos" time="0.001"/>
  <testcase classname="[944] numeroNatural=945, numeroRomano=CMXLV(testNumerosRomanos(int, String))" name="[944] numeroNatural=945, numeroRomano=CMXLV(testNumerosRomanos" time="0.001"/>
  <testcase classname="[945] numeroNatural=946, numeroRomano=CMXLVI(testNumerosRomanos(int, String))" name="[945] numeroNatural=946, numeroRomano=CMXLVI(testNumerosRomanos" time="0"/>
  <testcase classname="[946] numeroNatural=947, numeroRomano=CMXLVII(testNumerosRomanos(int, String))" name="[946] numeroNatural=947, numeroRomano=CMXLVII(testNumerosRomanos" time="0.001"/>
  <testcase classname="[947] numeroNatural=948, numeroRomano=CMXLVIII(testNumerosRomanos(int, String))" name="[947] numeroNatural=948, numeroRomano=CMXLVIII(testNumerosRomanos" time="0"/>
  <testcase classname="[948] numeroNatural=949, numeroRomano=CMXLIX(testNumerosRomanos(int, String))" name="[948] numeroNatural=949, numeroRomano=CMXLIX(testNumerosRomanos" time="0"/>
  <testcase classname="[949] numeroNatural=950, numeroRomano=CML(testNumerosRomanos(int, String))" name="[949] numeroNatural=950, numeroRomano=CML(testNumerosRomanos" time="0.001"/>
  <testcase classname="[950] numeroNatural=951, numeroRomano=CMLI(testNumerosRomanos(int, String))" name="[950] numeroNatural=951, numeroRomano=CMLI(testNumerosRomanos" time="0"/>
  <testcase classname="[951] numeroNatural=952, numeroRomano=CMLII(testNumerosRomanos(int, String))" name="[951] numeroNatural=952, numeroRomano=CMLII(testNumerosRomanos" time="0.001"/>
  <testcase classname="[952] numeroNatural=953, numeroRomano=CMLIII(testNumerosRomanos(int, String))" name="[952] numeroNatural=953, numeroRomano=CMLIII(testNumerosRomanos" time="0"/>
  <testcase classname="[953] numeroNatural=954, numeroRomano=CMLIV(testNumerosRomanos(int, String))" name="[953] numeroNatural=954, numeroRomano=CMLIV(testNumerosRomanos" time="0"/>
  <testcase classname="[954] numeroNatural=955, numeroRomano=CMLV(testNumerosRomanos(int, String))" name="[954] numeroNatural=955, numeroRomano=CMLV(testNumerosRomanos" time="0"/>
  <testcase classname="[955] numeroNatural=956, numeroRomano=CMLVI(testNumerosRomanos(int, String))" name="[955] numeroNatural=956, numeroRomano=CMLVI(testNumerosRomanos" time="0.001"/>
  <testcase classname="[956] numeroNatural=957, numeroRomano=CMLVII(testNumerosRomanos(int, String))" name="[956] numeroNatural=957, numeroRomano=CMLVII(testNumerosRomanos" time="0.001"/>
  <testcase classname="[957] numeroNatural=958, numeroRomano=CMLVIII(testNumerosRomanos(int, String))" name="[957] numeroNatural=958, numeroRomano=CMLVIII(testNumerosRomanos" time="0"/>
  <testcase classname="[958] numeroNatural=959, numeroRomano=CMLIX(testNumerosRomanos(int, String))" name="[958] numeroNatural=959, numeroRomano=CMLIX(testNumerosRomanos" time="0.001"/>
  <testcase classname="[959] numeroNatural=960, numeroRomano=CMLX(testNumerosRomanos(int, String))" name="[959] numeroNatural=960, numeroRomano=CMLX(testNumerosRomanos" time="0.001"/>
  <testcase classname="[960] numeroNatural=961, numeroRomano=CMLXI(testNumerosRomanos(int, String))" name="[960] numeroNatural=961, numeroRomano=CMLXI(testNumerosRomanos" time="0.001"/>
  <testcase classname="[961] numeroNatural=962, numeroRomano=CMLXII(testNumerosRomanos(int, String))" name="[961] numeroNatural=962, numeroRomano=CMLXII(testNumerosRomanos" time="0"/>
  <testcase classname="[962] numeroNatural=963, numeroRomano=CMLXIII(testNumerosRomanos(int, String))" name="[962] numeroNatural=963, numeroRomano=CMLXIII(testNumerosRomanos" time="0"/>
  <testcase classname="[963] numeroNatural=964, numeroRomano=CMLXIV(testNumerosRomanos(int, String))" name="[963] numeroNatural=964, numeroRomano=CMLXIV(testNumerosRomanos" time="0.004"/>
  <testcase classname="[964] numeroNatural=965, numeroRomano=CMLXV(testNumerosRomanos(int, String))" name="[964] numeroNatural=965, numeroRomano=CMLXV(testNumerosRomanos" time="0"/>
  <testcase classname="[965] numeroNatural=966, numeroRomano=CMLXVI(testNumerosRomanos(int, String))" name="[965] numeroNatural=966, numeroRomano=CMLXVI(testNumerosRomanos" time="0.001"/>
  <testcase classname="[966] numeroNatural=967, numeroRomano=CMLXVII(testNumerosRomanos(int, String))" name="[966] numeroNatural=967, numeroRomano=CMLXVII(testNumerosRomanos" time="0.001"/>
  <testcase classname="[967] numeroNatural=968, numeroRomano=CMLXVIII(testNumerosRomanos(int, String))" name="[967] numeroNatural=968, numeroRomano=CMLXVIII(testNumerosRomanos" time="0.001"/>
  <testcase classname="[968] numeroNatural=969, numeroRomano=CMLXIX(testNumerosRomanos(int, String))" name="[968] numeroNatural=969, numeroRomano=CMLXIX(testNumerosRomanos" time="0.001"/>
  <testcase classname="[969] numeroNatural=970, numeroRomano=CMLXX(testNumerosRomanos(int, String))" name="[969] numeroNatural=970, numeroRomano=CMLXX(testNumerosRomanos" time="0"/>
  <testcase classname="[970] numeroNatural=971, numeroRomano=CMLXXI(testNumerosRomanos(int, String))" name="[970] numeroNatural=971, numeroRomano=CMLXXI(testNumerosRomanos" time="0"/>
  <testcase classname="[971] numeroNatural=972, numeroRomano=CMLXXII(testNumerosRomanos(int, String))" name="[971] numeroNatural=972, numeroRomano=CMLXXII(testNumerosRomanos" time="0.001"/>
  <testcase classname="[972] numeroNatural=973, numeroRomano=CMLXXIII(testNumerosRomanos(int, String))" name="[972] numeroNatural=973, numeroRomano=CMLXXIII(testNumerosRomanos" time="0.004"/>
  <testcase classname="[973] numeroNatural=974, numeroRomano=CMLXXIV(testNumerosRomanos(int, String))" name="[973] numeroNatural=974, numeroRomano=CMLXXIV(testNumerosRomanos" time="0.001"/>
  <testcase classname="[974] numeroNatural=975, numeroRomano=CMLXXV(testNumerosRomanos(int, String))" name="[974] numeroNatural=975, numeroRomano=CMLXXV(testNumerosRomanos" time="0.001"/>
  <testcase classname="[975] numeroNatural=976, numeroRomano=CMLXXVI(testNumerosRomanos(int, String))" name="[975] numeroNatural=976, numeroRomano=CMLXXVI(testNumerosRomanos" time="0.001"/>
  <testcase classname="[976] numeroNatural=977, numeroRomano=CMLXXVII(testNumerosRomanos(int, String))" name="[976] numeroNatural=977, numeroRomano=CMLXXVII(testNumerosRomanos" time="0.001"/>
  <testcase classname="[977] numeroNatural=978, numeroRomano=CMLXXVIII(testNumerosRomanos(int, String))" name="[977] numeroNatural=978, numeroRomano=CMLXXVIII(testNumerosRomanos" time="0.001"/>
  <testcase classname="[978] numeroNatural=979, numeroRomano=CMLXXIX(testNumerosRomanos(int, String))" name="[978] numeroNatural=979, numeroRomano=CMLXXIX(testNumerosRomanos" time="0.001"/>
  <testcase classname="[979] numeroNatural=980, numeroRomano=CMLXXX(testNumerosRomanos(int, String))" name="[979] numeroNatural=980, numeroRomano=CMLXXX(testNumerosRomanos" time="0.001"/>
  <testcase classname="[980] numeroNatural=981, numeroRomano=CMLXXXI(testNumerosRomanos(int, String))" name="[980] numeroNatural=981, numeroRomano=CMLXXXI(testNumerosRomanos" time="0.001"/>
  <testcase classname="[981] numeroNatural=982, numeroRomano=CMLXXXII(testNumerosRomanos(int, String))" name="[981] numeroNatural=982, numeroRomano=CMLXXXII(testNumerosRomanos" time="0.001"/>
  <testcase classname="[982] numeroNatural=983, numeroRomano=CMLXXXIII(testNumerosRomanos(int, String))" name="[982] numeroNatural=983, numeroRomano=CMLXXXIII(testNumerosRomanos" time="0"/>
  <testcase classname="[983] numeroNatural=984, numeroRomano=CMLXXXIV(testNumerosRomanos(int, String))" name="[983] numeroNatural=984, numeroRomano=CMLXXXIV(testNumerosRomanos" time="0.001"/>
  <testcase classname="[984] numeroNatural=985, numeroRomano=CMLXXXV(testNumerosRomanos(int, String))" name="[984] numeroNatural=985, numeroRomano=CMLXXXV(testNumerosRomanos" time="0.001"/>
  <testcase classname="[985] numeroNatural=986, numeroRomano=CMLXXXVI(testNumerosRomanos(int, String))" name="[985] numeroNatural=986, numeroRomano=CMLXXXVI(testNumerosRomanos" time="0.001"/>
  <testcase classname="[986] numeroNatural=987, numeroRomano=CMLXXXVII(testNumerosRomanos(int, String))" name="[986] numeroNatural=987, numeroRomano=CMLXXXVII(testNumerosRomanos" time="0.002"/>
  <testcase classname="[987] numeroNatural=988, numeroRomano=CMLXXXVIII(testNumerosRomanos(int, String))" name="[987] numeroNatural=988, numeroRomano=CMLXXXVIII(testNumerosRomanos" time="0.001"/>
  <testcase classname="[988] numeroNatural=989, numeroRomano=CMLXXXIX(testNumerosRomanos(int, String))" name="[988] numeroNatural=989, numeroRomano=CMLXXXIX(testNumerosRomanos" time="0.001"/>
  <testcase classname="[989] numeroNatural=990, numeroRomano=CMXC(testNumerosRomanos(int, String))" name="[989] numeroNatural=990, numeroRomano=CMXC(testNumerosRomanos" time="0.001"/>
  <testcase classname="[990] numeroNatural=991, numeroRomano=CMXCI(testNumerosRomanos(int, String))" name="[990] numeroNatural=991, numeroRomano=CMXCI(testNumerosRomanos" time="0.001"/>
  <testcase classname="[991] numeroNatural=992, numeroRomano=CMXCII(testNumerosRomanos(int, String))" name="[991] numeroNatural=992, numeroRomano=CMXCII(testNumerosRomanos" time="0.001"/>
  <testcase classname="[992] numeroNatural=993, numeroRomano=CMXCIII(testNumerosRomanos(int, String))" name="[992] numeroNatural=993, numeroRomano=CMXCIII(testNumerosRomanos" time="0.001"/>
  <testcase classname="[993] numeroNatural=994, numeroRomano=CMXCIV(testNumerosRomanos(int, String))" name="[993] numeroNatural=994, numeroRomano=CMXCIV(testNumerosRomanos" time="0.001"/>
  <testcase classname="[994] numeroNatural=995, numeroRomano=CMXCV(testNumerosRomanos(int, String))" name="[994] numeroNatural=995, numeroRomano=CMXCV(testNumerosRomanos" time="0.001"/>
  <testcase classname="[995] numeroNatural=996, numeroRomano=CMXCVI(testNumerosRomanos(int, String))" name="[995] numeroNatural=996, numeroRomano=CMXCVI(testNumerosRomanos" time="0.001"/>
  <testcase classname="[996] numeroNatural=997, numeroRomano=CMXCVII(testNumerosRomanos(int, String))" name="[996] numeroNatural=997, numeroRomano=CMXCVII(testNumerosRomanos" time="0"/>
  <testcase classname="[997] numeroNatural=998, numeroRomano=CMXCVIII(testNumerosRomanos(int, String))" name="[997] numeroNatural=998, numeroRomano=CMXCVIII(testNumerosRomanos" time="0"/>
  <testcase classname="[998] numeroNatural=999, numeroRomano=CMXCIX(testNumerosRomanos(int, String))" name="[998] numeroNatural=999, numeroRomano=CMXCIX(testNumerosRomanos" time="0.001"/>
  <testcase classname="[999] numeroNatural=1000, numeroRomano=M(testNumerosRomanos(int, String))" name="[999] numeroNatural=1000, numeroRomano=M(testNumerosRomanos" time="0.001"/>
</testsuite>